FreeBASIC.url
FreeBASIC_forum.url
changelog.txt
fbc.exe
fblogo.ico
migrating.txt
readme.txt
start_shell.exe
bin/win32/GoRC.exe
bin/win32/ar.exe
bin/win32/as.exe
bin/win32/dlltool.exe
bin/win32/gdb.exe
bin/win32/i386pe.x
bin/win32/ld.exe
bin/win32/res/fblogo.ico
bin/win32/res/fblogo.obj
bin/win32/res/fblogo.rc
docs/GoRC.txt
docs/gpl.txt
docs/lgpl.txt
examples/Allegro/dialog.bas
examples/Allegro/hello.bas
examples/Allegro/mouse.bas
examples/Allegro/stars.bas
examples/Allegro/timer.bas
examples/CGUI/hello.bas
examples/Curl/CHttp/CHttp.bas
examples/Curl/CHttp/CHttp.bi
examples/Curl/CHttp/CHttpForm.bas
examples/Curl/CHttp/CHttpForm.bi
examples/Curl/CHttp/CHttpStream.bas
examples/Curl/CHttp/CHttpStream.bi
examples/Curl/CHttp/test.bas
examples/Curl/http_get.bas
examples/DB/mysql_test.bas
examples/DB/sqlite_test.bas
examples/DB/test.db
examples/GL/NeHe/3Dobject.bi
examples/GL/NeHe/bmpload.bi
examples/GL/NeHe/createtex.bi
examples/GL/NeHe/data/BG.bmp
examples/GL/NeHe/data/Ball.bmp
examples/GL/NeHe/data/Base.bmp
examples/GL/NeHe/data/BlueFace.tga
examples/GL/NeHe/data/Bucket.tga
examples/GL/NeHe/data/Bump.bmp
examples/GL/NeHe/data/Bumps.bmp
examples/GL/NeHe/data/Coke.tga
examples/GL/NeHe/data/Compressed.tga
examples/GL/NeHe/data/Crate.bmp
examples/GL/NeHe/data/Crosshair.tga
examples/GL/NeHe/data/Cube.bmp
examples/GL/NeHe/data/Envroll.bmp
examples/GL/NeHe/data/Envwall.bmp
examples/GL/NeHe/data/Explode.tga
examples/GL/NeHe/data/Font.bmp
examples/GL/NeHe/data/Font.tga
examples/GL/NeHe/data/GL.raw
examples/GL/NeHe/data/Glass.bmp
examples/GL/NeHe/data/Ground.tga
examples/GL/NeHe/data/Image1.bmp
examples/GL/NeHe/data/Image2.bmp
examples/GL/NeHe/data/Logo.bmp
examples/GL/NeHe/data/Mask1.bmp
examples/GL/NeHe/data/Mask2.bmp
examples/GL/NeHe/data/Model.ms3d
examples/GL/NeHe/data/Monitor.raw
examples/GL/NeHe/data/Mud.bmp
examples/GL/NeHe/data/Multi_On.bmp
examples/GL/NeHe/data/Multi_On_Alpha.bmp
examples/GL/NeHe/data/NeHe.bmp
examples/GL/NeHe/data/Object2.txt
examples/GL/NeHe/data/OpenGL.bmp
examples/GL/NeHe/data/OpenGL_Alpha.bmp
examples/GL/NeHe/data/Reflect.bmp
examples/GL/NeHe/data/Shot.wav
examples/GL/NeHe/data/Sky.tga
examples/GL/NeHe/data/Sphere.txt
examples/GL/NeHe/data/Star.bmp
examples/GL/NeHe/data/Target.tga
examples/GL/NeHe/data/Terrain.raw
examples/GL/NeHe/data/Tim.bmp
examples/GL/NeHe/data/Torus.txt
examples/GL/NeHe/data/Tube.txt
examples/GL/NeHe/data/Uncompressed.tga
examples/GL/NeHe/data/Vase.tga
examples/GL/NeHe/data/Wall.bmp
examples/GL/NeHe/data/Wood.bmp
examples/GL/NeHe/data/World.txt
examples/GL/NeHe/data/colpatt.bmp
examples/GL/NeHe/data/particle.bmp
examples/GL/NeHe/lesson05.bas
examples/GL/NeHe/lesson06.bas
examples/GL/NeHe/lesson07.bas
examples/GL/NeHe/lesson08.bas
examples/GL/NeHe/lesson09.bas
examples/GL/NeHe/lesson10.bas
examples/GL/NeHe/lesson11.bas
examples/GL/NeHe/lesson12.bas
examples/GL/NeHe/lesson16.bas
examples/GL/NeHe/lesson17.bas
examples/GL/NeHe/lesson18.bas
examples/GL/NeHe/lesson19.bas
examples/GL/NeHe/lesson20.bas
examples/GL/NeHe/lesson21.bas
examples/GL/NeHe/lesson22.bas
examples/GL/NeHe/lesson23.bas
examples/GL/NeHe/lesson24.bas
examples/GL/NeHe/lesson25.bas
examples/GL/NeHe/lesson26.bas
examples/GL/NeHe/lesson27.bas
examples/GL/NeHe/lesson28.bas
examples/GL/NeHe/lesson29.bas
examples/GL/NeHe/lesson31.bas
examples/GL/NeHe/lesson32.bas
examples/GL/NeHe/lesson33.bas
examples/GL/NeHe/lesson34.bas
examples/GL/NeHe/lesson36.bas
examples/GL/NeHe/milkshapemodel.bi
examples/GL/NeHe/tgaloader.bi
examples/GL/fbgfx_opengl.bas
examples/GL/fbgfx_texture.bas
examples/GL/gl_test.bas
examples/GL/glext_test.bas
examples/GL/glfw_splitview.bas
examples/GL/glu_quadrics.bas
examples/GL/terrain.bmp
examples/GMP/power.bas
examples/GSL/matrix_test.bas
examples/Gtk/Tutorials/arrow.bas
examples/Gtk/Tutorials/aspectframe.bas
examples/Gtk/Tutorials/base.bas
examples/Gtk/Tutorials/buttonbox.bas
examples/Gtk/Tutorials/buttons.bas
examples/Gtk/Tutorials/calendar.bas
examples/Gtk/Tutorials/clist.bas
examples/Gtk/Tutorials/colorsel.bas
examples/Gtk/Tutorials/entry.bas
examples/Gtk/Tutorials/eventbox.bas
examples/Gtk/Tutorials/filesel.bas
examples/Gtk/Tutorials/fixed.bas
examples/Gtk/Tutorials/frame.bas
examples/Gtk/Tutorials/helloworld.bas
examples/Gtk/Tutorials/helloworld2.bas
examples/Gtk/Tutorials/info.xpm
examples/Gtk/Tutorials/label.bas
examples/Gtk/Tutorials/list.bas
examples/Gtk/Tutorials/menu.bas
examples/Gtk/Tutorials/notebook.bas
examples/Gtk/Tutorials/packbox.bas
examples/Gtk/Tutorials/paned.bas
examples/Gtk/Tutorials/pixmap.bas
examples/Gtk/Tutorials/progressbar.bas
examples/Gtk/Tutorials/radiobuttons.bas
examples/Gtk/Tutorials/rangewidgets.bas
examples/Gtk/Tutorials/rulers.bas
examples/Gtk/Tutorials/scribble-simple.bas
examples/Gtk/Tutorials/scrolledwin.bas
examples/Gtk/Tutorials/spinbutton.bas
examples/Gtk/Tutorials/statusbar.bas
examples/Gtk/Tutorials/table.bas
examples/Gtk/Tutorials/text.bas
examples/Gtk/Tutorials/tree.bas
examples/Gtk/combo_test.bas
examples/Gtk/filechooser_test.bas
examples/Gtk/gdk_image.bas
examples/Gtk/glade-xml.bas
examples/Gtk/glade_gui.bas
examples/Gtk/glade_gui.xml
examples/Gtk/opengl_button.bas
examples/Gtk/test.xml
examples/Gtk/text_buffer.bas
examples/IUP/buttons.bas
examples/IUP/color.bas
examples/IUP/frame.bas
examples/IUP/message.bas
examples/Lua/minmax.bas
examples/Lua/minmax.lua
examples/SDL/cdrom.bas
examples/SDL/data/Vera.ttf
examples/SDL/data/basic.gif
examples/SDL/data/free.jpg
examples/SDL/data/horse.tga
examples/SDL/data/music.ogg
examples/SDL/data/phaser.wav
examples/SDL/events.bas
examples/SDL/gfx_line.bas
examples/SDL/image_test1.bas
examples/SDL/image_test2.bas
examples/SDL/keymouse.bas
examples/SDL/mouse.bas
examples/SDL/music_test1.bas
examples/SDL/music_test2.bas
examples/SDL/net_httpget.bas
examples/SDL/opengl.bas
examples/SDL/pixel.bas
examples/SDL/timer.bas
examples/SDL/ttf.bas
examples/SDL/video_info.bas
examples/Windows/COM/D3DX/Meshes/meshes.bas
examples/Windows/COM/D3DX/Meshes/tiger.jpg
examples/Windows/COM/D3DX/Meshes/tiger.x
examples/Windows/COM/MoviePlayer/movctrl/CMovie.bas
examples/Windows/COM/MoviePlayer/movctrl/CMovie.bi
examples/Windows/COM/MoviePlayer/movctrl/Makefile
examples/Windows/COM/MoviePlayer/movctrl/movctrl.bas
examples/Windows/COM/MoviePlayer/movctrl/movctrl.bi
examples/Windows/COM/MoviePlayer/movctrl/obj/deleteme.txt
examples/Windows/COM/MoviePlayer/test.bas
examples/Windows/COM/WebBrowser/frameset.html
examples/Windows/COM/WebBrowser/lframe.html
examples/Windows/COM/WebBrowser/test.bas
examples/Windows/COM/WebBrowser/webctrl/CBrowser.bas
examples/Windows/COM/WebBrowser/webctrl/CBrowser.bi
examples/Windows/COM/WebBrowser/webctrl/CClientSite.bas
examples/Windows/COM/WebBrowser/webctrl/CClientSite.bi
examples/Windows/COM/WebBrowser/webctrl/CInPlaceFrame.bas
examples/Windows/COM/WebBrowser/webctrl/CInPlaceFrame.bi
examples/Windows/COM/WebBrowser/webctrl/CInPlaceSite.bas
examples/Windows/COM/WebBrowser/webctrl/CInPlaceSite.bi
examples/Windows/COM/WebBrowser/webctrl/Common.bi
examples/Windows/COM/WebBrowser/webctrl/Makefile
examples/Windows/COM/WebBrowser/webctrl/obj/deleteme.txt
examples/Windows/COM/WebBrowser/webctrl/webctrl.bas
examples/Windows/COM/WebBrowser/webctrl/webctrl.bi
examples/Windows/d3d9_primitives.bas
examples/Windows/ddrawtest.bas
examples/Windows/desktop_shortcut.bas
examples/Windows/gui/bitmap.bas
examples/Windows/gui/calendar.bas
examples/Windows/gui/dialogres/dialog.bas
examples/Windows/gui/dialogres/dialog.bi
examples/Windows/gui/dialogres/dialog.rc
examples/Windows/gui/fileopen.bas
examples/Windows/gui/hello.bas
examples/Windows/gui/hello_region.bas
examples/Windows/gui/menu.bas
examples/Windows/gui/menures/menu.bas
examples/Windows/gui/menures/menures.bi
examples/Windows/gui/menures/menures.rc
examples/Windows/gui/shellfolder.bas
examples/Windows/gui/toolbar.bas
examples/Windows/gui/treeview.bas
examples/Windows/lineprt.bas
examples/Windows/printer_select.bas
examples/Windows/winmm/winmmhlp.bas
examples/Windows/winmm/winmmhlp.bi
examples/Windows/winsock/clientserver/client.bas
examples/Windows/winsock/clientserver/myprotocol.bi
examples/Windows/winsock/clientserver/server.bas
examples/Windows/winsock/clientserver/wshelper.bas
examples/Windows/winsock/clientserver/wshelper.bi
examples/Windows/winsock/ftpget.bas
examples/Windows/winsock/httpget.bas
examples/allocate.bas
examples/arrayfield.bas
examples/asc_chr.bas
examples/big_int/perftest.bas
examples/big_int/power.bas
examples/bitfields.bas
examples/bytestring.bas
examples/byvaludt.bas
examples/caca/cacaball.bas
examples/caca/cacaplas.bas
examples/chain1.bas
examples/chain2.bas
examples/command.bas
examples/conmouse.bas
examples/constructor.bas
examples/cryptlib/hash.bas
examples/curses/colors.bas
examples/disphelper/httpget.bas
examples/disphelper/ie_navigate.bas
examples/disphelper/vbs.bas
examples/dll/VB/fbside.bas
examples/dll/VB/vbside.bas
examples/dll/mydll.bas
examples/dll/mydll.bi
examples/dll/test.bas
examples/dll/testload.bas
examples/escapechars.bas
examples/events/timer/test.bas
examples/events/timer/timer.bas
examples/events/timer/timer.bi
examples/export/export.bas
examples/export/import.bas
examples/file/filearray.bas
examples/file/filebin.bas
examples/file/fileinput.bas
examples/file/filepipe.bas
examples/file/filerand.bas
examples/file/filerec.bas
examples/file/filetext.bas
examples/freetype/ft2_print.bas
examples/freetype/ft2_test.bas
examples/func_deref.bas
examples/funcptr.bas
examples/gfx/fbgfx_depth.bas
examples/gfx/fbgfx_flame.bas
examples/gfx/fbgfx_getput.bas
examples/gfx/fbgfx_input.bas
examples/gfx/fbgfx_test.bas
examples/gfx/fblogo.bmp
examples/gfx/freeimage.bas
examples/gfx/gd_test.bas
examples/gfx/gif_read.bas
examples/gfx/grx_test.bas
examples/gfx/jpeg_read.bas
examples/gfx/mandbrot.bas
examples/gfx/png_read.bas
examples/gfx/ptc_test.bas
examples/gfx/rel-blob.bas
examples/gfx/rel-flower.bas
examples/gfx/rel-juliarings.bas
examples/gfx/rel-lens.bas
examples/gfx/rel-torus.bas
examples/hello.bas
examples/iif.bas
examples/imp_conv.bas
examples/inkey.bas
examples/inlineasm.bas
examples/lib/mylib.bas
examples/lib/mylib.bi
examples/lib/test.bas
examples/libxml/read1.bas
examples/libxml/test.xml
examples/macro.bas
examples/makefile
examples/mini/example.bas
examples/missing/Newton_test.bas
examples/missing/cgi_test.bas
examples/missing/gdsl_test.bas
examples/missing/il_test.bas
examples/missing/libxslt_test.bas
examples/missing/mxml_test.bas
examples/missing/ode_test.bas
examples/missing/zlib_test.bas
examples/mutex.bas
examples/namespace/cpp/alias/cpplib.cpp
examples/namespace/cpp/alias/test.bas
examples/namespace/cpp/cpplib.cpp
examples/namespace/cpp/test.bas
examples/namespace/scoped.bas
examples/onerror.bas
examples/openhook.bas
examples/optargs.bas
examples/overload.bas
examples/pdflib/logo.gif
examples/pdflib/pdflib_test.bas
examples/peek.bas
examples/pre-include/preinc.bi
examples/pre-include/test.bas
examples/preprocessor.bas
examples/ptr_index.bas
examples/ptr_test.bas
examples/regex/CRegex/CRegex.bas
examples/regex/CRegex/CRegex.bi
examples/regex/CRegex/test.bas
examples/regex/CRegex/test.txt
examples/regex/pcre_demo.bas
examples/regex/printmatches.bas
examples/regex/regex_replace.bas
examples/regex/subexpr.bas
examples/scope.bas
examples/select.bas
examples/sieve.bas
examples/sound/bass_test.bas
examples/sound/bassmod_test.bas
examples/sound/data/dne_trtn.mod
examples/sound/data/prodigy.wav
examples/sound/fmodtest.bas
examples/sound/openaltest.bas
examples/sound/playmp3.bas
examples/spidermonkey/callback.bas
examples/spidermonkey/common.bas
examples/spidermonkey/common.bi
examples/spidermonkey/eval.bas
examples/spidermonkey/factorial.js
examples/str_index.bas
examples/threads.bas
examples/typedef.bas
examples/unicode/hello_UNC.bas
examples/unicode/hello_UTF16BE.bas
examples/unicode/hello_UTF16LE.bas
examples/unicode/hello_UTF32BE.bas
examples/unicode/hello_UTF32LE.bas
examples/unicode/hello_UTF8.bas
examples/unicode/hello_chinese.bas
examples/unicode/hello_greek.bas
examples/unicode/hello_japanese.bas
examples/unicode/hello_korean.bas
examples/unicode/hello_russian.bas
examples/var-args.bas
examples/var_initializers.bas
examples/with.bas
examples/wx-c/mdi.bas
examples/wx-c/sizers.bas
examples/wx-c/wx-c_demo.bas
inc/FreeImage.bi
inc/GL/gl.bi
inc/GL/glext.bi
inc/GL/glfw.bi
inc/GL/glu.bi
inc/GL/glut.bi
inc/IUP/iup.bi
inc/IUP/iupcb.bi
inc/IUP/iupcbs.bi
inc/IUP/iupcontrols.bi
inc/IUP/iupcpi.bi
inc/IUP/iupdef.bi
inc/IUP/iupdial.bi
inc/IUP/iupgauge.bi
inc/IUP/iupgc.bi
inc/IUP/iupgetparam.bi
inc/IUP/iupkey.bi
inc/IUP/iupmask.bi
inc/IUP/iupmatrix.bi
inc/IUP/iupsbox.bi
inc/IUP/iuptabs.bi
inc/IUP/iuptree.bi
inc/IUP/iupval.bi
inc/Lua/lua.bi
inc/Lua/lualib.bi
inc/Lua/luauxlib.bi
inc/Newton.bi
inc/SDL/SDL.bi
inc/SDL/SDL_active.bi
inc/SDL/SDL_audio.bi
inc/SDL/SDL_byteorder.bi
inc/SDL/SDL_cdrom.bi
inc/SDL/SDL_cpuinfo.bi
inc/SDL/SDL_endian.bi
inc/SDL/SDL_error.bi
inc/SDL/SDL_events.bi
inc/SDL/SDL_getenv.bi
inc/SDL/SDL_gfx_framerate.bi
inc/SDL/SDL_gfx_imageFilter.bi
inc/SDL/SDL_gfx_primitives.bi
inc/SDL/SDL_gfx_rotozoom.bi
inc/SDL/SDL_image.bi
inc/SDL/SDL_joystick.bi
inc/SDL/SDL_keyboard.bi
inc/SDL/SDL_keysym.bi
inc/SDL/SDL_loadso.bi
inc/SDL/SDL_main.bi
inc/SDL/SDL_mixer.bi
inc/SDL/SDL_mouse.bi
inc/SDL/SDL_mutex.bi
inc/SDL/SDL_net.bi
inc/SDL/SDL_quit.bi
inc/SDL/SDL_rwops.bi
inc/SDL/SDL_syswm.bi
inc/SDL/SDL_thread.bi
inc/SDL/SDL_timer.bi
inc/SDL/SDL_ttf.bi
inc/SDL/SDL_types.bi
inc/SDL/SDL_version.bi
inc/SDL/SDL_video.bi
inc/SDL/begin_code.bi
inc/SDL/close_code.bi
inc/al/al.bi
inc/al/alc.bi
inc/al/alctypes.bi
inc/al/altypes.bi
inc/al/alu.bi
inc/al/alut.bi
inc/allegro.bi
inc/allegro/3d.bi
inc/allegro/3dmaths.bi
inc/allegro/alcompat.bi
inc/allegro/base.bi
inc/allegro/color.bi
inc/allegro/compiled.bi
inc/allegro/config.bi
inc/allegro/datafile.bi
inc/allegro/debug.bi
inc/allegro/digi.bi
inc/allegro/draw.bi
inc/allegro/file.bi
inc/allegro/fixed.bi
inc/allegro/fli.bi
inc/allegro/fmaths.bi
inc/allegro/gfx.bi
inc/allegro/gui.bi
inc/allegro/inline/3dmaths.bi
inc/allegro/inline/asm.bi
inc/allegro/inline/color.bi
inc/allegro/inline/draw.bi
inc/allegro/inline/file.bi
inc/allegro/inline/fmaths.bi
inc/allegro/inline/gfx.bi
inc/allegro/inline/gui.bi
inc/allegro/inline/matrix.bi
inc/allegro/inline/rle.bi
inc/allegro/inline/system.bi
inc/allegro/internal/alconfig.bi
inc/allegro/joystick.bi
inc/allegro/keyboard.bi
inc/allegro/matrix.bi
inc/allegro/midi.bi
inc/allegro/mouse.bi
inc/allegro/palette.bi
inc/allegro/platform/al386gcc.bi
inc/allegro/platform/aldjgpp.bi
inc/allegro/platform/aldos.bi
inc/allegro/platform/almngw32.bi
inc/allegro/platform/alplatf.bi
inc/allegro/platform/alucfg.bi
inc/allegro/platform/alunix.bi
inc/allegro/platform/alwin.bi
inc/allegro/quat.bi
inc/allegro/rle.bi
inc/allegro/sound.bi
inc/allegro/stream.bi
inc/allegro/system.bi
inc/allegro/text.bi
inc/allegro/timer.bi
inc/allegro/unicode.bi
inc/bass.bi
inc/bassmod.bi
inc/big_int/basic_funcs.bi
inc/big_int/big_int.bi
inc/big_int/big_int_full.bi
inc/big_int/bitset_funcs.bi
inc/big_int/get_bit_length.bi
inc/big_int/low_level_funcs.bi
inc/big_int/memory_manager.bi
inc/big_int/modular_arithmetic.bi
inc/big_int/number_theory.bi
inc/big_int/service_funcs.bi
inc/big_int/str_funcs.bi
inc/big_int/str_types.bi
inc/cgi-util.bi
inc/cgui.bi
inc/crt.bi
inc/crt/ctype.bi
inc/crt/dir.bi
inc/crt/dos/dir.bi
inc/crt/dos/fcntl.bi
inc/crt/dos/stdio.bi
inc/crt/dos/time.bi
inc/crt/dos/wchar.bi
inc/crt/errno.bi
inc/crt/fcntl.bi
inc/crt/io.bi
inc/crt/limits.bi
inc/crt/linux/fcntl.bi
inc/crt/linux/stdio.bi
inc/crt/linux/time.bi
inc/crt/linux/wchar.bi
inc/crt/malloc.bi
inc/crt/math.bi
inc/crt/setjmp.bi
inc/crt/stdarg.bi
inc/crt/stddef.bi
inc/crt/stdio.bi
inc/crt/stdlib.bi
inc/crt/string.bi
inc/crt/sys/dos/types.bi
inc/crt/sys/linux/types.bi
inc/crt/sys/stat.bi
inc/crt/sys/time.bi
inc/crt/sys/types.bi
inc/crt/sys/win32/stats.bi
inc/crt/sys/win32/types.bi
inc/crt/time.bi
inc/crt/wchar.bi
inc/crt/win32/ctype.bi
inc/crt/win32/fcntl.bi
inc/crt/win32/stdio.bi
inc/crt/win32/stdlib.bi
inc/crt/win32/time.bi
inc/crt/win32/wchar.bi
inc/cryptlib.bi
inc/curl.bi
inc/curses.bi
inc/curses/ncurses.bi
inc/curses/pdcurses.bi
inc/datetime.bi
inc/dir.bi
inc/disphelper/convert.bi
inc/disphelper/disphelper.bi
inc/expat.bi
inc/fastcgi/fastcgi.bi
inc/fastcgi/fcgi_stdio.bi
inc/fastcgi/fcgiapp.bi
inc/fbgfx.bi
inc/fmod.bi
inc/freetype2/config/ftconfig.bi
inc/freetype2/config/ftoption.bi
inc/freetype2/config/ftstdlib.bi
inc/freetype2/freetype.bi
inc/freetype2/fterrors.bi
inc/freetype2/ftimage.bi
inc/freetype2/ftmoderr.bi
inc/freetype2/ftsystem.bi
inc/freetype2/fttypes.bi
inc/gd/gd.bi
inc/gd/gd_io.bi
inc/gd/gdfx.bi
inc/gdsl/_gdsl_bintree.bi
inc/gdsl/_gdsl_bstree.bi
inc/gdsl/_gdsl_list.bi
inc/gdsl/_gdsl_node.bi
inc/gdsl/gdsl.bi
inc/gdsl/gdsl_2darray.bi
inc/gdsl/gdsl_bstree.bi
inc/gdsl/gdsl_hash.bi
inc/gdsl/gdsl_list.bi
inc/gdsl/gdsl_macros.bi
inc/gdsl/gdsl_perm.bi
inc/gdsl/gdsl_queue.bi
inc/gdsl/gdsl_rbtree.bi
inc/gdsl/gdsl_sort.bi
inc/gdsl/gdsl_stack.bi
inc/gdsl/gdsl_types.bi
inc/gif_lib.bi
inc/gmp.bi
inc/gsl/gsl_blas.bi
inc/gsl/gsl_blas_types.bi
inc/gsl/gsl_block.bi
inc/gsl/gsl_block_char.bi
inc/gsl/gsl_block_complex.bi
inc/gsl/gsl_block_complex_double.bi
inc/gsl/gsl_block_complex_float.bi
inc/gsl/gsl_block_complex_long_double.bi
inc/gsl/gsl_block_double.bi
inc/gsl/gsl_block_float.bi
inc/gsl/gsl_block_int.bi
inc/gsl/gsl_block_long.bi
inc/gsl/gsl_block_long_double.bi
inc/gsl/gsl_block_short.bi
inc/gsl/gsl_block_uchar.bi
inc/gsl/gsl_block_uint.bi
inc/gsl/gsl_block_ulong.bi
inc/gsl/gsl_block_ushort.bi
inc/gsl/gsl_cblas.bi
inc/gsl/gsl_cdf.bi
inc/gsl/gsl_chebyshev.bi
inc/gsl/gsl_check_range.bi
inc/gsl/gsl_combination.bi
inc/gsl/gsl_complex.bi
inc/gsl/gsl_complex_math.bi
inc/gsl/gsl_const.bi
inc/gsl/gsl_const_cgs.bi
inc/gsl/gsl_const_cgsm.bi
inc/gsl/gsl_const_mks.bi
inc/gsl/gsl_const_mksa.bi
inc/gsl/gsl_const_num.bi
inc/gsl/gsl_deriv.bi
inc/gsl/gsl_dft_complex.bi
inc/gsl/gsl_dft_complex_float.bi
inc/gsl/gsl_dht.bi
inc/gsl/gsl_diff.bi
inc/gsl/gsl_eigen.bi
inc/gsl/gsl_errno.bi
inc/gsl/gsl_fft.bi
inc/gsl/gsl_fft_complex.bi
inc/gsl/gsl_fft_complex_float.bi
inc/gsl/gsl_fft_halfcomplex.bi
inc/gsl/gsl_fft_halfcomplex_float.bi
inc/gsl/gsl_fft_real.bi
inc/gsl/gsl_fft_real_float.bi
inc/gsl/gsl_fit.bi
inc/gsl/gsl_heapsort.bi
inc/gsl/gsl_histogram.bi
inc/gsl/gsl_histogram2d.bi
inc/gsl/gsl_ieee_utils.bi
inc/gsl/gsl_integration.bi
inc/gsl/gsl_interp.bi
inc/gsl/gsl_linalg.bi
inc/gsl/gsl_machine.bi
inc/gsl/gsl_math.bi
inc/gsl/gsl_matrix.bi
inc/gsl/gsl_matrix_char.bi
inc/gsl/gsl_matrix_complex_double.bi
inc/gsl/gsl_matrix_complex_float.bi
inc/gsl/gsl_matrix_complex_long_double.bi
inc/gsl/gsl_matrix_double.bi
inc/gsl/gsl_matrix_float.bi
inc/gsl/gsl_matrix_int.bi
inc/gsl/gsl_matrix_long.bi
inc/gsl/gsl_matrix_long_double.bi
inc/gsl/gsl_matrix_short.bi
inc/gsl/gsl_matrix_uchar.bi
inc/gsl/gsl_matrix_uint.bi
inc/gsl/gsl_matrix_ulong.bi
inc/gsl/gsl_matrix_ushort.bi
inc/gsl/gsl_message.bi
inc/gsl/gsl_min.bi
inc/gsl/gsl_mode.bi
inc/gsl/gsl_monte.bi
inc/gsl/gsl_monte_miser.bi
inc/gsl/gsl_monte_plain.bi
inc/gsl/gsl_monte_vegas.bi
inc/gsl/gsl_multifit.bi
inc/gsl/gsl_multifit_nlin.bi
inc/gsl/gsl_multimin.bi
inc/gsl/gsl_multiroots.bi
inc/gsl/gsl_nan.bi
inc/gsl/gsl_ntuple.bi
inc/gsl/gsl_odeiv.bi
inc/gsl/gsl_permutation.bi
inc/gsl/gsl_permute.bi
inc/gsl/gsl_permute_char.bi
inc/gsl/gsl_permute_complex_double.bi
inc/gsl/gsl_permute_complex_float.bi
inc/gsl/gsl_permute_complex_long_double.bi
inc/gsl/gsl_permute_double.bi
inc/gsl/gsl_permute_float.bi
inc/gsl/gsl_permute_int.bi
inc/gsl/gsl_permute_long.bi
inc/gsl/gsl_permute_long_double.bi
inc/gsl/gsl_permute_short.bi
inc/gsl/gsl_permute_uchar.bi
inc/gsl/gsl_permute_uint.bi
inc/gsl/gsl_permute_ulong.bi
inc/gsl/gsl_permute_ushort.bi
inc/gsl/gsl_permute_vector.bi
inc/gsl/gsl_permute_vector_char.bi
inc/gsl/gsl_permute_vector_complex_double.bi
inc/gsl/gsl_permute_vector_complex_float.bi
inc/gsl/gsl_permute_vector_complex_long_double.bi
inc/gsl/gsl_permute_vector_double.bi
inc/gsl/gsl_permute_vector_float.bi
inc/gsl/gsl_permute_vector_int.bi
inc/gsl/gsl_permute_vector_long.bi
inc/gsl/gsl_permute_vector_long_double.bi
inc/gsl/gsl_permute_vector_short.bi
inc/gsl/gsl_permute_vector_uchar.bi
inc/gsl/gsl_permute_vector_uint.bi
inc/gsl/gsl_permute_vector_ulong.bi
inc/gsl/gsl_permute_vector_ushort.bi
inc/gsl/gsl_poly.bi
inc/gsl/gsl_pow_int.bi
inc/gsl/gsl_precision.bi
inc/gsl/gsl_qrng.bi
inc/gsl/gsl_randist.bi
inc/gsl/gsl_rng.bi
inc/gsl/gsl_roots.bi
inc/gsl/gsl_sf.bi
inc/gsl/gsl_sf_airy.bi
inc/gsl/gsl_sf_bessel.bi
inc/gsl/gsl_sf_clausen.bi
inc/gsl/gsl_sf_coulomb.bi
inc/gsl/gsl_sf_coupling.bi
inc/gsl/gsl_sf_dawson.bi
inc/gsl/gsl_sf_debye.bi
inc/gsl/gsl_sf_dilog.bi
inc/gsl/gsl_sf_elementary.bi
inc/gsl/gsl_sf_ellint.bi
inc/gsl/gsl_sf_elljac.bi
inc/gsl/gsl_sf_erf.bi
inc/gsl/gsl_sf_exp.bi
inc/gsl/gsl_sf_expint.bi
inc/gsl/gsl_sf_fermi_dirac.bi
inc/gsl/gsl_sf_gamma.bi
inc/gsl/gsl_sf_gegenbauer.bi
inc/gsl/gsl_sf_hyperg.bi
inc/gsl/gsl_sf_laguerre.bi
inc/gsl/gsl_sf_lambert.bi
inc/gsl/gsl_sf_legendre.bi
inc/gsl/gsl_sf_log.bi
inc/gsl/gsl_sf_pow_int.bi
inc/gsl/gsl_sf_psi.bi
inc/gsl/gsl_sf_result.bi
inc/gsl/gsl_sf_synchrotron.bi
inc/gsl/gsl_sf_transport.bi
inc/gsl/gsl_sf_trig.bi
inc/gsl/gsl_sf_zeta.bi
inc/gsl/gsl_siman.bi
inc/gsl/gsl_sort.bi
inc/gsl/gsl_sort_char.bi
inc/gsl/gsl_sort_double.bi
inc/gsl/gsl_sort_float.bi
inc/gsl/gsl_sort_int.bi
inc/gsl/gsl_sort_long.bi
inc/gsl/gsl_sort_long_double.bi
inc/gsl/gsl_sort_short.bi
inc/gsl/gsl_sort_uchar.bi
inc/gsl/gsl_sort_uint.bi
inc/gsl/gsl_sort_ulong.bi
inc/gsl/gsl_sort_ushort.bi
inc/gsl/gsl_sort_vector.bi
inc/gsl/gsl_sort_vector_char.bi
inc/gsl/gsl_sort_vector_double.bi
inc/gsl/gsl_sort_vector_float.bi
inc/gsl/gsl_sort_vector_int.bi
inc/gsl/gsl_sort_vector_long.bi
inc/gsl/gsl_sort_vector_long_double.bi
inc/gsl/gsl_sort_vector_short.bi
inc/gsl/gsl_sort_vector_uchar.bi
inc/gsl/gsl_sort_vector_uint.bi
inc/gsl/gsl_sort_vector_ulong.bi
inc/gsl/gsl_sort_vector_ushort.bi
inc/gsl/gsl_specfunc.bi
inc/gsl/gsl_spline.bi
inc/gsl/gsl_statistics.bi
inc/gsl/gsl_statistics_char.bi
inc/gsl/gsl_statistics_double.bi
inc/gsl/gsl_statistics_float.bi
inc/gsl/gsl_statistics_int.bi
inc/gsl/gsl_statistics_long.bi
inc/gsl/gsl_statistics_long_double.bi
inc/gsl/gsl_statistics_short.bi
inc/gsl/gsl_statistics_uchar.bi
inc/gsl/gsl_statistics_uint.bi
inc/gsl/gsl_statistics_ulong.bi
inc/gsl/gsl_statistics_ushort.bi
inc/gsl/gsl_sum.bi
inc/gsl/gsl_sys.bi
inc/gsl/gsl_test.bi
inc/gsl/gsl_types.bi
inc/gsl/gsl_vector.bi
inc/gsl/gsl_vector_char.bi
inc/gsl/gsl_vector_complex.bi
inc/gsl/gsl_vector_complex_double.bi
inc/gsl/gsl_vector_complex_float.bi
inc/gsl/gsl_vector_complex_long_double.bi
inc/gsl/gsl_vector_double.bi
inc/gsl/gsl_vector_float.bi
inc/gsl/gsl_vector_int.bi
inc/gsl/gsl_vector_long.bi
inc/gsl/gsl_vector_long_double.bi
inc/gsl/gsl_vector_short.bi
inc/gsl/gsl_vector_uchar.bi
inc/gsl/gsl_vector_uint.bi
inc/gsl/gsl_vector_ulong.bi
inc/gsl/gsl_vector_ushort.bi
inc/gsl/gsl_version.bi
inc/gsl/gsl_wavelet.bi
inc/gsl/gsl_wavelet2d.bi
inc/gtk/atk.bi
inc/gtk/atk/atkaction.bi
inc/gtk/atk/atkcomponent.bi
inc/gtk/atk/atkdocument.bi
inc/gtk/atk/atkeditabletext.bi
inc/gtk/atk/atkgobjectaccessible.bi
inc/gtk/atk/atkhyperlink.bi
inc/gtk/atk/atkhypertext.bi
inc/gtk/atk/atkimage.bi
inc/gtk/atk/atknoopobject.bi
inc/gtk/atk/atknoopobjectfactory.bi
inc/gtk/atk/atkobject.bi
inc/gtk/atk/atkobjectfactory.bi
inc/gtk/atk/atkregistry.bi
inc/gtk/atk/atkrelation.bi
inc/gtk/atk/atkrelationset.bi
inc/gtk/atk/atkrelationtype.bi
inc/gtk/atk/atkselection.bi
inc/gtk/atk/atkstate.bi
inc/gtk/atk/atkstateset.bi
inc/gtk/atk/atkstreamablecontent.bi
inc/gtk/atk/atktable.bi
inc/gtk/atk/atktext.bi
inc/gtk/atk/atkutil.bi
inc/gtk/atk/atkvalue.bi
inc/gtk/gdk-pixbuf.bi
inc/gtk/gdk-pixbuf/gdk-pixbuf-animation.bi
inc/gtk/gdk-pixbuf/gdk-pixbuf-core.bi
inc/gtk/gdk-pixbuf/gdk-pixbuf-enum-types.bi
inc/gtk/gdk-pixbuf/gdk-pixbuf-features.bi
inc/gtk/gdk-pixbuf/gdk-pixbuf-io.bi
inc/gtk/gdk-pixbuf/gdk-pixbuf-loader.bi
inc/gtk/gdk-pixbuf/gdk-pixbuf-transform.bi
inc/gtk/gdk.bi
inc/gtk/gdk/gdkcolor.bi
inc/gtk/gdk/gdkcursor.bi
inc/gtk/gdk/gdkdisplay.bi
inc/gtk/gdk/gdkdisplaymanager.bi
inc/gtk/gdk/gdkdnd.bi
inc/gtk/gdk/gdkdrawable.bi
inc/gtk/gdk/gdkenumtypes.bi
inc/gtk/gdk/gdkevents.bi
inc/gtk/gdk/gdkfont.bi
inc/gtk/gdk/gdkgc.bi
inc/gtk/gdk/gdkimage.bi
inc/gtk/gdk/gdkinput.bi
inc/gtk/gdk/gdkkeys.bi
inc/gtk/gdk/gdkpango.bi
inc/gtk/gdk/gdkpixbuf.bi
inc/gtk/gdk/gdkpixmap.bi
inc/gtk/gdk/gdkproperty.bi
inc/gtk/gdk/gdkregion.bi
inc/gtk/gdk/gdkrgb.bi
inc/gtk/gdk/gdkscreen.bi
inc/gtk/gdk/gdkselection.bi
inc/gtk/gdk/gdkspawn.bi
inc/gtk/gdk/gdktypes.bi
inc/gtk/gdk/gdkvisual.bi
inc/gtk/gdk/gdkwindow.bi
inc/gtk/gdkgl.bi
inc/gtk/gdkgl/gdkglconfig.bi
inc/gtk/gdkgl/gdkglcontext.bi
inc/gtk/gdkgl/gdkgldefs.bi
inc/gtk/gdkgl/gdkgldrawable.bi
inc/gtk/gdkgl/gdkglenumtypes.bi
inc/gtk/gdkgl/gdkglfont.bi
inc/gtk/gdkgl/gdkglinit.bi
inc/gtk/gdkgl/gdkglpixmap.bi
inc/gtk/gdkgl/gdkglquery.bi
inc/gtk/gdkgl/gdkglshapes.bi
inc/gtk/gdkgl/gdkgltokens.bi
inc/gtk/gdkgl/gdkgltypes.bi
inc/gtk/gdkgl/gdkglversion.bi
inc/gtk/gdkgl/gdkglwindow.bi
inc/gtk/glade.bi
inc/gtk/glib-object.bi
inc/gtk/glib.bi
inc/gtk/glib/config.bi
inc/gtk/glib/galloca.bi
inc/gtk/glib/garray.bi
inc/gtk/glib/gasyncqueue.bi
inc/gtk/glib/gatomic.bi
inc/gtk/glib/gbacktrace.bi
inc/gtk/glib/gcache.bi
inc/gtk/glib/gcompletion.bi
inc/gtk/glib/gconvert.bi
inc/gtk/glib/gdataset.bi
inc/gtk/glib/gdate.bi
inc/gtk/glib/gdir.bi
inc/gtk/glib/gerror.bi
inc/gtk/glib/gfileutils.bi
inc/gtk/glib/ghash.bi
inc/gtk/glib/ghook.bi
inc/gtk/glib/giochannel.bi
inc/gtk/glib/gkeyfile.bi
inc/gtk/glib/glist.bi
inc/gtk/glib/gmacros.bi
inc/gtk/glib/gmain.bi
inc/gtk/glib/gmarkup.bi
inc/gtk/glib/gmem.bi
inc/gtk/glib/gmessages.bi
inc/gtk/glib/gnode.bi
inc/gtk/glib/goption.bi
inc/gtk/glib/gpattern.bi
inc/gtk/glib/gprimes.bi
inc/gtk/glib/gqsort.bi
inc/gtk/glib/gquark.bi
inc/gtk/glib/gqueue.bi
inc/gtk/glib/grand.bi
inc/gtk/glib/grel.bi
inc/gtk/glib/gscanner.bi
inc/gtk/glib/gshell.bi
inc/gtk/glib/gslist.bi
inc/gtk/glib/gspawn.bi
inc/gtk/glib/gstrfuncs.bi
inc/gtk/glib/gstring.bi
inc/gtk/glib/gthread.bi
inc/gtk/glib/gthreadpool.bi
inc/gtk/glib/gtimer.bi
inc/gtk/glib/gtree.bi
inc/gtk/glib/gtypes.bi
inc/gtk/glib/gunicode.bi
inc/gtk/glib/gutils.bi
inc/gtk/glib/gwin32.bi
inc/gtk/gmodule.bi
inc/gtk/gobject/gboxed.bi
inc/gtk/gobject/gclosure.bi
inc/gtk/gobject/genums.bi
inc/gtk/gobject/gmarshal.bi
inc/gtk/gobject/gobject.bi
inc/gtk/gobject/gparam.bi
inc/gtk/gobject/gparamspecs.bi
inc/gtk/gobject/gsignal.bi
inc/gtk/gobject/gsourceclosure.bi
inc/gtk/gobject/gtype.bi
inc/gtk/gobject/gtypemodule.bi
inc/gtk/gobject/gtypeplugin.bi
inc/gtk/gobject/gvalue.bi
inc/gtk/gobject/gvaluearray.bi
inc/gtk/gobject/gvaluetypes.bi
inc/gtk/gtk.bi
inc/gtk/gtk/gtkaboutdialog.bi
inc/gtk/gtk/gtkaccelgroup.bi
inc/gtk/gtk/gtkaccellabel.bi
inc/gtk/gtk/gtkaccelmap.bi
inc/gtk/gtk/gtkaccessible.bi
inc/gtk/gtk/gtkaction.bi
inc/gtk/gtk/gtkactiongroup.bi
inc/gtk/gtk/gtkadjustment.bi
inc/gtk/gtk/gtkalignment.bi
inc/gtk/gtk/gtkarrow.bi
inc/gtk/gtk/gtkaspectframe.bi
inc/gtk/gtk/gtkbbox.bi
inc/gtk/gtk/gtkbin.bi
inc/gtk/gtk/gtkbindings.bi
inc/gtk/gtk/gtkbox.bi
inc/gtk/gtk/gtkbutton.bi
inc/gtk/gtk/gtkcalendar.bi
inc/gtk/gtk/gtkcelleditable.bi
inc/gtk/gtk/gtkcelllayout.bi
inc/gtk/gtk/gtkcellrenderer.bi
inc/gtk/gtk/gtkcellrenderercombo.bi
inc/gtk/gtk/gtkcellrendererpixbuf.bi
inc/gtk/gtk/gtkcellrendererprogress.bi
inc/gtk/gtk/gtkcellrenderertext.bi
inc/gtk/gtk/gtkcellrenderertoggle.bi
inc/gtk/gtk/gtkcellview.bi
inc/gtk/gtk/gtkcheckbutton.bi
inc/gtk/gtk/gtkcheckmenuitem.bi
inc/gtk/gtk/gtkclipboard.bi
inc/gtk/gtk/gtkclist.bi
inc/gtk/gtk/gtkcolorbutton.bi
inc/gtk/gtk/gtkcolorsel.bi
inc/gtk/gtk/gtkcolorseldialog.bi
inc/gtk/gtk/gtkcombo.bi
inc/gtk/gtk/gtkcombobox.bi
inc/gtk/gtk/gtkcomboboxentry.bi
inc/gtk/gtk/gtkcontainer.bi
inc/gtk/gtk/gtkctree.bi
inc/gtk/gtk/gtkcurve.bi
inc/gtk/gtk/gtkdebug.bi
inc/gtk/gtk/gtkdialog.bi
inc/gtk/gtk/gtkdnd.bi
inc/gtk/gtk/gtkdrawingarea.bi
inc/gtk/gtk/gtkeditable.bi
inc/gtk/gtk/gtkentry.bi
inc/gtk/gtk/gtkentrycompletion.bi
inc/gtk/gtk/gtkenums.bi
inc/gtk/gtk/gtkeventbox.bi
inc/gtk/gtk/gtkexpander.bi
inc/gtk/gtk/gtkfilechooser.bi
inc/gtk/gtk/gtkfilechooserbutton.bi
inc/gtk/gtk/gtkfilechooserdialog.bi
inc/gtk/gtk/gtkfilechooserwidget.bi
inc/gtk/gtk/gtkfilefilter.bi
inc/gtk/gtk/gtkfilesel.bi
inc/gtk/gtk/gtkfixed.bi
inc/gtk/gtk/gtkfontbutton.bi
inc/gtk/gtk/gtkfontsel.bi
inc/gtk/gtk/gtkframe.bi
inc/gtk/gtk/gtkgamma.bi
inc/gtk/gtk/gtkgc.bi
inc/gtk/gtk/gtkhandlebox.bi
inc/gtk/gtk/gtkhbbox.bi
inc/gtk/gtk/gtkhbox.bi
inc/gtk/gtk/gtkhpaned.bi
inc/gtk/gtk/gtkhruler.bi
inc/gtk/gtk/gtkhscale.bi
inc/gtk/gtk/gtkhscrollbar.bi
inc/gtk/gtk/gtkhseparator.bi
inc/gtk/gtk/gtkiconfactory.bi
inc/gtk/gtk/gtkicontheme.bi
inc/gtk/gtk/gtkiconview.bi
inc/gtk/gtk/gtkimage.bi
inc/gtk/gtk/gtkimagemenuitem.bi
inc/gtk/gtk/gtkimcontext.bi
inc/gtk/gtk/gtkimcontextsimple.bi
inc/gtk/gtk/gtkimmulticontext.bi
inc/gtk/gtk/gtkinputdialog.bi
inc/gtk/gtk/gtkinvisible.bi
inc/gtk/gtk/gtkitem.bi
inc/gtk/gtk/gtkitemfactory.bi
inc/gtk/gtk/gtklabel.bi
inc/gtk/gtk/gtklayout.bi
inc/gtk/gtk/gtklist.bi
inc/gtk/gtk/gtklistitem.bi
inc/gtk/gtk/gtkliststore.bi
inc/gtk/gtk/gtkmain.bi
inc/gtk/gtk/gtkmarshal.bi
inc/gtk/gtk/gtkmenu.bi
inc/gtk/gtk/gtkmenubar.bi
inc/gtk/gtk/gtkmenuitem.bi
inc/gtk/gtk/gtkmenushell.bi
inc/gtk/gtk/gtkmenutoolbutton.bi
inc/gtk/gtk/gtkmessagedialog.bi
inc/gtk/gtk/gtkmisc.bi
inc/gtk/gtk/gtkmodules.bi
inc/gtk/gtk/gtknotebook.bi
inc/gtk/gtk/gtkobject.bi
inc/gtk/gtk/gtkoldeditable.bi
inc/gtk/gtk/gtkoptionmenu.bi
inc/gtk/gtk/gtkpaned.bi
inc/gtk/gtk/gtkpixmap.bi
inc/gtk/gtk/gtkplug.bi
inc/gtk/gtk/gtkpreview.bi
inc/gtk/gtk/gtkprogress.bi
inc/gtk/gtk/gtkprogressbar.bi
inc/gtk/gtk/gtkradioaction.bi
inc/gtk/gtk/gtkradiobutton.bi
inc/gtk/gtk/gtkradiomenuitem.bi
inc/gtk/gtk/gtkradiotoolbutton.bi
inc/gtk/gtk/gtkrange.bi
inc/gtk/gtk/gtkrc.bi
inc/gtk/gtk/gtkruler.bi
inc/gtk/gtk/gtkscale.bi
inc/gtk/gtk/gtkscrollbar.bi
inc/gtk/gtk/gtkscrolledwindow.bi
inc/gtk/gtk/gtkselection.bi
inc/gtk/gtk/gtkseparator.bi
inc/gtk/gtk/gtkseparatormenuitem.bi
inc/gtk/gtk/gtkseparatortoolitem.bi
inc/gtk/gtk/gtksettings.bi
inc/gtk/gtk/gtksignal.bi
inc/gtk/gtk/gtksizegroup.bi
inc/gtk/gtk/gtksocket.bi
inc/gtk/gtk/gtkspinbutton.bi
inc/gtk/gtk/gtkstatusbar.bi
inc/gtk/gtk/gtkstock.bi
inc/gtk/gtk/gtkstyle.bi
inc/gtk/gtk/gtktable.bi
inc/gtk/gtk/gtktearoffmenuitem.bi
inc/gtk/gtk/gtktext.bi
inc/gtk/gtk/gtktextbuffer.bi
inc/gtk/gtk/gtktextchild.bi
inc/gtk/gtk/gtktextiter.bi
inc/gtk/gtk/gtktextmark.bi
inc/gtk/gtk/gtktexttag.bi
inc/gtk/gtk/gtktexttagtable.bi
inc/gtk/gtk/gtktextview.bi
inc/gtk/gtk/gtktipsquery.bi
inc/gtk/gtk/gtktoggleaction.bi
inc/gtk/gtk/gtktogglebutton.bi
inc/gtk/gtk/gtktoggletoolbutton.bi
inc/gtk/gtk/gtktoolbar.bi
inc/gtk/gtk/gtktoolbutton.bi
inc/gtk/gtk/gtktoolitem.bi
inc/gtk/gtk/gtktooltips.bi
inc/gtk/gtk/gtktree.bi
inc/gtk/gtk/gtktreednd.bi
inc/gtk/gtk/gtktreeitem.bi
inc/gtk/gtk/gtktreemodel.bi
inc/gtk/gtk/gtktreemodelfilter.bi
inc/gtk/gtk/gtktreemodelsort.bi
inc/gtk/gtk/gtktreeselection.bi
inc/gtk/gtk/gtktreesortable.bi
inc/gtk/gtk/gtktreestore.bi
inc/gtk/gtk/gtktreeview.bi
inc/gtk/gtk/gtktreeviewcolumn.bi
inc/gtk/gtk/gtktypebuiltins.bi
inc/gtk/gtk/gtktypeutils.bi
inc/gtk/gtk/gtkuimanager.bi
inc/gtk/gtk/gtkvbbox.bi
inc/gtk/gtk/gtkvbox.bi
inc/gtk/gtk/gtkversion.bi
inc/gtk/gtk/gtkviewport.bi
inc/gtk/gtk/gtkvpaned.bi
inc/gtk/gtk/gtkvruler.bi
inc/gtk/gtk/gtkvscale.bi
inc/gtk/gtk/gtkvscrollbar.bi
inc/gtk/gtk/gtkvseparator.bi
inc/gtk/gtk/gtkwidget.bi
inc/gtk/gtk/gtkwindow.bi
inc/gtk/gtkgl.bi
inc/gtk/gtkgl/gtkgldefs.bi
inc/gtk/gtkgl/gtkglinit.bi
inc/gtk/gtkgl/gtkglversion.bi
inc/gtk/gtkgl/gtkglwidget.bi
inc/gtk/libart.bi
inc/gtk/libart/art_affine.bi
inc/gtk/libart/art_alphagamma.bi
inc/gtk/libart/art_bpath.bi
inc/gtk/libart/art_config.bi
inc/gtk/libart/art_filterlevel.bi
inc/gtk/libart/art_gray_svp.bi
inc/gtk/libart/art_misc.bi
inc/gtk/libart/art_pathcode.bi
inc/gtk/libart/art_pixbuf.bi
inc/gtk/libart/art_point.bi
inc/gtk/libart/art_rect.bi
inc/gtk/libart/art_rect_svp.bi
inc/gtk/libart/art_rect_uta.bi
inc/gtk/libart/art_rgb.bi
inc/gtk/libart/art_rgb_affine.bi
inc/gtk/libart/art_rgb_bitmap_affine.bi
inc/gtk/libart/art_rgb_pixbuf_affine.bi
inc/gtk/libart/art_rgb_rgba_affine.bi
inc/gtk/libart/art_rgb_svp.bi
inc/gtk/libart/art_svp.bi
inc/gtk/libart/art_svp_ops.bi
inc/gtk/libart/art_svp_point.bi
inc/gtk/libart/art_svp_render_aa.bi
inc/gtk/libart/art_svp_vpath.bi
inc/gtk/libart/art_svp_vpath_stroke.bi
inc/gtk/libart/art_svp_wind.bi
inc/gtk/libart/art_uta.bi
inc/gtk/libart/art_uta_ops.bi
inc/gtk/libart/art_uta_rect.bi
inc/gtk/libart/art_uta_svp.bi
inc/gtk/libart/art_uta_vpath.bi
inc/gtk/libart/art_vpath.bi
inc/gtk/libart/art_vpath_bpath.bi
inc/gtk/libart/art_vpath_dash.bi
inc/gtk/libart/art_vpath_svp.bi
inc/gtk/libart/libart-features.bi
inc/gtk/libglade/glade-build.bi
inc/gtk/libglade/glade-init.bi
inc/gtk/libglade/glade-parser.bi
inc/gtk/libglade/glade-xml.bi
inc/gtk/pango.bi
inc/gtk/pango/pango-attributes.bi
inc/gtk/pango/pango-break.bi
inc/gtk/pango/pango-context.bi
inc/gtk/pango/pango-coverage.bi
inc/gtk/pango/pango-engine.bi
inc/gtk/pango/pango-enum-types.bi
inc/gtk/pango/pango-font.bi
inc/gtk/pango/pango-fontmap.bi
inc/gtk/pango/pango-fontset.bi
inc/gtk/pango/pango-glyph-item.bi
inc/gtk/pango/pango-glyph.bi
inc/gtk/pango/pango-item.bi
inc/gtk/pango/pango-layout.bi
inc/gtk/pango/pango-renderer.bi
inc/gtk/pango/pango-script.bi
inc/gtk/pango/pango-tabs.bi
inc/gtk/pango/pango-types.bi
inc/japi.bi
inc/jpeglib.bi
inc/libxml/HTMLparser.bi
inc/libxml/HTMLtree.bi
inc/libxml/SAX.bi
inc/libxml/SAX2.bi
inc/libxml/c14n.bi
inc/libxml/catalog.bi
inc/libxml/debugXML.bi
inc/libxml/dict.bi
inc/libxml/encoding.bi
inc/libxml/entities.bi
inc/libxml/globals.bi
inc/libxml/hash.bi
inc/libxml/list.bi
inc/libxml/nanoftp.bi
inc/libxml/nanohttp.bi
inc/libxml/parser.bi
inc/libxml/pattern.bi
inc/libxml/relaxng.bi
inc/libxml/threads.bi
inc/libxml/tree.bi
inc/libxml/uri.bi
inc/libxml/valid.bi
inc/libxml/xinclude.bi
inc/libxml/xlink.bi
inc/libxml/xmlIO.bi
inc/libxml/xmlautomata.bi
inc/libxml/xmlerror.bi
inc/libxml/xmlexports.bi
inc/libxml/xmlmemory.bi
inc/libxml/xmlmodule.bi
inc/libxml/xmlreader.bi
inc/libxml/xmlregexp.bi
inc/libxml/xmlsave.bi
inc/libxml/xmlschemas.bi
inc/libxml/xmlstring.bi
inc/libxml/xmlunicode.bi
inc/libxml/xmlversion.bi
inc/libxml/xmlwriter.bi
inc/libxml/xpath.bi
inc/libxml/xpathInternals.bi
inc/libxml/xpointer.bi
inc/libxslt/attributes.bi
inc/libxslt/documents.bi
inc/libxslt/extensions.bi
inc/libxslt/extra.bi
inc/libxslt/functions.bi
inc/libxslt/imports.bi
inc/libxslt/keys.bi
inc/libxslt/libxslt.bi
inc/libxslt/namespaces.bi
inc/libxslt/numbersInternals.bi
inc/libxslt/pattern.bi
inc/libxslt/preproc.bi
inc/libxslt/security.bi
inc/libxslt/templates.bi
inc/libxslt/transform.bi
inc/libxslt/trio.bi
inc/libxslt/triodef.bi
inc/libxslt/variables.bi
inc/libxslt/xslt.bi
inc/libxslt/xsltInternals.bi
inc/libxslt/xsltconfig.bi
inc/libxslt/xsltexports.bi
inc/libxslt/xsltutils.bi
inc/mysql/my_alloc.bi
inc/mysql/mysql.bi
inc/mysql/mysql_com.bi
inc/mysql/mysql_version.bi
inc/openhook.bi
inc/pcre/pcre.bi
inc/pcre/pcreposix.bi
inc/pdflib.bi
inc/png.bi
inc/regex.bi
inc/spidermonkey/jsapi.bi
inc/spidermonkey/jscompat.bi
inc/spidermonkey/jscpucfg.bi
inc/spidermonkey/jslong.bi
inc/spidermonkey/jsosdep.bi
inc/spidermonkey/jsotypes.bi
inc/spidermonkey/jspubtd.bi
inc/spidermonkey/jstypes.bi
inc/sqlite3.bi
inc/string.bi
inc/tinyptc.bi
inc/utf_conv.bi
inc/vbcompat.bi
inc/win/DShow.bi
inc/win/accctrl.bi
inc/win/aclapi.bi
inc/win/aclui.bi
inc/win/amaudio.bi
inc/win/amvideo.bi
inc/win/audevcod.bi
inc/win/basetsd.bi
inc/win/basetyps.bi
inc/win/cderr.bi
inc/win/cguid.bi
inc/win/comcat.bi
inc/win/commctrl.bi
inc/win/commdlg.bi
inc/win/control.bi
inc/win/cpl.bi
inc/win/cplext.bi
inc/win/custcntl.bi
inc/win/d3d.bi
inc/win/d3d9.bi
inc/win/d3d9caps.bi
inc/win/d3d9types.bi
inc/win/d3dcaps.bi
inc/win/d3drm.bi
inc/win/d3drmdef.bi
inc/win/d3drmobj.bi
inc/win/d3drmwin.bi
inc/win/d3dtypes.bi
inc/win/d3dx.bi
inc/win/d3dx9.bi
inc/win/d3dx9anim.bi
inc/win/d3dx9core.bi
inc/win/d3dx9effect.bi
inc/win/d3dx9math.bi
inc/win/d3dx9mesh.bi
inc/win/d3dx9shader.bi
inc/win/d3dx9shape.bi
inc/win/d3dx9tex.bi
inc/win/d3dx9xof.bi
inc/win/d3dxcore.bi
inc/win/d3dxerr.bi
inc/win/d3dxmath.bi
inc/win/d3dxshapes.bi
inc/win/d3dxsprite.bi
inc/win/dbt.bi
inc/win/dde.bi
inc/win/ddeml.bi
inc/win/ddraw.bi
inc/win/dinput.bi
inc/win/dlgs.bi
inc/win/dls1.bi
inc/win/dmdls.bi
inc/win/dmerror.bi
inc/win/dmplugin.bi
inc/win/dmusbuff.bi
inc/win/dmusicc.bi
inc/win/dmusicf.bi
inc/win/dmusici.bi
inc/win/dmusics.bi
inc/win/docobj.bi
inc/win/dpaddr.bi
inc/win/dplay.bi
inc/win/dplay8.bi
inc/win/dplobby.bi
inc/win/dplobby8.bi
inc/win/dsound.bi
inc/win/dvdevcod.bi
inc/win/dxerr8.bi
inc/win/dxerr9.bi
inc/win/edevdefs.bi
inc/win/errors.bi
inc/win/evcode.bi
inc/win/exdisp.bi
inc/win/imagehlp.bi
inc/win/imm.bi
inc/win/intshcut.bi
inc/win/ipexport.bi
inc/win/iphlpapi.bi
inc/win/ipifcons.bi
inc/win/iprtrmib.bi
inc/win/iptypes.bi
inc/win/isguids.bi
inc/win/ksuuids.bi
inc/win/largeint.bi
inc/win/lzexpand.bi
inc/win/mapi.bi
inc/win/mcx.bi
inc/win/mgmtapi.bi
inc/win/mmsystem.bi
inc/win/msacm.bi
inc/win/mshtml.bi
inc/win/mswsock.bi
inc/win/nb30.bi
inc/win/nddeapi.bi
inc/win/nspapi.bi
inc/win/ntdef.bi
inc/win/ntsecapi.bi
inc/win/ntsecpkg.bi
inc/win/oaidl.bi
inc/win/objbase.bi
inc/win/objfwd.bi
inc/win/objidl.bi
inc/win/objsafe.bi
inc/win/ocidl.bi
inc/win/odbcinst.bi
inc/win/ole.bi
inc/win/ole2.bi
inc/win/oleacc.bi
inc/win/oleauto.bi
inc/win/olectl.bi
inc/win/olectlid.bi
inc/win/oledlg.bi
inc/win/oleidl.bi
inc/win/powrprof.bi
inc/win/prsht.bi
inc/win/psapi.bi
inc/win/ras.bi
inc/win/rasdlg.bi
inc/win/raserror.bi
inc/win/rassapi.bi
inc/win/rc/commctrl.h
inc/win/rc/dde.h
inc/win/rc/dlgs.h
inc/win/rc/prsht.h
inc/win/rc/windows.h
inc/win/rc/winerror.h
inc/win/rc/winnt.h
inc/win/rc/winuser.h
inc/win/rc/winver.h
inc/win/reason.bi
inc/win/regstr.bi
inc/win/richedit.bi
inc/win/richole.bi
inc/win/rpc.bi
inc/win/rpcdce.bi
inc/win/rpcdce2.bi
inc/win/rpcdcep.bi
inc/win/rpcndr.bi
inc/win/rpcnsi.bi
inc/win/rpcnsip.bi
inc/win/rpcnterr.bi
inc/win/schannel.bi
inc/win/scrnsave.bi
inc/win/secext.bi
inc/win/security.bi
inc/win/setupapi.bi
inc/win/shellapi.bi
inc/win/shlguid.bi
inc/win/shlobj.bi
inc/win/shlwapi.bi
inc/win/snmp.bi
inc/win/sql.bi
inc/win/sqlext.bi
inc/win/sqltypes.bi
inc/win/sqlucode.bi
inc/win/sspi.bi
inc/win/strmif.bi
inc/win/subauth.bi
inc/win/tlhelp32.bi
inc/win/tmschema.bi
inc/win/unknwn.bi
inc/win/userenv.bi
inc/win/uuids.bi
inc/win/uxtheme.bi
inc/win/vfw.bi
inc/win/vfwmsgs.bi
inc/win/winbase.bi
inc/win/winber.bi
inc/win/wincon.bi
inc/win/wincrypt.bi
inc/win/windef.bi
inc/win/winerror.bi
inc/win/wingdi.bi
inc/win/wininet.bi
inc/win/winioctl.bi
inc/win/winldap.bi
inc/win/winnetwk.bi
inc/win/winnls.bi
inc/win/winnt.bi
inc/win/winperf.bi
inc/win/winreg.bi
inc/win/winsnmp.bi
inc/win/winsock.bi
inc/win/winsock2.bi
inc/win/winspool.bi
inc/win/winsvc.bi
inc/win/winuser.bi
inc/win/winver.bi
inc/win/ws2spi.bi
inc/win/wsahelp.bi
inc/win/wsipx.bi
inc/win/wtypes.bi
inc/windows.bi
inc/wx-c/accel.bi
inc/wx-c/activateevent.bi
inc/wx-c/app.bi
inc/wx-c/artprovider.bi
inc/wx-c/bitmap.bi
inc/wx-c/bitmapbutton.bi
inc/wx-c/boxsizer.bi
inc/wx-c/brush.bi
inc/wx-c/button.bi
inc/wx-c/calendarctrl.bi
inc/wx-c/caret.bi
inc/wx-c/checkbox.bi
inc/wx-c/childfocusevent.bi
inc/wx-c/choice.bi
inc/wx-c/choicedialog.bi
inc/wx-c/classes.bi
inc/wx-c/clientdata.bi
inc/wx-c/clipboard.bi
inc/wx-c/closeevent.bi
inc/wx-c/colour.bi
inc/wx-c/colourdialog.bi
inc/wx-c/combobox.bi
inc/wx-c/commandevent.bi
inc/wx-c/config.bi
inc/wx-c/contextmenuevent.bi
inc/wx-c/control.bi
inc/wx-c/cursor.bi
inc/wx-c/dataformat.bi
inc/wx-c/dataobject.bi
inc/wx-c/dc.bi
inc/wx-c/defs.bi
inc/wx-c/dialog.bi
inc/wx-c/dirdialog.bi
inc/wx-c/display.bi
inc/wx-c/displaychangedevent.bi
inc/wx-c/dnd.bi
inc/wx-c/docmanager.bi
inc/wx-c/doctemplate.bi
inc/wx-c/document.bi
inc/wx-c/eraseevent.bi
inc/wx-c/event.bi
inc/wx-c/evthandler.bi
inc/wx-c/filedialog.bi
inc/wx-c/findreplacedialog.bi
inc/wx-c/flexgridsizer.bi
inc/wx-c/focusevent.bi
inc/wx-c/font.bi
inc/wx-c/fontdialog.bi
inc/wx-c/fontmisc.bi
inc/wx-c/frame.bi
inc/wx-c/gauge.bi
inc/wx-c/gdicmn.bi
inc/wx-c/gdiobject.bi
inc/wx-c/global.bi
inc/wx-c/grid.bi
inc/wx-c/gridbagsizer.bi
inc/wx-c/gridctrl.bi
inc/wx-c/gridsizer.bi
inc/wx-c/helpevent.bi
inc/wx-c/html.bi
inc/wx-c/htmlhelpctrl.bi
inc/wx-c/htmllbox.bi
inc/wx-c/icon.bi
inc/wx-c/iconizeevent.bi
inc/wx-c/idleevent.bi
inc/wx-c/image.bi
inc/wx-c/imagelist.bi
inc/wx-c/imghandler.bi
inc/wx-c/initdialogevent.bi
inc/wx-c/keyevent.bi
inc/wx-c/laywin.bi
inc/wx-c/listbook.bi
inc/wx-c/listbox.bi
inc/wx-c/listctrl.bi
inc/wx-c/locale.bi
inc/wx-c/log.bi
inc/wx-c/maximizeevent.bi
inc/wx-c/mdi.bi
inc/wx-c/memorydc.bi
inc/wx-c/menu.bi
inc/wx-c/menubar.bi
inc/wx-c/menuitem.bi
inc/wx-c/messagedialog.bi
inc/wx-c/miniframe.bi
inc/wx-c/mousecapturechangedevent.bi
inc/wx-c/mouseevent.bi
inc/wx-c/moveevent.bi
inc/wx-c/navigationkeyevent.bi
inc/wx-c/ncpaintevent.bi
inc/wx-c/notebook.bi
inc/wx-c/notebooksizer.bi
inc/wx-c/object.bi
inc/wx-c/paintevent.bi
inc/wx-c/palette.bi
inc/wx-c/palettechangedevent.bi
inc/wx-c/panel.bi
inc/wx-c/pen.bi
inc/wx-c/printdata.bi
inc/wx-c/printdialog.bi
inc/wx-c/printer.bi
inc/wx-c/printpreview.bi
inc/wx-c/progdlg.bi
inc/wx-c/querynewpaletteevent.bi
inc/wx-c/radiobox.bi
inc/wx-c/radiobutton.bi
inc/wx-c/region.bi
inc/wx-c/sashwindow.bi
inc/wx-c/scrollbar.bi
inc/wx-c/scrolledwindow.bi
inc/wx-c/setcursorevent.bi
inc/wx-c/showevent.bi
inc/wx-c/sizeevent.bi
inc/wx-c/sizer.bi
inc/wx-c/sizeritem.bi
inc/wx-c/slider.bi
inc/wx-c/spinbutton.bi
inc/wx-c/spinctrl.bi
inc/wx-c/splashscreen.bi
inc/wx-c/splitterwindow.bi
inc/wx-c/staticbitmap.bi
inc/wx-c/staticbox.bi
inc/wx-c/staticboxsizer.bi
inc/wx-c/staticline.bi
inc/wx-c/statictext.bi
inc/wx-c/statusbar.bi
inc/wx-c/styledtextctrl.bi
inc/wx-c/syscolourchangedevent.bi
inc/wx-c/systemsettings.bi
inc/wx-c/tabctrl.bi
inc/wx-c/textctrl.bi
inc/wx-c/textdialog.bi
inc/wx-c/tipdialog.bi
inc/wx-c/tipwindow.bi
inc/wx-c/togglebutton.bi
inc/wx-c/toolbar.bi
inc/wx-c/tooltip.bi
inc/wx-c/treectrl.bi
inc/wx-c/updateuievent.bi
inc/wx-c/validator.bi
inc/wx-c/view.bi
inc/wx-c/vlbox.bi
inc/wx-c/vscroll.bi
inc/wx-c/window.bi
inc/wx-c/windowcreateevent.bi
inc/wx-c/windowdestroyevent.bi
inc/wx-c/wizard.bi
inc/wx-c/wizardpagesimple.bi
inc/wx-c/wx.bi
inc/wx-c/wxdatetime.bi
inc/wx-c/wxstring.bi
inc/wx-c/xmlresource.bi
inc/zlib.bi
lib/win32/crt2.o
lib/win32/crtbegin.o
lib/win32/crtend.o
lib/win32/dllcrt2.o
lib/win32/libALut.a
lib/win32/libFreeImage.dll.a
lib/win32/libNewton.dll.a
lib/win32/libOpenAL32.dll.a
lib/win32/libSDL.dll.a
lib/win32/libSDL_gfx.dll.a
lib/win32/libSDL_image.dll.a
lib/win32/libSDL_mixer.dll.a
lib/win32/libSDL_net.dll.a
lib/win32/libSDL_ttf.dll.a
lib/win32/libaclui.dll.a
lib/win32/libadvapi32.dll.a
lib/win32/liballeg.dll.a
lib/win32/libart_lgpl_2.dll.a
lib/win32/libatk-1.0.dll.a
lib/win32/libavifil32.dll.a
lib/win32/libbass.dll.a
lib/win32/libbassmod.dll.a
lib/win32/libbig_int.a
lib/win32/libcgi-util.a
lib/win32/libcgui.dll.a
lib/win32/libcoldname.a
lib/win32/libcomctl32.dll.a
lib/win32/libcomdlg32.dll.a
lib/win32/libcrtdll.dll.a
lib/win32/libcrypt.dll.a
lib/win32/libcrypt32.dll.a
lib/win32/libctl3d32.dll.a
lib/win32/libcurl.dll.a
lib/win32/libcurses.a
lib/win32/libd3d9.dll.a
lib/win32/libd3dim.dll.a
lib/win32/libd3drm.dll.a
lib/win32/libd3dx9d.dll.a
lib/win32/libd3dxof.dll.a
lib/win32/libddraw.dll.a
lib/win32/libdinput.dll.a
lib/win32/libdisphelper.a
lib/win32/libdplayx.dll.a
lib/win32/libdsetup.dll.a
lib/win32/libdsound.dll.a
lib/win32/libdxerr9.dll.a
lib/win32/libdxguid.a
lib/win32/libexpat.dll.a
lib/win32/libexpatw.dll.a
lib/win32/libfb.a
lib/win32/libfbgfx.a
lib/win32/libfbmt.a
lib/win32/libfbx.a
lib/win32/libfbxmt.a
lib/win32/libfcgi.dll.a
lib/win32/libfmod.dll.a
lib/win32/libfreetype.dll.a
lib/win32/libgcc.a
lib/win32/libgd.a
lib/win32/libgdi32.dll.a
lib/win32/libgdk-win32-2.0.dll.a
lib/win32/libgdk_pixbuf-2.0.dll.a
lib/win32/libgdkglext-win32-1.0.dll.a
lib/win32/libgdsl.a
lib/win32/libgif.dll.a
lib/win32/libglade-2.0.dll.a
lib/win32/libglfw.a
lib/win32/libglib-2.0.dll.a
lib/win32/libglu32.dll.a
lib/win32/libglut32.dll.a
lib/win32/libgmodule-2.0.dll.a
lib/win32/libgmp.dll.a
lib/win32/libgobject-2.0.dll.a
lib/win32/libgsl.dll.a
lib/win32/libgtk-win32-2.0.dll.a
lib/win32/libgtkglext-win32-1.0.dll.a
lib/win32/libigmpagnt.dll.a
lib/win32/libimagehlp.dll.a
lib/win32/libimm32.dll.a
lib/win32/libiphlpapi.dll.a
lib/win32/libiup.dll.a
lib/win32/libiupcontrols.dll.a
lib/win32/libjpeg.dll.a
lib/win32/libjs.dll.a
lib/win32/libkernel32.dll.a
lib/win32/liblua.a
lib/win32/liblualib.a
lib/win32/liblz32.dll.a
lib/win32/libmapi32.dll.a
lib/win32/libmgmtapi.dll.a
lib/win32/libmingw32.a
lib/win32/libmingwex.a
lib/win32/libmoldname.a
lib/win32/libmsacm32.dll.a
lib/win32/libmsvcrt.dll.a
lib/win32/libmswsock.dll.a
lib/win32/libmySQL.dll.a
lib/win32/libnddeapi.dll.a
lib/win32/libnetapi32.dll.a
lib/win32/libntdll.dll.a
lib/win32/libodbc32.dll.a
lib/win32/libodbccp32.dll.a
lib/win32/libole32.dll.a
lib/win32/liboleacc.dll.a
lib/win32/liboleaut32.dll.a
lib/win32/libolecli32.dll.a
lib/win32/liboledlg.dll.a
lib/win32/libolepro32.dll.a
lib/win32/libolesvr32.dll.a
lib/win32/libopengl32.dll.a
lib/win32/libpango-1.0.dll.a
lib/win32/libpangowin32-1.0.dll.a
lib/win32/libpcre.dll.a
lib/win32/libpcreposix.dll.a
lib/win32/libpdf.dll.a
lib/win32/libpng.dll.a
lib/win32/libpowrprof.dll.a
lib/win32/libpsapi.dll.a
lib/win32/librasapi32.dll.a
lib/win32/librasdlg.dll.a
lib/win32/librpcdce4.dll.a
lib/win32/librpcns4.dll.a
lib/win32/librpcrt4.dll.a
lib/win32/libsecur32.dll.a
lib/win32/libsetupapi.dll.a
lib/win32/libshell32.dll.a
lib/win32/libshfolder.dll.a
lib/win32/libshlwapi.dll.a
lib/win32/libsnmpapi.dll.a
lib/win32/libsqlite3.dll.a
lib/win32/libstrmiids.a
lib/win32/libtapi32.dll.a
lib/win32/libthunk32.dll.a
lib/win32/libtinyptc-win.a
lib/win32/libtinyptc.a
lib/win32/libtre.a
lib/win32/liburl.dll.a
lib/win32/libuser32.dll.a
lib/win32/libuserenv.dll.a
lib/win32/libuuid.a
lib/win32/libuxtheme.dll.a
lib/win32/libversion.dll.a
lib/win32/libwininet.dll.a
lib/win32/libwinmm.dll.a
lib/win32/libwinspool.dll.a
lib/win32/libwldap32.dll.a
lib/win32/libws2_32.dll.a
lib/win32/libwsnmp32.dll.a
lib/win32/libwsock32.dll.a
lib/win32/libwx-c.dll.a
lib/win32/libxml2.dll.a
lib/win32/libxslt.dll.a
lib/win32/libz.dll.a
