bin/fbc.exe
include/freebasic/CUnit/Automated.bi
include/freebasic/CUnit/Basic.bi
include/freebasic/CUnit/CUCurses.bi
include/freebasic/CUnit/CUError.bi
include/freebasic/CUnit/CUnit.bi
include/freebasic/CUnit/Console.bi
include/freebasic/CUnit/TestDB.bi
include/freebasic/CUnit/TestRun.bi
include/freebasic/CUnit/Util.bi
include/freebasic/IUP/iup.bi
include/freebasic/IUP/iup_mglplot.bi
include/freebasic/IUP/iup_pplot.bi
include/freebasic/IUP/iup_scintilla.bi
include/freebasic/IUP/iupcb.bi
include/freebasic/IUP/iupcbox.bi
include/freebasic/IUP/iupcbs.bi
include/freebasic/IUP/iupcells.bi
include/freebasic/IUP/iupcolorbar.bi
include/freebasic/IUP/iupcontrols.bi
include/freebasic/IUP/iupdef.bi
include/freebasic/IUP/iupdial.bi
include/freebasic/IUP/iupgauge.bi
include/freebasic/IUP/iupgc.bi
include/freebasic/IUP/iupgetparam.bi
include/freebasic/IUP/iupgl.bi
include/freebasic/IUP/iupglcontrols.bi
include/freebasic/IUP/iupim.bi
include/freebasic/IUP/iupkey.bi
include/freebasic/IUP/iuplua.bi
include/freebasic/IUP/iuplua_mglplot.bi
include/freebasic/IUP/iuplua_pplot.bi
include/freebasic/IUP/iuplua_scintilla.bi
include/freebasic/IUP/iupluacontrols.bi
include/freebasic/IUP/iupluagl.bi
include/freebasic/IUP/iupluaglcontrols.bi
include/freebasic/IUP/iupluaim.bi
include/freebasic/IUP/iupluamatrixex.bi
include/freebasic/IUP/iupluaole.bi
include/freebasic/IUP/iupluatuio.bi
include/freebasic/IUP/iupluaweb.bi
include/freebasic/IUP/iupmask.bi
include/freebasic/IUP/iupmatrix.bi
include/freebasic/IUP/iupmatrixex.bi
include/freebasic/IUP/iupole.bi
include/freebasic/IUP/iupsbox.bi
include/freebasic/IUP/iupspin.bi
include/freebasic/IUP/iuptabs.bi
include/freebasic/IUP/iuptree.bi
include/freebasic/IUP/iuptuio.bi
include/freebasic/IUP/iupval.bi
include/freebasic/IUP/iupweb.bi
include/freebasic/Lua/lauxlib.bi
include/freebasic/Lua/lua.bi
include/freebasic/Lua/lualib.bi
include/freebasic/allegro.bi
include/freebasic/allegro/algif.bi
include/freebasic/allegro/alpng.bi
include/freebasic/allegro5/allegro.bi
include/freebasic/allegro5/allegro_acodec.bi
include/freebasic/allegro5/allegro_audio.bi
include/freebasic/allegro5/allegro_color.bi
include/freebasic/allegro5/allegro_font.bi
include/freebasic/allegro5/allegro_image.bi
include/freebasic/allegro5/allegro_memfile.bi
include/freebasic/allegro5/allegro_native_dialog.bi
include/freebasic/allegro5/allegro_physfs.bi
include/freebasic/allegro5/allegro_primitives.bi
include/freebasic/allegro5/allegro_ttf.bi
include/freebasic/cgui.bi
include/freebasic/clang-c.bi
include/freebasic/crt.bi
include/freebasic/crt/arpa/inet.bi
include/freebasic/crt/bits/locale.bi
include/freebasic/crt/bits/pthreadtypes.bi
include/freebasic/crt/bits/sigset.bi
include/freebasic/crt/ctype.bi
include/freebasic/crt/dir.bi
include/freebasic/crt/dos/dir.bi
include/freebasic/crt/dos/fcntl.bi
include/freebasic/crt/dos/stdio.bi
include/freebasic/crt/dos/time.bi
include/freebasic/crt/dos/unistd.bi
include/freebasic/crt/dos/wchar.bi
include/freebasic/crt/errno.bi
include/freebasic/crt/fcntl.bi
include/freebasic/crt/io.bi
include/freebasic/crt/limits.bi
include/freebasic/crt/linux/ctype.bi
include/freebasic/crt/linux/fcntl.bi
include/freebasic/crt/linux/netdb.bi
include/freebasic/crt/linux/stdio.bi
include/freebasic/crt/linux/stdlib.bi
include/freebasic/crt/linux/syslog.bi
include/freebasic/crt/linux/time.bi
include/freebasic/crt/linux/unistd.bi
include/freebasic/crt/linux/wchar.bi
include/freebasic/crt/locale.bi
include/freebasic/crt/long.bi
include/freebasic/crt/longdouble.bi
include/freebasic/crt/malloc.bi
include/freebasic/crt/math.bi
include/freebasic/crt/netdb.bi
include/freebasic/crt/netinet/in.bi
include/freebasic/crt/netinet/linux/in.bi
include/freebasic/crt/process.bi
include/freebasic/crt/setjmp.bi
include/freebasic/crt/stdarg.bi
include/freebasic/crt/stddef.bi
include/freebasic/crt/stdint.bi
include/freebasic/crt/stdio.bi
include/freebasic/crt/stdlib.bi
include/freebasic/crt/string.bi
include/freebasic/crt/sys/dos/time.bi
include/freebasic/crt/sys/dos/types.bi
include/freebasic/crt/sys/linux/select.bi
include/freebasic/crt/sys/linux/socket.bi
include/freebasic/crt/sys/linux/time.bi
include/freebasic/crt/sys/linux/types.bi
include/freebasic/crt/sys/select.bi
include/freebasic/crt/sys/socket.bi
include/freebasic/crt/sys/stat.bi
include/freebasic/crt/sys/time.bi
include/freebasic/crt/sys/types.bi
include/freebasic/crt/sys/uio.bi
include/freebasic/crt/sys/win32/stat.bi
include/freebasic/crt/sys/win32/time.bi
include/freebasic/crt/sys/win32/types.bi
include/freebasic/crt/time.bi
include/freebasic/crt/unistd.bi
include/freebasic/crt/wchar.bi
include/freebasic/crt/win32/ctype.bi
include/freebasic/crt/win32/fcntl.bi
include/freebasic/crt/win32/process.bi
include/freebasic/crt/win32/stdio.bi
include/freebasic/crt/win32/stdlib.bi
include/freebasic/crt/win32/time.bi
include/freebasic/crt/win32/unistd.bi
include/freebasic/crt/win32/wchar.bi
include/freebasic/curl.bi
include/freebasic/curses.bi
include/freebasic/curses/ncurses.bi
include/freebasic/curses/pdcurses.bi
include/freebasic/datetime.bi
include/freebasic/dir.bi
include/freebasic/fbgfx.bi
include/freebasic/fbio.bi
include/freebasic/fbthread.bi
include/freebasic/ffi.bi
include/freebasic/file.bi
include/freebasic/fmod.bi
include/freebasic/jit.bi
include/freebasic/llvm-c.bi
include/freebasic/png.bi
include/freebasic/png12.bi
include/freebasic/png14.bi
include/freebasic/png15.bi
include/freebasic/png16.bi
include/freebasic/string.bi
include/freebasic/utf_conv.bi
include/freebasic/vbcompat.bi
include/freebasic/zip.bi
include/freebasic/zlib.bi
lib/freebasic/win64/fbextra.x
lib/freebasic/win64/fbrt0.o
lib/freebasic/win64/libfb.a
lib/freebasic/win64/libfbgfx.a
lib/freebasic/win64/libfbgfxmt.a
lib/freebasic/win64/libfbmt.a
