bin/fbc
changelog.txt
doc/fbc.1
doc/gpl.txt
doc/lgpl.txt
examples/DOS/isrtimer.bas
examples/DOS/modex.bas
examples/DOS/mouse.bas
examples/DOS/textbuff.bas
examples/DOS/vga13h.bas
examples/GUI/CGUI/hello.bas
examples/GUI/GTK+/FB_Calc/FB_Calc.bas
examples/GUI/GTK+/FB_Calc/FB_Calc.pot
examples/GUI/GTK+/FB_Calc/FB_Calc.ui
examples/GUI/GTK+/FB_Calc/locale_/de/LC_MESSAGES/FB_Calc.mo
examples/GUI/GTK+/FB_Calc/locale_/de/LC_MESSAGES/FB_Calc.po
examples/GUI/GTK+/FB_Calc/locale_/en/LC_MESSAGES/FB_Calc.mo
examples/GUI/GTK+/FB_Calc/locale_/en/LC_MESSAGES/FB_Calc.po
examples/GUI/GTK+/FB_Calc/tobac/FB_Calc_tobac.bas
examples/GUI/GTK+/FB_Calc/tobac/on_number_clicked.bas
examples/GUI/GTK+/FB_Calc/tobac/on_operation_clicked.bas
examples/GUI/GTK+/FreeBasic.png
examples/GUI/GTK+/GooCanvas/GooGrid.bas
examples/GUI/GTK+/GooCanvas/demo-animation.bas
examples/GUI/GTK+/GooCanvas/demo-arrowhead.bas
examples/GUI/GTK+/GooCanvas/demo-features.bas
examples/GUI/GTK+/GooCanvas/demo-focus.bas
examples/GUI/GTK+/GooCanvas/demo-item.bas
examples/GUI/GTK+/GooCanvas/demo-table.bas
examples/GUI/GTK+/GooCanvas/goocanvas-2.0.0_Test.bas
examples/GUI/GTK+/Gtk-2/deprecated/clist.bas
examples/GUI/GTK+/Gtk-2/deprecated/filesel.bas
examples/GUI/GTK+/Gtk-2/deprecated/list.bas
examples/GUI/GTK+/Gtk-2/deprecated/pixmap.bas
examples/GUI/GTK+/Gtk-2/deprecated/rulers.bas
examples/GUI/GTK+/Gtk-2/deprecated/scribble-simple.bas
examples/GUI/GTK+/Gtk-2/deprecated/tree.bas
examples/GUI/GTK+/Gtk-2/gdk_image.bas
examples/GUI/GTK+/Gtk-2/opengl_button.bas
examples/GUI/GTK+/Gtk-3/GtkBuilder_Cairo.bas
examples/GUI/GTK+/Gtk-3/gtk_applicationE110.bas
examples/GUI/GTK+/GtkBuilder.bas
examples/GUI/GTK+/GtkBuilder1.ui
examples/GUI/GTK+/GtkBuilder2.ui
examples/GUI/GTK+/GtkVersionCheck.bas
examples/GUI/GTK+/ListView.ui
examples/GUI/GTK+/Tutorials/arrow.bas
examples/GUI/GTK+/Tutorials/aspectframe.bas
examples/GUI/GTK+/Tutorials/base.bas
examples/GUI/GTK+/Tutorials/buttonbox.bas
examples/GUI/GTK+/Tutorials/buttons.bas
examples/GUI/GTK+/Tutorials/calendar.bas
examples/GUI/GTK+/Tutorials/clist.bas
examples/GUI/GTK+/Tutorials/colorsel.bas
examples/GUI/GTK+/Tutorials/entry.bas
examples/GUI/GTK+/Tutorials/eventbox.bas
examples/GUI/GTK+/Tutorials/filesel.bas
examples/GUI/GTK+/Tutorials/fixed.bas
examples/GUI/GTK+/Tutorials/frame.bas
examples/GUI/GTK+/Tutorials/helloworld.bas
examples/GUI/GTK+/Tutorials/helloworld2.bas
examples/GUI/GTK+/Tutorials/imagebutton.bas
examples/GUI/GTK+/Tutorials/info.xpm
examples/GUI/GTK+/Tutorials/label.bas
examples/GUI/GTK+/Tutorials/list.bas
examples/GUI/GTK+/Tutorials/menu.bas
examples/GUI/GTK+/Tutorials/notebook.bas
examples/GUI/GTK+/Tutorials/packbox.bas
examples/GUI/GTK+/Tutorials/paned.bas
examples/GUI/GTK+/Tutorials/pixmap.bas
examples/GUI/GTK+/Tutorials/progressbar.bas
examples/GUI/GTK+/Tutorials/radiobuttons.bas
examples/GUI/GTK+/Tutorials/rangewidgets.bas
examples/GUI/GTK+/Tutorials/rulers.bas
examples/GUI/GTK+/Tutorials/scribble-simple.bas
examples/GUI/GTK+/Tutorials/scrolledwin.bas
examples/GUI/GTK+/Tutorials/spinbutton.bas
examples/GUI/GTK+/Tutorials/statusbar.bas
examples/GUI/GTK+/Tutorials/table.bas
examples/GUI/GTK+/Tutorials/text.bas
examples/GUI/GTK+/Tutorials/textview.bas
examples/GUI/GTK+/Tutorials/toolbar.bas
examples/GUI/GTK+/Tutorials/tree.bas
examples/GUI/GTK+/combo_test.bas
examples/GUI/GTK+/filechooser_test.bas
examples/GUI/GTK+/gdk_image.bas
examples/GUI/GTK+/glade-xml.bas
examples/GUI/GTK+/glade_gui.bas
examples/GUI/GTK+/glade_gui.xml
examples/GUI/GTK+/opengl_button.bas
examples/GUI/GTK+/test.xml
examples/GUI/GTK+/text_buffer.bas
examples/GUI/IUP/buttons.bas
examples/GUI/IUP/color.bas
examples/GUI/IUP/frame.bas
examples/GUI/IUP/message.bas
examples/GUI/win32/bitmap.bas
examples/GUI/win32/calendar.bas
examples/GUI/win32/dialogres/dialog.bas
examples/GUI/win32/dialogres/dialog.bi
examples/GUI/win32/dialogres/dialog.rc
examples/GUI/win32/fileopen.bas
examples/GUI/win32/hello.bas
examples/GUI/win32/hello_region.bas
examples/GUI/win32/menu.bas
examples/GUI/win32/menures/menu.bas
examples/GUI/win32/menures/menures.bi
examples/GUI/win32/menures/menures.rc
examples/GUI/win32/shellfolder.bas
examples/GUI/win32/toolbar.bas
examples/GUI/win32/treeview.bas
examples/GUI/wx-c/fonts_and_colours.bas
examples/GUI/wx-c/mdi.bas
examples/GUI/wx-c/sizers.bas
examples/GUI/wx-c/wx-c_demo.bas
examples/allocate.bas
examples/arrays.bas
examples/bitfield.bas
examples/byref-results.bas
examples/class.bas
examples/cmdline.bas
examples/compression/QuickLZ.bas
examples/compression/bz2compress.bas
examples/compression/libzip.bas
examples/compression/zlib.bas
examples/console/caca/cacaball.bas
examples/console/caca/cacaplas.bas
examples/console/color.bas
examples/console/curses/curses.bas
examples/console/inkey.bas
examples/console/mouse.bas
examples/console/pcopy.bas
examples/console/tui.bas
examples/const.bas
examples/constructor.bas
examples/database/mysql_test.bas
examples/database/postgresql_test.bas
examples/database/sqlite2_test.bas
examples/database/sqlite2_test.db
examples/database/sqlite3_test.bas
examples/database/sqlite3_test.db
examples/datatype.bas
examples/dll/dylib.bas
examples/dll/mydll.bas
examples/dll/mydll.bi
examples/dll/test.bas
examples/enum.bas
examples/fblogo.bmp
examples/fblogo.gif
examples/fblogo.jpg
examples/fblogo.png
examples/files/DevIL/copy.bas
examples/files/FreeImage/fb.bas
examples/files/FreeImage/sdl.bas
examples/files/GD/gd.bas
examples/files/GIFLIB/loadgif.bas
examples/files/array.bas
examples/files/binary.bas
examples/files/input.bas
examples/files/jpeglib/color.jpg
examples/files/jpeglib/example.bas
examples/files/libpng/alpha.png
examples/files/libpng/color.png
examples/files/libpng/png.bas
examples/files/pdflib/test.bas
examples/files/pipe.bas
examples/files/random.bas
examples/files/records.bas
examples/files/text.bas
examples/graphics/Allegro/dialog.bas
examples/graphics/Allegro/hello.bas
examples/graphics/Allegro/mouse.bas
examples/graphics/Allegro/stars.bas
examples/graphics/Allegro/timer.bas
examples/graphics/FreeType/char.bas
examples/graphics/FreeType/drawstr.bas
examples/graphics/OpenGL/NeHe/3Dobject.bi
examples/graphics/OpenGL/NeHe/bmpload.bi
examples/graphics/OpenGL/NeHe/createtex.bi
examples/graphics/OpenGL/NeHe/data/BG.bmp
examples/graphics/OpenGL/NeHe/data/Ball.bmp
examples/graphics/OpenGL/NeHe/data/Base.bmp
examples/graphics/OpenGL/NeHe/data/BlueFace.tga
examples/graphics/OpenGL/NeHe/data/Bucket.tga
examples/graphics/OpenGL/NeHe/data/Bump.bmp
examples/graphics/OpenGL/NeHe/data/Bumps.bmp
examples/graphics/OpenGL/NeHe/data/Coke.tga
examples/graphics/OpenGL/NeHe/data/Compressed.tga
examples/graphics/OpenGL/NeHe/data/Crate.bmp
examples/graphics/OpenGL/NeHe/data/Crosshair.tga
examples/graphics/OpenGL/NeHe/data/Cube.bmp
examples/graphics/OpenGL/NeHe/data/Envroll.bmp
examples/graphics/OpenGL/NeHe/data/Envwall.bmp
examples/graphics/OpenGL/NeHe/data/Explode.tga
examples/graphics/OpenGL/NeHe/data/Font.bmp
examples/graphics/OpenGL/NeHe/data/Font.tga
examples/graphics/OpenGL/NeHe/data/GL.raw
examples/graphics/OpenGL/NeHe/data/Glass.bmp
examples/graphics/OpenGL/NeHe/data/Ground.tga
examples/graphics/OpenGL/NeHe/data/Image1.bmp
examples/graphics/OpenGL/NeHe/data/Image2.bmp
examples/graphics/OpenGL/NeHe/data/Logo.bmp
examples/graphics/OpenGL/NeHe/data/Mask1.bmp
examples/graphics/OpenGL/NeHe/data/Mask2.bmp
examples/graphics/OpenGL/NeHe/data/Model.ms3d
examples/graphics/OpenGL/NeHe/data/Monitor.raw
examples/graphics/OpenGL/NeHe/data/Mud.bmp
examples/graphics/OpenGL/NeHe/data/Multi_On.bmp
examples/graphics/OpenGL/NeHe/data/Multi_On_Alpha.bmp
examples/graphics/OpenGL/NeHe/data/NeHe.bmp
examples/graphics/OpenGL/NeHe/data/Object2.txt
examples/graphics/OpenGL/NeHe/data/OpenGL.bmp
examples/graphics/OpenGL/NeHe/data/OpenGL_Alpha.bmp
examples/graphics/OpenGL/NeHe/data/Reflect.bmp
examples/graphics/OpenGL/NeHe/data/Shot.wav
examples/graphics/OpenGL/NeHe/data/Sky.tga
examples/graphics/OpenGL/NeHe/data/Sphere.txt
examples/graphics/OpenGL/NeHe/data/Star.bmp
examples/graphics/OpenGL/NeHe/data/Target.tga
examples/graphics/OpenGL/NeHe/data/Terrain.raw
examples/graphics/OpenGL/NeHe/data/Tim.bmp
examples/graphics/OpenGL/NeHe/data/Torus.txt
examples/graphics/OpenGL/NeHe/data/Tube.txt
examples/graphics/OpenGL/NeHe/data/Uncompressed.tga
examples/graphics/OpenGL/NeHe/data/Vase.tga
examples/graphics/OpenGL/NeHe/data/Wall.bmp
examples/graphics/OpenGL/NeHe/data/Wood.bmp
examples/graphics/OpenGL/NeHe/data/World.txt
examples/graphics/OpenGL/NeHe/data/colpatt.bmp
examples/graphics/OpenGL/NeHe/data/particle.bmp
examples/graphics/OpenGL/NeHe/lesson05.bas
examples/graphics/OpenGL/NeHe/lesson06.bas
examples/graphics/OpenGL/NeHe/lesson07.bas
examples/graphics/OpenGL/NeHe/lesson08.bas
examples/graphics/OpenGL/NeHe/lesson09.bas
examples/graphics/OpenGL/NeHe/lesson10.bas
examples/graphics/OpenGL/NeHe/lesson11.bas
examples/graphics/OpenGL/NeHe/lesson12.bas
examples/graphics/OpenGL/NeHe/lesson16.bas
examples/graphics/OpenGL/NeHe/lesson17.bas
examples/graphics/OpenGL/NeHe/lesson18.bas
examples/graphics/OpenGL/NeHe/lesson19.bas
examples/graphics/OpenGL/NeHe/lesson20.bas
examples/graphics/OpenGL/NeHe/lesson21.bas
examples/graphics/OpenGL/NeHe/lesson22.bas
examples/graphics/OpenGL/NeHe/lesson23.bas
examples/graphics/OpenGL/NeHe/lesson24.bas
examples/graphics/OpenGL/NeHe/lesson25.bas
examples/graphics/OpenGL/NeHe/lesson26.bas
examples/graphics/OpenGL/NeHe/lesson27.bas
examples/graphics/OpenGL/NeHe/lesson28.bas
examples/graphics/OpenGL/NeHe/lesson29.bas
examples/graphics/OpenGL/NeHe/lesson31.bas
examples/graphics/OpenGL/NeHe/lesson32.bas
examples/graphics/OpenGL/NeHe/lesson33.bas
examples/graphics/OpenGL/NeHe/lesson34.bas
examples/graphics/OpenGL/NeHe/lesson36.bas
examples/graphics/OpenGL/NeHe/milkshapemodel.bi
examples/graphics/OpenGL/NeHe/tgaloader.bi
examples/graphics/OpenGL/fbgfx_opengl.bas
examples/graphics/OpenGL/fbgfx_texture.bas
examples/graphics/OpenGL/fbgl/fbgl.bas
examples/graphics/OpenGL/fbgl/fbgl.bi
examples/graphics/OpenGL/fbgl/line.bas
examples/graphics/OpenGL/gl_test.bas
examples/graphics/OpenGL/glext_test.bas
examples/graphics/OpenGL/glfw_splitview.bas
examples/graphics/OpenGL/glu_quadrics.bas
examples/graphics/OpenGL/terrain.bmp
examples/graphics/SDL/cdrom.bas
examples/graphics/SDL/data/Vera.ttf
examples/graphics/SDL/data/basic.gif
examples/graphics/SDL/data/free.jpg
examples/graphics/SDL/data/horse.tga
examples/graphics/SDL/data/music.ogg
examples/graphics/SDL/data/phaser.wav
examples/graphics/SDL/events.bas
examples/graphics/SDL/gfx_line.bas
examples/graphics/SDL/image_test1.bas
examples/graphics/SDL/image_test2.bas
examples/graphics/SDL/keymouse.bas
examples/graphics/SDL/mouse.bas
examples/graphics/SDL/music_test1.bas
examples/graphics/SDL/music_test2.bas
examples/graphics/SDL/net_httpget.bas
examples/graphics/SDL/opengl.bas
examples/graphics/SDL/pixel.bas
examples/graphics/SDL/timer.bas
examples/graphics/SDL/ttf.bas
examples/graphics/SDL/video_info.bas
examples/graphics/cairo/cairo_elipsis.bas
examples/graphics/cairo/cairo_output.bas
examples/graphics/cairo/clock.bas
examples/graphics/depth.bas
examples/graphics/events.bas
examples/graphics/flame.bas
examples/graphics/getput.bas
examples/graphics/grx/grx.bas
examples/graphics/imageinfo.bas
examples/graphics/input.bas
examples/graphics/mt.bas
examples/graphics/qbsprite.bas
examples/graphics/tinyptc/mandbrot.bas
examples/graphics/tinyptc/ptc_test.bas
examples/graphics/tinyptc/rel-blob.bas
examples/graphics/tinyptc/rel-flower.bas
examples/graphics/tinyptc/rel-juliarings.bas
examples/graphics/tinyptc/rel-lens.bas
examples/graphics/tinyptc/rel-plasma.bas
examples/graphics/tinyptc/rel-sprites.bas
examples/graphics/tinyptc/rel-torus.bas
examples/hello.bas
examples/iterator.bas
examples/literals.bas
examples/loops.bas
examples/manual/array/clear.bas
examples/manual/array/ellipsis.bas
examples/manual/array/erase.bas
examples/manual/array/lbound.bas
examples/manual/array/preserve.bas
examples/manual/array/redim.bas
examples/manual/array/redim2d.bas
examples/manual/array/ubound.bas
examples/manual/array/ubound2.bas
examples/manual/array/ubound3.bas
examples/manual/array/ubound4.bas
examples/manual/array/ubound5.bas
examples/manual/bits/bit.bas
examples/manual/bits/bitreset.bas
examples/manual/bits/bitset.bas
examples/manual/bits/hibyte.bas
examples/manual/bits/hiword.bas
examples/manual/bits/lobyte.bas
examples/manual/bits/loword.bas
examples/manual/casting/cast.bas
examples/manual/casting/cbyte.bas
examples/manual/casting/cdbl.bas
examples/manual/casting/cint.bas
examples/manual/casting/clng.bas
examples/manual/casting/clngint.bas
examples/manual/casting/cptr.bas
examples/manual/casting/cshort.bas
examples/manual/casting/csign.bas
examples/manual/casting/csng.bas
examples/manual/casting/cubyte.bas
examples/manual/casting/cuint.bas
examples/manual/casting/culng.bas
examples/manual/casting/culngint.bas
examples/manual/casting/cunsg.bas
examples/manual/casting/cushort.bas
examples/manual/check/KeyPgClass_1.bas
examples/manual/check/KeyPgCommand_Dos.bas
examples/manual/check/KeyPgCommand_mingw.bas
examples/manual/check/KeyPgDim_1.bas
examples/manual/check/KeyPgDim_2.bas
examples/manual/check/KeyPgDim_3.bas
examples/manual/check/KeyPgDim_4.bas
examples/manual/check/KeyPgDim_5.bas
examples/manual/check/KeyPgDim_6.bas
examples/manual/check/KeyPgDim_7.bas
examples/manual/check/KeyPgMultikey_1.bas
examples/manual/check/KeyPgOptionbase_1.bas
examples/manual/check/KeyPgResume_1.bas
examples/manual/check/KeyPgResumenext_1.bas
examples/manual/check/KeyPgScreenevent_1.bas
examples/manual/console/cls.bas
examples/manual/console/color.bas
examples/manual/console/csrlin.bas
examples/manual/console/input-n.bas
examples/manual/console/input.bas
examples/manual/console/input2.bas
examples/manual/console/lineinput.bas
examples/manual/console/locate-getmouse.bas
examples/manual/console/locate.bas
examples/manual/console/pos.bas
examples/manual/console/print-using.bas
examples/manual/console/print.bas
examples/manual/console/print2.bas
examples/manual/console/screen-func.bas
examples/manual/console/spc.bas
examples/manual/console/spc2.bas
examples/manual/console/tab.bas
examples/manual/console/view-gfx.bas
examples/manual/console/view.bas
examples/manual/console/width-func.bas
examples/manual/console/width.bas
examples/manual/console/winput.bas
examples/manual/console/write.bas
examples/manual/control/continue.bas
examples/manual/control/continue2.bas
examples/manual/control/do-loop.bas
examples/manual/control/do-loop2.bas
examples/manual/control/end.bas
examples/manual/control/endblock.bas
examples/manual/control/exit.bas
examples/manual/control/exit2.bas
examples/manual/control/for-next.bas
examples/manual/control/for-next2.bas
examples/manual/control/gosub.bas
examples/manual/control/goto.bas
examples/manual/control/gotonum.bas
examples/manual/control/if-then.bas
examples/manual/control/iif.bas
examples/manual/control/iif2.bas
examples/manual/control/iif3.bas
examples/manual/control/iif4.bas
examples/manual/control/next.bas
examples/manual/control/next2.bas
examples/manual/control/next3.bas
examples/manual/control/on-goto.bas
examples/manual/control/ongosub.bas
examples/manual/control/return.bas
examples/manual/control/return2.bas
examples/manual/control/select-speed.bas
examples/manual/control/select.bas
examples/manual/control/step.bas
examples/manual/control/until.bas
examples/manual/control/while-wend.bas
examples/manual/data/data.bas
examples/manual/data/read.bas
examples/manual/data/restore.bas
examples/manual/datatype/byte.bas
examples/manual/datatype/byte2.bas
examples/manual/datatype/const-ovl.bas
examples/manual/datatype/const-ptr.bas
examples/manual/datatype/const-var.bas
examples/manual/datatype/double.bas
examples/manual/datatype/integer.bas
examples/manual/datatype/long.bas
examples/manual/datatype/longint.bas
examples/manual/datatype/pointer.bas
examples/manual/datatype/ptr.bas
examples/manual/datatype/short.bas
examples/manual/datatype/single.bas
examples/manual/datatype/string-buffer.bas
examples/manual/datatype/string-constparam.bas
examples/manual/datatype/string-qbsuffix.bas
examples/manual/datatype/string-varlen.bas
examples/manual/datatype/ubyte.bas
examples/manual/datatype/ubyte2.bas
examples/manual/datatype/uinteger.bas
examples/manual/datatype/ulong.bas
examples/manual/datatype/ulongint.bas
examples/manual/datatype/unsigned.bas
examples/manual/datatype/ushort.bas
examples/manual/datatype/wstring.bas
examples/manual/datatype/wstring2.bas
examples/manual/datatype/zstring.bas
examples/manual/datatype/zstring2.bas
examples/manual/dates/date.bas
examples/manual/dates/dateadd.bas
examples/manual/dates/datediff.bas
examples/manual/dates/datepart.bas
examples/manual/dates/dateserial.bas
examples/manual/dates/datevalue.bas
examples/manual/dates/day.bas
examples/manual/dates/hour.bas
examples/manual/dates/isdate.bas
examples/manual/dates/minute.bas
examples/manual/dates/month.bas
examples/manual/dates/monthname.bas
examples/manual/dates/now.bas
examples/manual/dates/second.bas
examples/manual/dates/time.bas
examples/manual/dates/timer.bas
examples/manual/dates/timeserial.bas
examples/manual/dates/timevalue.bas
examples/manual/dates/weekday.bas
examples/manual/dates/weekdayname.bas
examples/manual/dates/year.bas
examples/manual/debug/assert.bas
examples/manual/debug/assertwarn.bas
examples/manual/debug/stop.bas
examples/manual/defines/date.bas
examples/manual/defines/fbargc.bas
examples/manual/defines/fbargv.bas
examples/manual/defines/fbbigendian.bas
examples/manual/defines/fbbuilddate.bas
examples/manual/defines/fbcygwin.bas
examples/manual/defines/fbdarwin.bas
examples/manual/defines/fbdebug.bas
examples/manual/defines/fbdos.bas
examples/manual/defines/fberr.bas
examples/manual/defines/fbfpmode.bas
examples/manual/defines/fbfpu.bas
examples/manual/defines/fbfreebsd.bas
examples/manual/defines/fblang.bas
examples/manual/defines/fblinux.bas
examples/manual/defines/fbmain.bas
examples/manual/defines/fbminversion.bas
examples/manual/defines/fbmt.bas
examples/manual/defines/fbnetbsd.bas
examples/manual/defines/fbopenbsd.bas
examples/manual/defines/fboptionbyval.bas
examples/manual/defines/fboptiondynamic.bas
examples/manual/defines/fboptionescape.bas
examples/manual/defines/fboptionexplicit.bas
examples/manual/defines/fboptiongosub.bas
examples/manual/defines/fboptionprivate.bas
examples/manual/defines/fboutdll.bas
examples/manual/defines/fboutexe.bas
examples/manual/defines/fboutlib.bas
examples/manual/defines/fboutobj.bas
examples/manual/defines/fbpcos.bas
examples/manual/defines/fbsignature.bas
examples/manual/defines/fbsse.bas
examples/manual/defines/fbunix.bas
examples/manual/defines/fbvectorize.bas
examples/manual/defines/fbvermajor.bas
examples/manual/defines/fbverminor.bas
examples/manual/defines/fbverpatch.bas
examples/manual/defines/fbversion.bas
examples/manual/defines/fbwin32.bas
examples/manual/defines/fbxbox.bas
examples/manual/defines/file.bas
examples/manual/defines/filenq.bas
examples/manual/defines/function.bas
examples/manual/defines/functionnq.bas
examples/manual/defines/line.bas
examples/manual/defines/path.bas
examples/manual/defines/time.bas
examples/manual/error/erfn.bas
examples/manual/error/erl.bas
examples/manual/error/ermn.bas
examples/manual/error/err1.bas
examples/manual/error/err2.bas
examples/manual/error/error.bas
examples/manual/error/local.bas
examples/manual/error/onerror.bas
examples/manual/error/onerror2.bas
examples/manual/error/resume-next.bas
examples/manual/error/resume.bas
examples/manual/extras/freeimage.bas
examples/manual/extras/gfx-null.bas
examples/manual/faq/dos/call-int.bas
examples/manual/faq/dos/lowmemas.bas
examples/manual/faq/gfxlib2/RGB-component.bas
examples/manual/faq/gfxlib2/bload-workaround.bas
examples/manual/faq/gfxlib2/check-for-close.bas
examples/manual/faq/gfxlib2/image-header.bas
examples/manual/fileio/access.bas
examples/manual/fileio/basicvsc.bas
examples/manual/fileio/binary-read.bas
examples/manual/fileio/binary-text.bas
examples/manual/fileio/binary-write.bas
examples/manual/fileio/close.bas
examples/manual/fileio/encoding.bas
examples/manual/fileio/eof.bas
examples/manual/fileio/for-append.bas
examples/manual/fileio/for-input.bas
examples/manual/fileio/for-output.bas
examples/manual/fileio/freefile-bad.bas
examples/manual/fileio/freefile-good.bas
examples/manual/fileio/freefile.bas
examples/manual/fileio/get-file.bas
examples/manual/fileio/get.bas
examples/manual/fileio/input.bas
examples/manual/fileio/lineinput.bas
examples/manual/fileio/loc.bas
examples/manual/fileio/lock.bas
examples/manual/fileio/lof.bas
examples/manual/fileio/open.bas
examples/manual/fileio/opencom.bas
examples/manual/fileio/opencom1.bas
examples/manual/fileio/opencom2.bas
examples/manual/fileio/opencons.bas
examples/manual/fileio/openerr.bas
examples/manual/fileio/openfunc.bas
examples/manual/fileio/openlpt.bas
examples/manual/fileio/openlpt1.bas
examples/manual/fileio/openlpt2.bas
examples/manual/fileio/openpipe.bas
examples/manual/fileio/openscrn.bas
examples/manual/fileio/print.bas
examples/manual/fileio/put-array.bas
examples/manual/fileio/put-buffer.bas
examples/manual/fileio/put.bas
examples/manual/fileio/reset.bas
examples/manual/fileio/resetio.bas
examples/manual/fileio/seek-func.bas
examples/manual/fileio/seek-statment.bas
examples/manual/fileio/write.bas
examples/manual/gfx/bload.bas
examples/manual/gfx/bload2.bas
examples/manual/gfx/bload3.bas
examples/manual/gfx/bload4.bas
examples/manual/gfx/bsave.bas
examples/manual/gfx/circle.bas
examples/manual/gfx/cls-memset.bas
examples/manual/gfx/color.bas
examples/manual/gfx/custom.bas
examples/manual/gfx/draw.bas
examples/manual/gfx/draw2.bas
examples/manual/gfx/drawstring-custom.bas
examples/manual/gfx/drawstring.bas
examples/manual/gfx/flip.bas
examples/manual/gfx/get.bas
examples/manual/gfx/imageconvertrow.bas
examples/manual/gfx/imagecreate.bas
examples/manual/gfx/imageinfo.bas
examples/manual/gfx/line.bas
examples/manual/gfx/line_style.bas
examples/manual/gfx/paint.bas
examples/manual/gfx/paint2.bas
examples/manual/gfx/palette.bas
examples/manual/gfx/palette2.bas
examples/manual/gfx/palette3.bas
examples/manual/gfx/pcopy.bas
examples/manual/gfx/pcopy_cons.bas
examples/manual/gfx/pixelptr.bas
examples/manual/gfx/pmap.bas
examples/manual/gfx/point.bas
examples/manual/gfx/pointcoord.bas
examples/manual/gfx/preset.bas
examples/manual/gfx/pset.bas
examples/manual/gfx/put-add.bas
examples/manual/gfx/put-all.bas
examples/manual/gfx/put-alpha-8bit.bas
examples/manual/gfx/put-alpha.bas
examples/manual/gfx/put-and.bas
examples/manual/gfx/put-or.bas
examples/manual/gfx/put-pset.bas
examples/manual/gfx/put-trans.bas
examples/manual/gfx/put-xor.bas
examples/manual/gfx/put.bas
examples/manual/gfx/rgb.bas
examples/manual/gfx/rgb_get.bas
examples/manual/gfx/rgba.bas
examples/manual/gfx/rgba_get.bas
examples/manual/gfx/screen-func1.bas
examples/manual/gfx/screen-func2.bas
examples/manual/gfx/screen-func3.bas
examples/manual/gfx/screen.bas
examples/manual/gfx/screen2.bas
examples/manual/gfx/screencontrol.bas
examples/manual/gfx/screencontrol2.bas
examples/manual/gfx/screencopy.bas
examples/manual/gfx/screenevent.bas
examples/manual/gfx/screenglproc.bas
examples/manual/gfx/screeninfo.bas
examples/manual/gfx/screenlist.bas
examples/manual/gfx/screenlock.bas
examples/manual/gfx/screenptr.bas
examples/manual/gfx/screenptr2.bas
examples/manual/gfx/screenres.bas
examples/manual/gfx/screenset.bas
examples/manual/gfx/screensync.bas
examples/manual/gfx/step.bas
examples/manual/gfx/view.bas
examples/manual/gfx/window.bas
examples/manual/gfx/windowtitle.bas
examples/manual/hardware/inp.bas
examples/manual/hardware/lpos.bas
examples/manual/hardware/lprint.bas
examples/manual/hardware/out.bas
examples/manual/hardware/wait.bas
examples/manual/input/getjoystick.bas
examples/manual/input/getkey.bas
examples/manual/input/getmouse.bas
examples/manual/input/getmouse2.bas
examples/manual/input/inkey.bas
examples/manual/input/inkeyext.bas
examples/manual/input/multikey.bas
examples/manual/input/setmouse.bas
examples/manual/input/stick.bas
examples/manual/input/strig.bas
examples/manual/libraries/aspell.bas
examples/manual/libraries/bass.bas
examples/manual/libraries/bassmod.bas
examples/manual/libraries/big_int.bas
examples/manual/libraries/cairo.bas
examples/manual/libraries/cryptlib.bas
examples/manual/libraries/curl.bas
examples/manual/libraries/curses.bas
examples/manual/libraries/disphelper1.bas
examples/manual/libraries/disphelper2.bas
examples/manual/libraries/disphelper3.bas
examples/manual/libraries/expat.bas
examples/manual/libraries/fastcgi.bas
examples/manual/libraries/ffi/closures.bas
examples/manual/libraries/ffi/helloworld.bas
examples/manual/libraries/fmod1.bas
examples/manual/libraries/fmod2.bas
examples/manual/libraries/freetype2.bas
examples/manual/libraries/gmp.bas
examples/manual/libraries/gsl1.bas
examples/manual/libraries/gsl2.bas
examples/manual/libraries/gtk.bas
examples/manual/libraries/il.bas
examples/manual/libraries/jit/gcd.bas
examples/manual/libraries/jit/mul_add.bas
examples/manual/libraries/jni/mylib.bas
examples/manual/libraries/libxml.bas
examples/manual/libraries/lzo.bas
examples/manual/libraries/spidermonkey1.bas
examples/manual/libraries/spidermonkey2.bas
examples/manual/libraries/zip.bas
examples/manual/libraries/zlib.bas
examples/manual/math/abs.bas
examples/manual/math/acos.bas
examples/manual/math/asin.bas
examples/manual/math/atan2.bas
examples/manual/math/atn.bas
examples/manual/math/cos.bas
examples/manual/math/exp.bas
examples/manual/math/fix.bas
examples/manual/math/frac.bas
examples/manual/math/int.bas
examples/manual/math/log.bas
examples/manual/math/random1.bas
examples/manual/math/random2.bas
examples/manual/math/randomize.bas
examples/manual/math/rnd.bas
examples/manual/math/sgn.bas
examples/manual/math/sin.bas
examples/manual/math/sqr.bas
examples/manual/math/tan.bas
examples/manual/memory/allocate.bas
examples/manual/memory/allocate2.bas
examples/manual/memory/callocate.bas
examples/manual/memory/deallocate.bas
examples/manual/memory/deallocate2.bas
examples/manual/memory/deallocate3.bas
examples/manual/memory/peek.bas
examples/manual/memory/poke.bas
examples/manual/memory/reallocate.bas
examples/manual/memory/sadd.bas
examples/manual/memory/swap.bas
examples/manual/meta/dynamic.bas
examples/manual/meta/header.bi
examples/manual/meta/include.bas
examples/manual/meta/lang.bas
examples/manual/meta/static.bas
examples/manual/misc/any-dynamic-array.bas
examples/manual/misc/any-param.bas
examples/manual/misc/any.bas
examples/manual/misc/as.bas
examples/manual/misc/asm.bas
examples/manual/misc/let.bas
examples/manual/misc/offsetof.bas
examples/manual/misc/rem.bas
examples/manual/misc/sizeof-udt.bas
examples/manual/misc/sizeof.bas
examples/manual/misc/to.bas
examples/manual/misc/typeof1.bas
examples/manual/misc/typeof2.bas
examples/manual/module/common1.bas
examples/manual/module/common2.bas
examples/manual/module/extern-block.bas
examples/manual/module/extern1.bas
examples/manual/module/extern2.bas
examples/manual/module/import.bas
examples/manual/module/mydll.c
examples/manual/module/namespace.bas
examples/manual/module/sub-private.bas
examples/manual/module/sub-public.bas
examples/manual/module/using.bas
examples/manual/operator/add-assign.bas
examples/manual/operator/add.bas
examples/manual/operator/address-func.bas
examples/manual/operator/address-var.bas
examples/manual/operator/and-assign.bas
examples/manual/operator/and-bitwise.bas
examples/manual/operator/and-logical.bas
examples/manual/operator/andalso.bas
examples/manual/operator/arrayindex.bas
examples/manual/operator/assign-let.bas
examples/manual/operator/assign.bas
examples/manual/operator/concat-assign.bas
examples/manual/operator/concat.bas
examples/manual/operator/concat_nocvt.bas
examples/manual/operator/delete.bas
examples/manual/operator/delete2.bas
examples/manual/operator/divide-assign.bas
examples/manual/operator/divide.bas
examples/manual/operator/equal.bas
examples/manual/operator/equal2.bas
examples/manual/operator/eqv-assign.bas
examples/manual/operator/eqv-bitwise.bas
examples/manual/operator/exponent-assign.bas
examples/manual/operator/exponent.bas
examples/manual/operator/greater-than-or-equal.bas
examples/manual/operator/greater-than.bas
examples/manual/operator/imp-assign.bas
examples/manual/operator/imp-bitwise.bas
examples/manual/operator/integer-divide-assign.bas
examples/manual/operator/integer-divide.bas
examples/manual/operator/is.bas
examples/manual/operator/less-than-or-equal.bas
examples/manual/operator/less-than1.bas
examples/manual/operator/less-than3.bas
examples/manual/operator/let-list.bas
examples/manual/operator/let.bas
examples/manual/operator/mod-assign.bas
examples/manual/operator/mod.bas
examples/manual/operator/multiply-assign.bas
examples/manual/operator/multiply.bas
examples/manual/operator/negate.bas
examples/manual/operator/new.bas
examples/manual/operator/not-bitwise.bas
examples/manual/operator/not-equal.bas
examples/manual/operator/not-equal2.bas
examples/manual/operator/not-logical.bas
examples/manual/operator/or-assign.bas
examples/manual/operator/or-bitwise.bas
examples/manual/operator/or-logical.bas
examples/manual/operator/orelse.bas
examples/manual/operator/placement_new.bas
examples/manual/operator/pointer-index.bas
examples/manual/operator/procptr.bas
examples/manual/operator/shift-left.bas
examples/manual/operator/shift-right.bas
examples/manual/operator/shl-assign.bas
examples/manual/operator/shr-assign.bas
examples/manual/operator/stringindex.bas
examples/manual/operator/strptr.bas
examples/manual/operator/subtract-assign.bas
examples/manual/operator/subtract.bas
examples/manual/operator/valueof.bas
examples/manual/operator/varptr.bas
examples/manual/operator/xor-assign.bas
examples/manual/operator/xor-bitwise.bas
examples/manual/operator/xor-logical.bas
examples/manual/prepro/assert.bas
examples/manual/prepro/concat.bas
examples/manual/prepro/define.bas
examples/manual/prepro/defined.bas
examples/manual/prepro/else.bas
examples/manual/prepro/elseif.bas
examples/manual/prepro/endif.bas
examples/manual/prepro/error.bas
examples/manual/prepro/escape.bas
examples/manual/prepro/header.bi
examples/manual/prepro/if.bas
examples/manual/prepro/ifdef.bas
examples/manual/prepro/ifndef.bas
examples/manual/prepro/inclib.bas
examples/manual/prepro/include.bas
examples/manual/prepro/lang.bas
examples/manual/prepro/libpath.bas
examples/manual/prepro/line.bas
examples/manual/prepro/macro.bas
examples/manual/prepro/macro2.bas
examples/manual/prepro/noescape.bas
examples/manual/prepro/pragma.bas
examples/manual/prepro/print.bas
examples/manual/prepro/stringize.bas
examples/manual/prepro/undef.bas
examples/manual/prepro/variadic.bas
examples/manual/procs/alias.bas
examples/manual/procs/alias2.bas
examples/manual/procs/byref-result.bas
examples/manual/procs/byref-result2.bas
examples/manual/procs/byref-result3.bas
examples/manual/procs/byref-result4.bas
examples/manual/procs/byref.bas
examples/manual/procs/byval.bas
examples/manual/procs/call-fwd.bas
examples/manual/procs/callfunc.bas
examples/manual/procs/callsub.bas
examples/manual/procs/cdecl.bas
examples/manual/procs/declare.bas
examples/manual/procs/declare2.bas
examples/manual/procs/ellipsis.bas
examples/manual/procs/func-1.bas
examples/manual/procs/func-2.bas
examples/manual/procs/func-3.bas
examples/manual/procs/func-4.bas
examples/manual/procs/func-5.bas
examples/manual/procs/lib.bas
examples/manual/procs/mod-ctor.bas
examples/manual/procs/mod-dtor.bas
examples/manual/procs/mydll.bas
examples/manual/procs/naked1.bas
examples/manual/procs/naked2.bas
examples/manual/procs/overload.bas
examples/manual/procs/pascal.bas
examples/manual/procs/stdcall.bas
examples/manual/procs/sub-1.bas
examples/manual/procs/sub-2.bas
examples/manual/procs/vararg1.bas
examples/manual/proguide/arrays/array1.bas
examples/manual/proguide/arrays/array2.bas
examples/manual/proguide/arrays/array3.bas
examples/manual/proguide/arrays/array4.bas
examples/manual/proguide/arrays/fixedlen_bounds.bas
examples/manual/proguide/arrays/fixedlen_constants.bas
examples/manual/proguide/arrays/fixedlen_storage.bas
examples/manual/proguide/arrays/indexing.bas
examples/manual/proguide/arrays/varlen_decl.bas
examples/manual/proguide/arrays/varlen_redim.bas
examples/manual/proguide/comments/comment1.bas
examples/manual/proguide/comments/comment2.bas
examples/manual/proguide/comments/comment3.bas
examples/manual/proguide/comments/comment4.bas
examples/manual/proguide/comments/comment5.bas
examples/manual/proguide/comments/comment6.bas
examples/manual/proguide/comments/comment7.bas
examples/manual/proguide/comments/comment8.bas
examples/manual/proguide/constants/constants.bas
examples/manual/proguide/dates.bas
examples/manual/proguide/errors/err.bas
examples/manual/proguide/errors/on-error.bas
examples/manual/proguide/errors/on-local.bas
examples/manual/proguide/errors/result.bas
examples/manual/proguide/helloworld.bas
examples/manual/proguide/init/array.bas
examples/manual/proguide/init/udtarray.bas
examples/manual/proguide/labels/labels_1.bas
examples/manual/proguide/labels/labels_2.bas
examples/manual/proguide/libs/libs1.bas
examples/manual/proguide/libs/libs2.bas
examples/manual/proguide/libs/libs3.bas
examples/manual/proguide/libs/libs4.bas
examples/manual/proguide/libs/libs5.bas
examples/manual/proguide/linecontinuation1.bas
examples/manual/proguide/linecontinuation2.bas
examples/manual/proguide/literals/bin.bas
examples/manual/proguide/literals/dblsuff.bas
examples/manual/proguide/literals/dec.bas
examples/manual/proguide/literals/escape.bas
examples/manual/proguide/literals/floats.bas
examples/manual/proguide/literals/hex.bas
examples/manual/proguide/literals/intsuff.bas
examples/manual/proguide/literals/noescape.bas
examples/manual/proguide/literals/oct.bas
examples/manual/proguide/literals/singsuff.bas
examples/manual/proguide/literals/string.bas
examples/manual/proguide/members/foo1.bi
examples/manual/proguide/members/foo2.bi
examples/manual/proguide/members/overload.bas
examples/manual/proguide/members/static.bas
examples/manual/proguide/members/this.bas
examples/manual/proguide/members/usage1.bas
examples/manual/proguide/members/usage2.bas
examples/manual/proguide/object-class.bas
examples/manual/proguide/opovld/global-ops.bas
examples/manual/proguide/opovld/iif.bas
examples/manual/proguide/opovld/member-ops.bas
examples/manual/proguide/pointers/addsub.bas
examples/manual/proguide/pointers/builtin.bas
examples/manual/proguide/pointers/distance.bas
examples/manual/proguide/pointers/incdec.bas
examples/manual/proguide/pointers/udt.bas
examples/manual/proguide/primer/primer1.bas
examples/manual/proguide/primer/primer10.bas
examples/manual/proguide/primer/primer2.bas
examples/manual/proguide/primer/primer3.bas
examples/manual/proguide/primer/primer4.bas
examples/manual/proguide/primer/primer5.bas
examples/manual/proguide/primer/primer6.bas
examples/manual/proguide/primer/primer7.bas
examples/manual/proguide/primer/primer8.bas
examples/manual/proguide/primer/primer9.bas
examples/manual/proguide/procptrs/alias.bas
examples/manual/proguide/procptrs/calling.bas
examples/manual/proguide/procptrs/dimptr.bas
examples/manual/proguide/procptrs/method-ptr.bas
examples/manual/proguide/procptrs/passing.bas
examples/manual/proguide/procptrs/pfunc.bi
examples/manual/proguide/procptrs/procptrs.bas
examples/manual/proguide/procs/byrefparam-explicit-byval.bas
examples/manual/proguide/procs/byrefresult-explicit-byval.bas
examples/manual/proguide/procs/functions.bas
examples/manual/proguide/procs/passargs.bas
examples/manual/proguide/procs/passbyref.bas
examples/manual/proguide/procs/passbyval.bas
examples/manual/proguide/procs/return-methods.bas
examples/manual/proguide/procs/returnval.bas
examples/manual/proguide/procs/subs.bas
examples/manual/proguide/shared-lib/mydll.bas
examples/manual/proguide/shared-lib/mylib.bas
examples/manual/proguide/shared-lib/mylib.bi
examples/manual/proguide/shared-lib/mytest.bas
examples/manual/proguide/sourcefiles.bas
examples/manual/proguide/static-lib/mylib.bas
examples/manual/proguide/static-lib/mylib.bi
examples/manual/proguide/static-lib/mytest.bas
examples/manual/proguide/typalias/builtin.bas
examples/manual/proguide/typalias/fwd_1.bas
examples/manual/proguide/typalias/fwd_2.bas
examples/manual/proguide/typalias/incomp.bas
examples/manual/proguide/typalias/overload.bas
examples/manual/proguide/typalias/procptr_1.bas
examples/manual/proguide/typalias/procptr_2.bas
examples/manual/proguide/udt/ctordtor.bas
examples/manual/proguide/udt/properties-indexed.bas
examples/manual/proguide/udt/properties-tui.bas
examples/manual/proguide/udt/properties1.bas
examples/manual/proguide/udt/properties2.bas
examples/manual/proguide/udt/properties3.bas
examples/manual/proguide/udt/properties4.bas
examples/manual/proguide/udt/properties5-counter-example.bas
examples/manual/proguide/udt/ptr-access.bas
examples/manual/proguide/udt/simple.bas
examples/manual/proguide/variables/variables.bas
examples/manual/proguide/varscope/local.bas
examples/manual/proguide/varscope/module1.bas
examples/manual/proguide/varscope/module2.bas
examples/manual/proguide/varscope/module3.bas
examples/manual/proguide/varscope/module4.bas
examples/manual/proguide/varscope/shared.bas
examples/manual/samples.bas
examples/manual/samples.ini
examples/manual/samples.txt
examples/manual/strings/asc.bas
examples/manual/strings/bin.bas
examples/manual/strings/chr.bas
examples/manual/strings/cvd.bas
examples/manual/strings/cvi.bas
examples/manual/strings/cvl.bas
examples/manual/strings/cvlongint.bas
examples/manual/strings/cvs.bas
examples/manual/strings/cvshort.bas
examples/manual/strings/hex.bas
examples/manual/strings/instr.bas
examples/manual/strings/instr2.bas
examples/manual/strings/instrrev.bas
examples/manual/strings/instrrev2.bas
examples/manual/strings/lcase.bas
examples/manual/strings/left.bas
examples/manual/strings/len.bas
examples/manual/strings/lset-udt.bas
examples/manual/strings/lset.bas
examples/manual/strings/ltrim.bas
examples/manual/strings/mid-func.bas
examples/manual/strings/mid-stmt.bas
examples/manual/strings/mkd.bas
examples/manual/strings/mki.bas
examples/manual/strings/mkl.bas
examples/manual/strings/mklongint.bas
examples/manual/strings/mks.bas
examples/manual/strings/mkshort.bas
examples/manual/strings/oct.bas
examples/manual/strings/right.bas
examples/manual/strings/rset.bas
examples/manual/strings/rtrim.bas
examples/manual/strings/space.bas
examples/manual/strings/str.bas
examples/manual/strings/string.bas
examples/manual/strings/trim.bas
examples/manual/strings/ucase.bas
examples/manual/strings/val.bas
examples/manual/strings/valint.bas
examples/manual/strings/vallng.bas
examples/manual/strings/valuint.bas
examples/manual/strings/valulng.bas
examples/manual/strings/wbin.bas
examples/manual/strings/wchr.bas
examples/manual/strings/whex.bas
examples/manual/strings/woct.bas
examples/manual/strings/wspace.bas
examples/manual/strings/wstr.bas
examples/manual/strings/wstring.bas
examples/manual/switches/defbyte.bas
examples/manual/switches/defdbl.bas
examples/manual/switches/defint.bas
examples/manual/switches/deflng.bas
examples/manual/switches/deflongint.bas
examples/manual/switches/defshort.bas
examples/manual/switches/defsng.bas
examples/manual/switches/defstr.bas
examples/manual/switches/defubyte.bas
examples/manual/switches/defuint.bas
examples/manual/switches/defulongint.bas
examples/manual/switches/defushort.bas
examples/manual/switches/option-byval.bas
examples/manual/switches/option-dynamic.bas
examples/manual/switches/option-escape.bas
examples/manual/switches/option-explicit.bas
examples/manual/switches/option-gosub.bas
examples/manual/switches/option-nogosub.bas
examples/manual/switches/option-nokeyword.bas
examples/manual/switches/option-private.bas
examples/manual/switches/option-static.bas
examples/manual/system/beep.bas
examples/manual/system/chain.bas
examples/manual/system/chdir.bas
examples/manual/system/command.bas
examples/manual/system/curdir.bas
examples/manual/system/dir.bas
examples/manual/system/dirretat.bas
examples/manual/system/environ.bas
examples/manual/system/exec.bas
examples/manual/system/exepath.bas
examples/manual/system/fileattr.bas
examples/manual/system/filecopy.bas
examples/manual/system/filedatetime.bas
examples/manual/system/fileexists.bas
examples/manual/system/filelen.bas
examples/manual/system/fre.bas
examples/manual/system/isredirected.bas
examples/manual/system/kill.bas
examples/manual/system/mkdir.bas
examples/manual/system/name.bas
examples/manual/system/rmdir.bas
examples/manual/system/run.bas
examples/manual/system/setdate.bas
examples/manual/system/setenviron.bas
examples/manual/system/setenviron2.bas
examples/manual/system/settime.bas
examples/manual/system/shell.bas
examples/manual/system/sleep.bas
examples/manual/system/system.bas
examples/manual/threads/condcreate.bas
examples/manual/threads/mutexcreate.bas
examples/manual/threads/threadcall.bas
examples/manual/threads/threads1.bas
examples/manual/threads/threads2.bas
examples/manual/threads/threads3.bas
examples/manual/threads/threadsdetach.bas
examples/manual/udt/abstract1.bas
examples/manual/udt/access.bas
examples/manual/udt/base.bas
examples/manual/udt/baseinit1.bas
examples/manual/udt/baseinit2.bas
examples/manual/udt/const-proc.bas
examples/manual/udt/constructor-ptr.bas
examples/manual/udt/constructor.bas
examples/manual/udt/copyconstructor.bas
examples/manual/udt/destructor.bas
examples/manual/udt/enum.bas
examples/manual/udt/extends1.bas
examples/manual/udt/extends2.bas
examples/manual/udt/field.bas
examples/manual/udt/function.bas
examples/manual/udt/operator1.bas
examples/manual/udt/operator2.bas
examples/manual/udt/operator3.bas
examples/manual/udt/override.bas
examples/manual/udt/private.bas
examples/manual/udt/property.bas
examples/manual/udt/property2.bas
examples/manual/udt/protected.bas
examples/manual/udt/ptr-access.bas
examples/manual/udt/public.bas
examples/manual/udt/static.bas
examples/manual/udt/static2.bas
examples/manual/udt/step-char-iterator.bas
examples/manual/udt/step-fraction-iterator.bas
examples/manual/udt/step.bas
examples/manual/udt/stepFileIteration.bas
examples/manual/udt/sub.bas
examples/manual/udt/temp-type.bas
examples/manual/udt/temp-type2.bas
examples/manual/udt/temp-type3.bas
examples/manual/udt/this.bas
examples/manual/udt/type-fwd.bas
examples/manual/udt/type1.bas
examples/manual/udt/type2.bas
examples/manual/udt/union.bas
examples/manual/udt/virtual1.bas
examples/manual/udt/with-1.bas
examples/manual/udt/with-2.bas
examples/manual/udt/with-3.bas
examples/manual/variable/const.bas
examples/manual/variable/dim.bas
examples/manual/variable/scope.bas
examples/manual/variable/shared.bas
examples/manual/variable/static.bas
examples/manual/variable/var.bas
examples/math/GSL/matrix.bas
examples/math/Newton/test.bas
examples/math/ODE/test.bas
examples/math/big_int/perftest.bas
examples/math/cryptlib/hashing.bas
examples/math/sieve.bas
examples/method-pointer.bas
examples/methods.bas
examples/misc/CUnit/interfaces.bas
examples/misc/CUnit/simple.bas
examples/misc/gdsl/hash.bas
examples/misc/glib/g_Actions.bas
examples/misc/glib/g_Arguments.bas
examples/misc/glib/g_Assert.bas
examples/misc/glib/g_Filenames.bas
examples/misc/glib/g_HashTable.bas
examples/misc/glib/g_SplitArguments.bas
examples/misc/glib/g_VarArgMacros.bas
examples/misc/libffi/closures.bas
examples/misc/libjit/gcd.bas
examples/misc/libjit/mul_add.bas
examples/namespace.bas
examples/network/curl/CHttp/CHttp.bas
examples/network/curl/CHttp/CHttp.bi
examples/network/curl/CHttp/CHttpForm.bas
examples/network/curl/CHttp/CHttpForm.bi
examples/network/curl/CHttp/CHttpStream.bas
examples/network/curl/CHttp/CHttpStream.bi
examples/network/curl/CHttp/test.bas
examples/network/http-get.bas
examples/network/win32/ftpget.bas
examples/other-languages/C++/alias.bas
examples/other-languages/C++/alias.cxx
examples/other-languages/C++/complex.bas
examples/other-languages/C++/complex.cxx
examples/other-languages/C++/simple.bas
examples/other-languages/C++/simple.cxx
examples/other-languages/Java/Hello.java
examples/other-languages/Java/JNI/Mylib.java
examples/other-languages/Java/JNI/Test.java
examples/other-languages/Java/JNI/mylib.bas
examples/other-languages/Java/test.bas
examples/other-languages/JavaScript/SpiderMonkey/callbacks.bas
examples/other-languages/Lua/minmax.bas
examples/other-languages/Lua/minmax.lua
examples/other-languages/VB/fbside.bas
examples/other-languages/VB/vbside.bas
examples/overload.bas
examples/pointers.bas
examples/preprocessor.bas
examples/procedures.bas
examples/property.bas
examples/regex/PCRE/CRegex/CRegex.bas
examples/regex/PCRE/CRegex/CRegex.bi
examples/regex/PCRE/CRegex/test.bas
examples/regex/PCRE/CRegex/test.txt
examples/regex/PCRE/pcredemo.bas
examples/regex/PCRE/preg_class.bas
examples/regex/TRE/match.bas
examples/regex/TRE/replace.bas
examples/regex/TRE/subexpr.bas
examples/select.bas
examples/sound/BASS/demo.bas
examples/sound/BASS/mod.bas
examples/sound/BASS/small.bas
examples/sound/FMOD/mp3-player.bas
examples/sound/OpenAL/wav-player.bas
examples/sound/data/License
examples/sound/data/dne_trtn.mod
examples/sound/data/example.mo3
examples/sound/data/example1.ogg
examples/sound/data/example2.ogg
examples/sound/data/prodigy.wav
examples/structs.bas
examples/threads/consumer-producer.bas
examples/threads/threaddetach.bas
examples/threads/threads.bas
examples/threads/threads2.bas
examples/threads/timer-lib/test.bas
examples/threads/timer-lib/timer.bas
examples/threads/timer-lib/timer.bi
examples/typedef.bas
examples/unicode/hello_UNC.bas
examples/unicode/hello_UTF16BE.bas
examples/unicode/hello_UTF16LE.bas
examples/unicode/hello_UTF32BE.bas
examples/unicode/hello_UTF32LE.bas
examples/unicode/hello_UTF8.bas
examples/unicode/hello_chinese.bas
examples/unicode/hello_greek.bas
examples/unicode/hello_japanese.bas
examples/unicode/hello_korean.bas
examples/unicode/hello_russian.bas
examples/variables.bas
examples/virtuals.bas
examples/win32/COM/D3DX/Meshes/meshes.bas
examples/win32/COM/D3DX/Meshes/tiger.jpg
examples/win32/COM/D3DX/Meshes/tiger.x
examples/win32/COM/DropTarget/CDropTarget.bas
examples/win32/COM/DropTarget/CDropTarget.bi
examples/win32/COM/DropTarget/test.bas
examples/win32/COM/MoviePlayer/movctrl/CMovie.bas
examples/win32/COM/MoviePlayer/movctrl/CMovie.bi
examples/win32/COM/MoviePlayer/movctrl/Makefile
examples/win32/COM/MoviePlayer/movctrl/movctrl.bas
examples/win32/COM/MoviePlayer/movctrl/movctrl.bi
examples/win32/COM/MoviePlayer/movctrl/obj/deleteme.txt
examples/win32/COM/MoviePlayer/test.bas
examples/win32/COM/WebBrowser/frameset.html
examples/win32/COM/WebBrowser/lframe.html
examples/win32/COM/WebBrowser/test.bas
examples/win32/COM/WebBrowser/webctrl/CBrowser.bas
examples/win32/COM/WebBrowser/webctrl/CBrowser.bi
examples/win32/COM/WebBrowser/webctrl/CClientSite.bas
examples/win32/COM/WebBrowser/webctrl/CClientSite.bi
examples/win32/COM/WebBrowser/webctrl/CInPlaceFrame.bas
examples/win32/COM/WebBrowser/webctrl/CInPlaceFrame.bi
examples/win32/COM/WebBrowser/webctrl/CInPlaceSite.bas
examples/win32/COM/WebBrowser/webctrl/CInPlaceSite.bi
examples/win32/COM/WebBrowser/webctrl/Common.bi
examples/win32/COM/WebBrowser/webctrl/Makefile
examples/win32/COM/WebBrowser/webctrl/obj/deleteme.txt
examples/win32/COM/WebBrowser/webctrl/webctrl.bas
examples/win32/COM/WebBrowser/webctrl/webctrl.bi
examples/win32/GDIPlus/circle.bas
examples/win32/GDIPlus/frmwrk.bas
examples/win32/GDIPlus/frmwrk.bi
examples/win32/d3d9_primitives.bas
examples/win32/ddk/driver/driver.bas
examples/win32/ddk/driver/make.bat
examples/win32/ddrawtest.bas
examples/win32/desktop_shortcut.bas
examples/win32/lineprt.bas
examples/win32/printer_select.bas
examples/win32/variants/libvariant/Makefile
examples/win32/variants/libvariant/intern.bi
examples/win32/variants/libvariant/obj/deleteme.txt
examples/win32/variants/libvariant/variant-add-inv.bas
examples/win32/variants/libvariant/variant-add-self.bas
examples/win32/variants/libvariant/variant-add.bas
examples/win32/variants/libvariant/variant-and-inv.bas
examples/win32/variants/libvariant/variant-and-self.bas
examples/win32/variants/libvariant/variant-and.bas
examples/win32/variants/libvariant/variant-assign.bas
examples/win32/variants/libvariant/variant-cast.bas
examples/win32/variants/libvariant/variant-ctor.bas
examples/win32/variants/libvariant/variant-div-inv.bas
examples/win32/variants/libvariant/variant-div-self.bas
examples/win32/variants/libvariant/variant-div.bas
examples/win32/variants/libvariant/variant-dtor.bas
examples/win32/variants/libvariant/variant-eq-inv.bas
examples/win32/variants/libvariant/variant-eq.bas
examples/win32/variants/libvariant/variant-eqv-inv.bas
examples/win32/variants/libvariant/variant-eqv-self.bas
examples/win32/variants/libvariant/variant-eqv.bas
examples/win32/variants/libvariant/variant-ge-inv.bas
examples/win32/variants/libvariant/variant-ge.bas
examples/win32/variants/libvariant/variant-gt-inv.bas
examples/win32/variants/libvariant/variant-gt.bas
examples/win32/variants/libvariant/variant-idiv-inv.bas
examples/win32/variants/libvariant/variant-idiv-self.bas
examples/win32/variants/libvariant/variant-idiv.bas
examples/win32/variants/libvariant/variant-imp-inv.bas
examples/win32/variants/libvariant/variant-imp-self.bas
examples/win32/variants/libvariant/variant-imp.bas
examples/win32/variants/libvariant/variant-le-inv.bas
examples/win32/variants/libvariant/variant-le.bas
examples/win32/variants/libvariant/variant-lt-inv.bas
examples/win32/variants/libvariant/variant-lt.bas
examples/win32/variants/libvariant/variant-mod-inv.bas
examples/win32/variants/libvariant/variant-mod-self.bas
examples/win32/variants/libvariant/variant-mod.bas
examples/win32/variants/libvariant/variant-mul-inv.bas
examples/win32/variants/libvariant/variant-mul-self.bas
examples/win32/variants/libvariant/variant-mul.bas
examples/win32/variants/libvariant/variant-ne-inv.bas
examples/win32/variants/libvariant/variant-ne.bas
examples/win32/variants/libvariant/variant-neg.bas
examples/win32/variants/libvariant/variant-not.bas
examples/win32/variants/libvariant/variant-or-inv.bas
examples/win32/variants/libvariant/variant-or-self.bas
examples/win32/variants/libvariant/variant-or.bas
examples/win32/variants/libvariant/variant-pow-inv.bas
examples/win32/variants/libvariant/variant-pow-self.bas
examples/win32/variants/libvariant/variant-pow.bas
examples/win32/variants/libvariant/variant-shl-self.bas
examples/win32/variants/libvariant/variant-shl.bas
examples/win32/variants/libvariant/variant-shr-self.bas
examples/win32/variants/libvariant/variant-shr.bas
examples/win32/variants/libvariant/variant-sub-inv.bas
examples/win32/variants/libvariant/variant-sub-self.bas
examples/win32/variants/libvariant/variant-sub.bas
examples/win32/variants/libvariant/variant-xor-inv.bas
examples/win32/variants/libvariant/variant-xor-self.bas
examples/win32/variants/libvariant/variant-xor.bas
examples/win32/variants/variant.bi
examples/win32/winmm/winmmhlp.bas
examples/win32/winmm/winmmhlp.bi
examples/xml/expat.bas
examples/xml/libxml.bas
examples/xml/test.xml
include/freebasic/CUnit/Automated.bi
include/freebasic/CUnit/Basic.bi
include/freebasic/CUnit/CUCurses.bi
include/freebasic/CUnit/CUError.bi
include/freebasic/CUnit/CUnit.bi
include/freebasic/CUnit/Console.bi
include/freebasic/CUnit/TestDB.bi
include/freebasic/CUnit/TestRun.bi
include/freebasic/CUnit/Util.bi
include/freebasic/crt.bi
include/freebasic/crt/arpa/inet.bi
include/freebasic/crt/bits/locale.bi
include/freebasic/crt/bits/pthreadtypes.bi
include/freebasic/crt/bits/sigset.bi
include/freebasic/crt/ctype.bi
include/freebasic/crt/dir.bi
include/freebasic/crt/dos/dir.bi
include/freebasic/crt/dos/fcntl.bi
include/freebasic/crt/dos/stdio.bi
include/freebasic/crt/dos/time.bi
include/freebasic/crt/dos/unistd.bi
include/freebasic/crt/dos/wchar.bi
include/freebasic/crt/errno.bi
include/freebasic/crt/fcntl.bi
include/freebasic/crt/io.bi
include/freebasic/crt/limits.bi
include/freebasic/crt/linux/ctype.bi
include/freebasic/crt/linux/fcntl.bi
include/freebasic/crt/linux/netdb.bi
include/freebasic/crt/linux/stdio.bi
include/freebasic/crt/linux/stdlib.bi
include/freebasic/crt/linux/syslog.bi
include/freebasic/crt/linux/time.bi
include/freebasic/crt/linux/unistd.bi
include/freebasic/crt/linux/wchar.bi
include/freebasic/crt/locale.bi
include/freebasic/crt/long.bi
include/freebasic/crt/longdouble.bi
include/freebasic/crt/malloc.bi
include/freebasic/crt/math.bi
include/freebasic/crt/netdb.bi
include/freebasic/crt/netinet/in.bi
include/freebasic/crt/netinet/linux/in.bi
include/freebasic/crt/process.bi
include/freebasic/crt/setjmp.bi
include/freebasic/crt/stdarg.bi
include/freebasic/crt/stddef.bi
include/freebasic/crt/stdint.bi
include/freebasic/crt/stdio.bi
include/freebasic/crt/stdlib.bi
include/freebasic/crt/string.bi
include/freebasic/crt/sys/dos/time.bi
include/freebasic/crt/sys/dos/types.bi
include/freebasic/crt/sys/linux/select.bi
include/freebasic/crt/sys/linux/socket.bi
include/freebasic/crt/sys/linux/time.bi
include/freebasic/crt/sys/linux/types.bi
include/freebasic/crt/sys/select.bi
include/freebasic/crt/sys/socket.bi
include/freebasic/crt/sys/stat.bi
include/freebasic/crt/sys/time.bi
include/freebasic/crt/sys/types.bi
include/freebasic/crt/sys/uio.bi
include/freebasic/crt/sys/win32/stat.bi
include/freebasic/crt/sys/win32/time.bi
include/freebasic/crt/sys/win32/types.bi
include/freebasic/crt/time.bi
include/freebasic/crt/unistd.bi
include/freebasic/crt/wchar.bi
include/freebasic/crt/win32/ctype.bi
include/freebasic/crt/win32/fcntl.bi
include/freebasic/crt/win32/process.bi
include/freebasic/crt/win32/stdio.bi
include/freebasic/crt/win32/stdlib.bi
include/freebasic/crt/win32/time.bi
include/freebasic/crt/win32/unistd.bi
include/freebasic/crt/win32/wchar.bi
include/freebasic/datetime.bi
include/freebasic/dir.bi
include/freebasic/fbgfx.bi
include/freebasic/fbio.bi
include/freebasic/fbthread.bi
include/freebasic/file.bi
include/freebasic/string.bi
include/freebasic/utf_conv.bi
include/freebasic/vbcompat.bi
install.sh
lib/freebasic/linux-x86_64/fbextra.x
lib/freebasic/linux-x86_64/fbrt0.o
lib/freebasic/linux-x86_64/fbrt0pic.o
lib/freebasic/linux-x86_64/libfb.a
lib/freebasic/linux-x86_64/libfbgfx.a
lib/freebasic/linux-x86_64/libfbgfxmt.a
lib/freebasic/linux-x86_64/libfbgfxmtpic.a
lib/freebasic/linux-x86_64/libfbgfxpic.a
lib/freebasic/linux-x86_64/libfbmt.a
lib/freebasic/linux-x86_64/libfbmtpic.a
lib/freebasic/linux-x86_64/libfbpic.a
readme.txt
