changelog.txt
doc/Doxyfile
doc/fbc.1
doc/GoRC.txt
doc/gpl.txt
doc/lgpl.txt
examples/classes/assign-noctor-base.bas
examples/classes/assign-withctor-base.bas
examples/classes/derived-override.bas
examples/classes/field-init-base.bas
examples/classes/is-operator.bas
examples/classes/iterator2.bas
examples/classes/iterator.bas
examples/classes/method-pointer.bas
examples/classes/params-noctor-base.bas
examples/classes/params-withctor-base.bas
examples/classes/property.bas
examples/classes/property-indexed.bas
examples/classes/resolve-overload-base.bas
examples/deprecated/onerror.bas
examples/dll/Java/mylib.bas
examples/dll/Java/Mylib.java
examples/dll/Java/Test.java
examples/dll/mydll.bas
examples/dll/mydll.bi
examples/dll/test.bas
examples/dll/testload.bas
examples/dll/VB/fbside.bas
examples/dll/VB/vbside.bas
examples/events/timer/test.bas
examples/events/timer/timer.bas
examples/events/timer/timer.bi
examples/export/export.bas
examples/export/import.bas
examples/gfx/fbgfx_depth.bas
examples/gfx/fbgfx_events.bas
examples/gfx/fbgfx_flame.bas
examples/gfx/fbgfx_getput.bas
examples/gfx/fbgfx_imageinfo.bas
examples/gfx/fbgfx_input.bas
examples/gfx/fbgfx_test.bas
examples/gfx/fblogo.bmp
examples/gfx/freeimage.bas
examples/gfx/gd_test.bas
examples/gfx/gif_read.bas
examples/gfx/grx_test.bas
examples/gfx/jpeg_read.bas
examples/gfx/mandbrot.bas
examples/gfx/png_read.bas
examples/gfx/ptc_test.bas
examples/gfx/rel-blob.bas
examples/gfx/rel-flower.bas
examples/gfx/rel-juliarings.bas
examples/gfx/rel-lens.bas
examples/gfx/rel-plasma.bas
examples/gfx/rel-sprites.bas
examples/gfx/rel-torus.bas
examples/libraries/Allegro/dialog.bas
examples/libraries/Allegro/hello.bas
examples/libraries/Allegro/mouse.bas
examples/libraries/Allegro/stars.bas
examples/libraries/Allegro/timer.bas
examples/libraries/ASpell/aspell_test.bas
examples/libraries/big_int/perftest.bas
examples/libraries/big_int/power.bas
examples/libraries/caca/cacaball.bas
examples/libraries/caca/cacaplas.bas
examples/libraries/cairo/clock.bas
examples/libraries/CGUI/hello.bas
examples/libraries/compress/lzo/lzoex.bas
examples/libraries/compress/quicklz/qlz.bas
examples/libraries/compress/zlib_test.bas
examples/libraries/cryptlib/hash.bas
examples/libraries/CUnit/interfaces.bas
examples/libraries/CUnit/simple.bas
examples/libraries/Curl/CHttp/CHttp.bas
examples/libraries/Curl/CHttp/CHttp.bi
examples/libraries/Curl/CHttp/CHttpForm.bas
examples/libraries/Curl/CHttp/CHttpForm.bi
examples/libraries/Curl/CHttp/CHttpStream.bas
examples/libraries/Curl/CHttp/CHttpStream.bi
examples/libraries/Curl/CHttp/test.bas
examples/libraries/Curl/http_get.bas
examples/libraries/curses/colors.bas
examples/libraries/DB/mysql_test.bas
examples/libraries/DB/postgresql_test.bas
examples/libraries/DB/sqlite2_test.bas
examples/libraries/DB/sqlite2_test.db
examples/libraries/DB/sqlite3_test.bas
examples/libraries/DB/sqlite3_test.db
examples/libraries/disphelper/httpget.bas
examples/libraries/disphelper/ie_navigate.bas
examples/libraries/disphelper/vbs.bas
examples/libraries/fastcgi.bas
examples/libraries/fblogo.bmp
examples/libraries/freetype/ft2_print.bas
examples/libraries/freetype/ft2_test.bas
examples/libraries/GL/fbgfx_opengl.bas
examples/libraries/GL/fbgfx_texture.bas
examples/libraries/GL/fbgl/fbgl.bas
examples/libraries/GL/fbgl/fbgl.bi
examples/libraries/GL/fbgl/line.bas
examples/libraries/GL/glext_test.bas
examples/libraries/GL/glfw_splitview.bas
examples/libraries/GL/gl_test.bas
examples/libraries/GL/glu_quadrics.bas
examples/libraries/GL/NeHe/3Dobject.bi
examples/libraries/GL/NeHe/bmpload.bi
examples/libraries/GL/NeHe/createtex.bi
examples/libraries/GL/NeHe/data/Ball.bmp
examples/libraries/GL/NeHe/data/Base.bmp
examples/libraries/GL/NeHe/data/BG.bmp
examples/libraries/GL/NeHe/data/BlueFace.tga
examples/libraries/GL/NeHe/data/Bucket.tga
examples/libraries/GL/NeHe/data/Bump.bmp
examples/libraries/GL/NeHe/data/Bumps.bmp
examples/libraries/GL/NeHe/data/Coke.tga
examples/libraries/GL/NeHe/data/colpatt.bmp
examples/libraries/GL/NeHe/data/Compressed.tga
examples/libraries/GL/NeHe/data/Crate.bmp
examples/libraries/GL/NeHe/data/Crosshair.tga
examples/libraries/GL/NeHe/data/Cube.bmp
examples/libraries/GL/NeHe/data/Envroll.bmp
examples/libraries/GL/NeHe/data/Envwall.bmp
examples/libraries/GL/NeHe/data/Explode.tga
examples/libraries/GL/NeHe/data/Font.bmp
examples/libraries/GL/NeHe/data/Font.tga
examples/libraries/GL/NeHe/data/Glass.bmp
examples/libraries/GL/NeHe/data/GL.raw
examples/libraries/GL/NeHe/data/Ground.tga
examples/libraries/GL/NeHe/data/Image1.bmp
examples/libraries/GL/NeHe/data/Image2.bmp
examples/libraries/GL/NeHe/data/Logo.bmp
examples/libraries/GL/NeHe/data/Mask1.bmp
examples/libraries/GL/NeHe/data/Mask2.bmp
examples/libraries/GL/NeHe/data/Model.ms3d
examples/libraries/GL/NeHe/data/Monitor.raw
examples/libraries/GL/NeHe/data/Mud.bmp
examples/libraries/GL/NeHe/data/Multi_On_Alpha.bmp
examples/libraries/GL/NeHe/data/Multi_On.bmp
examples/libraries/GL/NeHe/data/NeHe.bmp
examples/libraries/GL/NeHe/data/Object2.txt
examples/libraries/GL/NeHe/data/OpenGL_Alpha.bmp
examples/libraries/GL/NeHe/data/OpenGL.bmp
examples/libraries/GL/NeHe/data/particle.bmp
examples/libraries/GL/NeHe/data/Reflect.bmp
examples/libraries/GL/NeHe/data/Shot.wav
examples/libraries/GL/NeHe/data/Sky.tga
examples/libraries/GL/NeHe/data/Sphere.txt
examples/libraries/GL/NeHe/data/Star.bmp
examples/libraries/GL/NeHe/data/Target.tga
examples/libraries/GL/NeHe/data/Terrain.raw
examples/libraries/GL/NeHe/data/Tim.bmp
examples/libraries/GL/NeHe/data/Torus.txt
examples/libraries/GL/NeHe/data/Tube.txt
examples/libraries/GL/NeHe/data/Uncompressed.tga
examples/libraries/GL/NeHe/data/Vase.tga
examples/libraries/GL/NeHe/data/Wall.bmp
examples/libraries/GL/NeHe/data/Wood.bmp
examples/libraries/GL/NeHe/data/World.txt
examples/libraries/GL/NeHe/lesson05.bas
examples/libraries/GL/NeHe/lesson06.bas
examples/libraries/GL/NeHe/lesson07.bas
examples/libraries/GL/NeHe/lesson08.bas
examples/libraries/GL/NeHe/lesson09.bas
examples/libraries/GL/NeHe/lesson10.bas
examples/libraries/GL/NeHe/lesson11.bas
examples/libraries/GL/NeHe/lesson12.bas
examples/libraries/GL/NeHe/lesson16.bas
examples/libraries/GL/NeHe/lesson17.bas
examples/libraries/GL/NeHe/lesson18.bas
examples/libraries/GL/NeHe/lesson19.bas
examples/libraries/GL/NeHe/lesson20.bas
examples/libraries/GL/NeHe/lesson21.bas
examples/libraries/GL/NeHe/lesson22.bas
examples/libraries/GL/NeHe/lesson23.bas
examples/libraries/GL/NeHe/lesson24.bas
examples/libraries/GL/NeHe/lesson25.bas
examples/libraries/GL/NeHe/lesson26.bas
examples/libraries/GL/NeHe/lesson27.bas
examples/libraries/GL/NeHe/lesson28.bas
examples/libraries/GL/NeHe/lesson29.bas
examples/libraries/GL/NeHe/lesson31.bas
examples/libraries/GL/NeHe/lesson32.bas
examples/libraries/GL/NeHe/lesson33.bas
examples/libraries/GL/NeHe/lesson34.bas
examples/libraries/GL/NeHe/lesson36.bas
examples/libraries/GL/NeHe/milkshapemodel.bi
examples/libraries/GL/NeHe/tgaloader.bi
examples/libraries/GL/terrain.bmp
examples/libraries/GMP/power.bas
examples/libraries/GSL/matrix_test.bas
examples/libraries/Gtk/combo_test.bas
examples/libraries/Gtk/filechooser_test.bas
examples/libraries/Gtk/gdk_image.bas
examples/libraries/Gtk/glade_gui.bas
examples/libraries/Gtk/glade_gui.xml
examples/libraries/Gtk/glade-xml.bas
examples/libraries/Gtk/opengl_button.bas
examples/libraries/Gtk/test.xml
examples/libraries/Gtk/text_buffer.bas
examples/libraries/Gtk/Tutorials/arrow.bas
examples/libraries/Gtk/Tutorials/aspectframe.bas
examples/libraries/Gtk/Tutorials/base.bas
examples/libraries/Gtk/Tutorials/buttonbox.bas
examples/libraries/Gtk/Tutorials/buttons.bas
examples/libraries/Gtk/Tutorials/calendar.bas
examples/libraries/Gtk/Tutorials/clist.bas
examples/libraries/Gtk/Tutorials/colorsel.bas
examples/libraries/Gtk/Tutorials/entry.bas
examples/libraries/Gtk/Tutorials/eventbox.bas
examples/libraries/Gtk/Tutorials/filesel.bas
examples/libraries/Gtk/Tutorials/fixed.bas
examples/libraries/Gtk/Tutorials/frame.bas
examples/libraries/Gtk/Tutorials/helloworld2.bas
examples/libraries/Gtk/Tutorials/helloworld.bas
examples/libraries/Gtk/Tutorials/info.xpm
examples/libraries/Gtk/Tutorials/label.bas
examples/libraries/Gtk/Tutorials/list.bas
examples/libraries/Gtk/Tutorials/menu.bas
examples/libraries/Gtk/Tutorials/notebook.bas
examples/libraries/Gtk/Tutorials/packbox.bas
examples/libraries/Gtk/Tutorials/paned.bas
examples/libraries/Gtk/Tutorials/pixmap.bas
examples/libraries/Gtk/Tutorials/progressbar.bas
examples/libraries/Gtk/Tutorials/radiobuttons.bas
examples/libraries/Gtk/Tutorials/rangewidgets.bas
examples/libraries/Gtk/Tutorials/rulers.bas
examples/libraries/Gtk/Tutorials/scribble-simple.bas
examples/libraries/Gtk/Tutorials/scrolledwin.bas
examples/libraries/Gtk/Tutorials/spinbutton.bas
examples/libraries/Gtk/Tutorials/statusbar.bas
examples/libraries/Gtk/Tutorials/table.bas
examples/libraries/Gtk/Tutorials/text.bas
examples/libraries/Gtk/Tutorials/tree.bas
examples/libraries/IL-test.bas
examples/libraries/IUP/buttons.bas
examples/libraries/IUP/color.bas
examples/libraries/IUP/frame.bas
examples/libraries/IUP/message.bas
examples/libraries/Java/Hello.java
examples/libraries/Java/test.bas
examples/libraries/Lua/minmax.bas
examples/libraries/Lua/minmax.lua
examples/libraries/networking/http-get.bas
examples/libraries/Newton-test.bas
examples/libraries/ode-test.bas
examples/libraries/pdflib/logo.gif
examples/libraries/pdflib/pdflib_test.bas
examples/libraries/regex/CRegex/CRegex.bas
examples/libraries/regex/CRegex/CRegex.bi
examples/libraries/regex/CRegex/test.bas
examples/libraries/regex/CRegex/test.txt
examples/libraries/regex/pcre_demo.bas
examples/libraries/regex/preg_class.bas
examples/libraries/regex/printmatches.bas
examples/libraries/regex/regex_replace.bas
examples/libraries/regex/subexpr.bas
examples/libraries/SDL/cdrom.bas
examples/libraries/SDL/data/basic.gif
examples/libraries/SDL/data/free.jpg
examples/libraries/SDL/data/horse.tga
examples/libraries/SDL/data/music.ogg
examples/libraries/SDL/data/phaser.wav
examples/libraries/SDL/data/Vera.ttf
examples/libraries/SDL/events.bas
examples/libraries/SDL/gfx_line.bas
examples/libraries/SDL/image_test1.bas
examples/libraries/SDL/image_test2.bas
examples/libraries/SDL/keymouse.bas
examples/libraries/SDL/mouse.bas
examples/libraries/SDL/music_test1.bas
examples/libraries/SDL/music_test2.bas
examples/libraries/SDL/net_httpget.bas
examples/libraries/SDL/opengl.bas
examples/libraries/SDL/pixel.bas
examples/libraries/SDL/timer.bas
examples/libraries/SDL/ttf.bas
examples/libraries/SDL/video_info.bas
examples/libraries/sound/bassmod_test.bas
examples/libraries/sound/bass_test.bas
examples/libraries/sound/data/dne_trtn.mod
examples/libraries/sound/data/prodigy.wav
examples/libraries/sound/fmodtest.bas
examples/libraries/sound/openaltest.bas
examples/libraries/sound/playmp3.bas
examples/libraries/spidermonkey/callback.bas
examples/libraries/spidermonkey/common.bas
examples/libraries/spidermonkey/common.bi
examples/libraries/spidermonkey/eval.bas
examples/libraries/spidermonkey/factorial.js
examples/libraries/spidermonkey/function_cb.bas
examples/libraries/wx-c/mdi.bas
examples/libraries/wx-c/sizers.bas
examples/libraries/wx-c/wx-c_demo.bas
examples/libraries/xml/expat.bas
examples/libraries/xml/libxml.bas
examples/libraries/xml/test.xml
examples/makefile
examples/manual/array/clear.bas
examples/manual/array/ellipsis.bas
examples/manual/array/erase.bas
examples/manual/array/lbound.bas
examples/manual/array/preserve.bas
examples/manual/array/redim2d.bas
examples/manual/array/redim.bas
examples/manual/array/ubound2.bas
examples/manual/array/ubound3.bas
examples/manual/array/ubound.bas
examples/manual/bits/bit.bas
examples/manual/bits/bitreset.bas
examples/manual/bits/bitset.bas
examples/manual/bits/hibyte.bas
examples/manual/bits/hiword.bas
examples/manual/bits/lobyte.bas
examples/manual/bits/loword.bas
examples/manual/casting/cast.bas
examples/manual/casting/cbyte.bas
examples/manual/casting/cdbl.bas
examples/manual/casting/cint.bas
examples/manual/casting/clng.bas
examples/manual/casting/clngint.bas
examples/manual/casting/cptr.bas
examples/manual/casting/cshort.bas
examples/manual/casting/csign.bas
examples/manual/casting/csng.bas
examples/manual/casting/cubyte.bas
examples/manual/casting/cuint.bas
examples/manual/casting/culng.bas
examples/manual/casting/culngint.bas
examples/manual/casting/cunsg.bas
examples/manual/casting/cushort.bas
examples/manual/check/KeyPgClass_1.bas
examples/manual/check/KeyPgCommand_1.bas
examples/manual/check/KeyPgCommand_2.bas
examples/manual/check/KeyPgDim_1.bas
examples/manual/check/KeyPgDim_2.bas
examples/manual/check/KeyPgDim_3.bas
examples/manual/check/KeyPgDim_4.bas
examples/manual/check/KeyPgDim_5.bas
examples/manual/check/KeyPgDim_6.bas
examples/manual/check/KeyPgDim_7.bas
examples/manual/check/KeyPgMultikey_1.bas
examples/manual/check/KeyPgOnerror_2.bas
examples/manual/check/KeyPgOptionbase_1.bas
examples/manual/check/KeyPgResume_1.bas
examples/manual/check/KeyPgResumenext_1.bas
examples/manual/check/KeyPgScreenevent_1.bas
examples/manual/console/cls.bas
examples/manual/console/color.bas
examples/manual/console/csrlin.bas
examples/manual/console/input2.bas
examples/manual/console/input.bas
examples/manual/console/input-n.bas
examples/manual/console/lineinput.bas
examples/manual/console/locate.bas
examples/manual/console/pos.bas
examples/manual/console/print2.bas
examples/manual/console/print.bas
examples/manual/console/print-using.bas
examples/manual/console/screen-func.bas
examples/manual/console/spc2.bas
examples/manual/console/spc.bas
examples/manual/console/tab.bas
examples/manual/console/view.bas
examples/manual/console/view-gfx.bas
examples/manual/console/width.bas
examples/manual/console/width-func.bas
examples/manual/console/winput.bas
examples/manual/console/write.bas
examples/manual/control/continue2.bas
examples/manual/control/continue.bas
examples/manual/control/do-loop2.bas
examples/manual/control/do-loop.bas
examples/manual/control/end.bas
examples/manual/control/endblock.bas
examples/manual/control/exit2.bas
examples/manual/control/exit.bas
examples/manual/control/for-next2.bas
examples/manual/control/for-next.bas
examples/manual/control/gosub.bas
examples/manual/control/goto.bas
examples/manual/control/gotonum.bas
examples/manual/control/if-then.bas
examples/manual/control/iif2.bas
examples/manual/control/iif.bas
examples/manual/control/next2.bas
examples/manual/control/next3.bas
examples/manual/control/next.bas
examples/manual/control/ongosub.bas
examples/manual/control/on-goto.bas
examples/manual/control/return2.bas
examples/manual/control/return.bas
examples/manual/control/select.bas
examples/manual/control/step.bas
examples/manual/control/until.bas
examples/manual/control/while-wend.bas
examples/manual/data/data.bas
examples/manual/data/read.bas
examples/manual/data/restore.bas
examples/manual/datatype/byte2.bas
examples/manual/datatype/byte.bas
examples/manual/datatype/const-ovl.bas
examples/manual/datatype/const-ptr.bas
examples/manual/datatype/const-var.bas
examples/manual/datatype/double.bas
examples/manual/datatype/integer.bas
examples/manual/datatype/long.bas
examples/manual/datatype/longint.bas
examples/manual/datatype/pointer.bas
examples/manual/datatype/ptr.bas
examples/manual/datatype/short.bas
examples/manual/datatype/single.bas
examples/manual/datatype/string.bas
examples/manual/datatype/ubyte2.bas
examples/manual/datatype/ubyte.bas
examples/manual/datatype/uinteger.bas
examples/manual/datatype/ulong.bas
examples/manual/datatype/ulongint.bas
examples/manual/datatype/unsigned.bas
examples/manual/datatype/ushort.bas
examples/manual/datatype/wstring2.bas
examples/manual/datatype/wstring.bas
examples/manual/datatype/zstring2.bas
examples/manual/datatype/zstring.bas
examples/manual/dates/dateadd.bas
examples/manual/dates/date.bas
examples/manual/dates/datediff.bas
examples/manual/dates/datepart.bas
examples/manual/dates/dateserial.bas
examples/manual/dates/datevalue.bas
examples/manual/dates/day.bas
examples/manual/dates/hour.bas
examples/manual/dates/isdate.bas
examples/manual/dates/minute.bas
examples/manual/dates/month.bas
examples/manual/dates/monthname.bas
examples/manual/dates/now.bas
examples/manual/dates/second.bas
examples/manual/dates/time.bas
examples/manual/dates/timer.bas
examples/manual/dates/timeserial.bas
examples/manual/dates/timevalue.bas
examples/manual/dates/weekday.bas
examples/manual/dates/weekdayname.bas
examples/manual/dates/year.bas
examples/manual/debug/assert.bas
examples/manual/debug/assertwarn.bas
examples/manual/debug/stop.bas
examples/manual/defines/date.bas
examples/manual/defines/fbargc.bas
examples/manual/defines/fbargv.bas
examples/manual/defines/fbbigendian.bas
examples/manual/defines/fbbuilddate.bas
examples/manual/defines/fbcygwin.bas
examples/manual/defines/fbdarwin.bas
examples/manual/defines/fbdebug.bas
examples/manual/defines/fbdos.bas
examples/manual/defines/fberr.bas
examples/manual/defines/fbfpmode.bas
examples/manual/defines/fbfpu.bas
examples/manual/defines/fbfreebsd.bas
examples/manual/defines/fblang.bas
examples/manual/defines/fblinux.bas
examples/manual/defines/fbmain.bas
examples/manual/defines/fbminversion.bas
examples/manual/defines/fbmt.bas
examples/manual/defines/fbnetbsd.bas
examples/manual/defines/fbopenbsd.bas
examples/manual/defines/fboptionbyval.bas
examples/manual/defines/fboptiondynamic.bas
examples/manual/defines/fboptionescape.bas
examples/manual/defines/fboptionexplicit.bas
examples/manual/defines/fboptiongosub.bas
examples/manual/defines/fboptionprivate.bas
examples/manual/defines/fboutdll.bas
examples/manual/defines/fboutexe.bas
examples/manual/defines/fboutlib.bas
examples/manual/defines/fboutobj.bas
examples/manual/defines/fbpcos.bas
examples/manual/defines/fbsignature.bas
examples/manual/defines/fbsse.bas
examples/manual/defines/fbunix.bas
examples/manual/defines/fbvectorize.bas
examples/manual/defines/fbvermajor.bas
examples/manual/defines/fbverminor.bas
examples/manual/defines/fbverpatch.bas
examples/manual/defines/fbversion.bas
examples/manual/defines/fbwin32.bas
examples/manual/defines/fbxbox.bas
examples/manual/defines/file.bas
examples/manual/defines/filenq.bas
examples/manual/defines/function.bas
examples/manual/defines/functionnq.bas
examples/manual/defines/line.bas
examples/manual/defines/path.bas
examples/manual/defines/time.bas
examples/manual/error/erfn.bas
examples/manual/error/erl.bas
examples/manual/error/ermn.bas
examples/manual/error/err1.bas
examples/manual/error/err2.bas
examples/manual/error/error.bas
examples/manual/error/local.bas
examples/manual/error/onerror.bas
examples/manual/error/resume.bas
examples/manual/error/resume-next.bas
examples/manual/extras/freeimage.bas
examples/manual/extras/gfx-null.bas
examples/manual/faq/gfxlib2/bload-workaround.bas
examples/manual/faq/gfxlib2/check-for-close.bas
examples/manual/faq/gfxlib2/image-header.bas
examples/manual/faq/gfxlib2/RGB-component.bas
examples/manual/fileio/access.bas
examples/manual/fileio/basicvsc.bas
examples/manual/fileio/binary-read.bas
examples/manual/fileio/binary-text.bas
examples/manual/fileio/binary-write.bas
examples/manual/fileio/close.bas
examples/manual/fileio/encoding.bas
examples/manual/fileio/eof.bas
examples/manual/fileio/for-append.bas
examples/manual/fileio/for-input.bas
examples/manual/fileio/for-output.bas
examples/manual/fileio/freefile-bad.bas
examples/manual/fileio/freefile.bas
examples/manual/fileio/freefile-good.bas
examples/manual/fileio/get.bas
examples/manual/fileio/get-file.bas
examples/manual/fileio/input.bas
examples/manual/fileio/lineinput.bas
examples/manual/fileio/loc.bas
examples/manual/fileio/lock.bas
examples/manual/fileio/lof.bas
examples/manual/fileio/open.bas
examples/manual/fileio/opencom1.bas
examples/manual/fileio/opencom2.bas
examples/manual/fileio/opencom.bas
examples/manual/fileio/opencons.bas
examples/manual/fileio/openerr.bas
examples/manual/fileio/openfunc.bas
examples/manual/fileio/openlpt1.bas
examples/manual/fileio/openlpt2.bas
examples/manual/fileio/openlpt.bas
examples/manual/fileio/openpipe.bas
examples/manual/fileio/openscrn.bas
examples/manual/fileio/print.bas
examples/manual/fileio/print-using.bas
examples/manual/fileio/put-array.bas
examples/manual/fileio/put.bas
examples/manual/fileio/put-buffer.bas
examples/manual/fileio/reset.bas
examples/manual/fileio/resetio.bas
examples/manual/fileio/seek-func.bas
examples/manual/fileio/seek-statment.bas
examples/manual/fileio/write.bas
examples/manual/gfx/bload2.bas
examples/manual/gfx/bload3.bas
examples/manual/gfx/bload.bas
examples/manual/gfx/bsave.bas
examples/manual/gfx/circle.bas
examples/manual/gfx/cls-memset.bas
examples/manual/gfx/color.bas
examples/manual/gfx/custom.bas
examples/manual/gfx/draw2.bas
examples/manual/gfx/draw.bas
examples/manual/gfx/drawstring.bas
examples/manual/gfx/drawstring-custom.bas
examples/manual/gfx/flip.bas
examples/manual/gfx/imageconvertrow.bas
examples/manual/gfx/imagecreate.bas
examples/manual/gfx/imageinfo.bas
examples/manual/gfx/line.bas
examples/manual/gfx/line_style.bas
examples/manual/gfx/paint2.bas
examples/manual/gfx/paint.bas
examples/manual/gfx/palette2.bas
examples/manual/gfx/palette3.bas
examples/manual/gfx/palette.bas
examples/manual/gfx/pcopy.bas
examples/manual/gfx/pcopy_cons.bas
examples/manual/gfx/pmap.bas
examples/manual/gfx/point.bas
examples/manual/gfx/preset.bas
examples/manual/gfx/pset.bas
examples/manual/gfx/put-add.bas
examples/manual/gfx/put-all.bas
examples/manual/gfx/put-alpha-8bit.bas
examples/manual/gfx/put-alpha.bas
examples/manual/gfx/put-and.bas
examples/manual/gfx/put.bas
examples/manual/gfx/put-or.bas
examples/manual/gfx/put-pset.bas
examples/manual/gfx/put-trans.bas
examples/manual/gfx/put-xor.bas
examples/manual/gfx/rgba.bas
examples/manual/gfx/rgba_get.bas
examples/manual/gfx/rgb.bas
examples/manual/gfx/rgb_get.bas
examples/manual/gfx/screen2.bas
examples/manual/gfx/screen.bas
examples/manual/gfx/screencontrol.bas
examples/manual/gfx/screencopy.bas
examples/manual/gfx/screenevent.bas
examples/manual/gfx/screen-func1.bas
examples/manual/gfx/screen-func2.bas
examples/manual/gfx/screen-func3.bas
examples/manual/gfx/screenglproc.bas
examples/manual/gfx/screeninfo.bas
examples/manual/gfx/screenlist.bas
examples/manual/gfx/screenlock.bas
examples/manual/gfx/screenptr2.bas
examples/manual/gfx/screenptr.bas
examples/manual/gfx/screenres.bas
examples/manual/gfx/screenset.bas
examples/manual/gfx/screensync.bas
examples/manual/gfx/step.bas
examples/manual/gfx/view.bas
examples/manual/gfx/window.bas
examples/manual/gfx/windowtitle.bas
examples/manual/hardware/inp.bas
examples/manual/hardware/lpos.bas
examples/manual/hardware/lprint.bas
examples/manual/hardware/out.bas
examples/manual/hardware/wait.bas
examples/manual/input/getjoystick.bas
examples/manual/input/getkey.bas
examples/manual/input/getmouse2.bas
examples/manual/input/getmouse.bas
examples/manual/input/inkey.bas
examples/manual/input/inkeyext.bas
examples/manual/input/multikey.bas
examples/manual/input/setmouse.bas
examples/manual/input/stick.bas
examples/manual/input/strig.bas
examples/manual/math/abs.bas
examples/manual/math/acos.bas
examples/manual/math/asin.bas
examples/manual/math/atan2.bas
examples/manual/math/atn.bas
examples/manual/math/cos.bas
examples/manual/math/exp.bas
examples/manual/math/fix.bas
examples/manual/math/frac.bas
examples/manual/math/int.bas
examples/manual/math/log.bas
examples/manual/math/random.bas
examples/manual/math/randomize.bas
examples/manual/math/rnd.bas
examples/manual/math/sgn.bas
examples/manual/math/sin.bas
examples/manual/math/sqr.bas
examples/manual/math/tan.bas
examples/manual/memory/allocate2.bas
examples/manual/memory/allocate.bas
examples/manual/memory/callocate.bas
examples/manual/memory/deallocate2.bas
examples/manual/memory/deallocate3.bas
examples/manual/memory/deallocate.bas
examples/manual/memory/peek.bas
examples/manual/memory/poke.bas
examples/manual/memory/reallocate.bas
examples/manual/memory/sadd.bas
examples/manual/memory/swap.bas
examples/manual/meta/dynamic.bas
examples/manual/meta/header.bi
examples/manual/meta/include.bas
examples/manual/meta/lang.bas
examples/manual/meta/static.bas
examples/manual/misc/any.bas
examples/manual/misc/any-param.bas
examples/manual/misc/as.bas
examples/manual/misc/asm.bas
examples/manual/misc/let.bas
examples/manual/misc/offsetof.bas
examples/manual/misc/rem.bas
examples/manual/misc/sizeof.bas
examples/manual/misc/sizeof-udt.bas
examples/manual/misc/to.bas
examples/manual/misc/typeof1.bas
examples/manual/misc/typeof2.bas
examples/manual/module/common1.bas
examples/manual/module/common2.bas
examples/manual/module/dylibfree.bas
examples/manual/module/dylibload.bas
examples/manual/module/dylibsymbol.bas
examples/manual/module/export.bas
examples/manual/module/extern1.bas
examples/manual/module/extern2.bas
examples/manual/module/extern-block.bas
examples/manual/module/import.bas
examples/manual/module/mydll2.bas
examples/manual/module/mydll.bas
examples/manual/module/mydll.c
examples/manual/module/namespace.bas
examples/manual/module/sub-private.bas
examples/manual/module/sub-public.bas
examples/manual/module/using.bas
examples/manual/operator/add-assign.bas
examples/manual/operator/add.bas
examples/manual/operator/address-func.bas
examples/manual/operator/address-var.bas
examples/manual/operator/andalso.bas
examples/manual/operator/and-assign.bas
examples/manual/operator/and-bitwise.bas
examples/manual/operator/and-logical.bas
examples/manual/operator/arrayindex.bas
examples/manual/operator/assign.bas
examples/manual/operator/assign-let.bas
examples/manual/operator/concat-assign.bas
examples/manual/operator/concat.bas
examples/manual/operator/concat_nocvt.bas
examples/manual/operator/delete.bas
examples/manual/operator/divide-assign.bas
examples/manual/operator/divide.bas
examples/manual/operator/equal2.bas
examples/manual/operator/equal.bas
examples/manual/operator/eqv-assign.bas
examples/manual/operator/eqv-bitwise.bas
examples/manual/operator/exponent-assign.bas
examples/manual/operator/exponent.bas
examples/manual/operator/greater-than.bas
examples/manual/operator/greater-than-or-equal.bas
examples/manual/operator/imp-assign.bas
examples/manual/operator/imp-bitwise.bas
examples/manual/operator/integer-divide-assign.bas
examples/manual/operator/integer-divide.bas
examples/manual/operator/less-than1.bas
examples/manual/operator/less-than3.bas
examples/manual/operator/less-than-or-equal.bas
examples/manual/operator/let.bas
examples/manual/operator/let-list.bas
examples/manual/operator/mod-assign.bas
examples/manual/operator/mod.bas
examples/manual/operator/multiply-assign.bas
examples/manual/operator/multiply.bas
examples/manual/operator/negate.bas
examples/manual/operator/new.bas
examples/manual/operator/not-bitwise.bas
examples/manual/operator/not-equal2.bas
examples/manual/operator/not-equal.bas
examples/manual/operator/not-logical.bas
examples/manual/operator/or-assign.bas
examples/manual/operator/or-bitwise.bas
examples/manual/operator/orelse.bas
examples/manual/operator/or-logical.bas
examples/manual/operator/placement_new.bas
examples/manual/operator/pointer-index.bas
examples/manual/operator/procptr.bas
examples/manual/operator/shift-left.bas
examples/manual/operator/shift-right.bas
examples/manual/operator/shl-assign.bas
examples/manual/operator/shr-assign.bas
examples/manual/operator/stringindex.bas
examples/manual/operator/strptr.bas
examples/manual/operator/subtract-assign.bas
examples/manual/operator/subtract.bas
examples/manual/operator/valueof.bas
examples/manual/operator/varptr.bas
examples/manual/operator/xor-assign.bas
examples/manual/operator/xor-bitwise.bas
examples/manual/operator/xor-logical.bas
examples/manual/prepro/concat.bas
examples/manual/prepro/define.bas
examples/manual/prepro/defined.bas
examples/manual/prepro/else.bas
examples/manual/prepro/elseif.bas
examples/manual/prepro/endif.bas
examples/manual/prepro/error.bas
examples/manual/prepro/escape.bas
examples/manual/prepro/header.bi
examples/manual/prepro/if.bas
examples/manual/prepro/ifdef.bas
examples/manual/prepro/ifndef.bas
examples/manual/prepro/inclib.bas
examples/manual/prepro/include.bas
examples/manual/prepro/lang.bas
examples/manual/prepro/libpath.bas
examples/manual/prepro/line.bas
examples/manual/prepro/macro2.bas
examples/manual/prepro/macro.bas
examples/manual/prepro/noescape.bas
examples/manual/prepro/pragma.bas
examples/manual/prepro/print.bas
examples/manual/prepro/stringize.bas
examples/manual/prepro/undef.bas
examples/manual/prepro/variadic.bas
examples/manual/procs/alias2.bas
examples/manual/procs/alias.bas
examples/manual/procs/byref.bas
examples/manual/procs/byval.bas
examples/manual/procs/callfunc.bas
examples/manual/procs/call-fwd.bas
examples/manual/procs/callsub.bas
examples/manual/procs/cdecl.bas
examples/manual/procs/declare2.bas
examples/manual/procs/declare.bas
examples/manual/procs/ellipsis.bas
examples/manual/procs/func-1.bas
examples/manual/procs/func-2.bas
examples/manual/procs/func-3.bas
examples/manual/procs/func-4.bas
examples/manual/procs/func-5.bas
examples/manual/procs/lib.bas
examples/manual/procs/mod-ctor.bas
examples/manual/procs/mod-dtor.bas
examples/manual/procs/mydll.bas
examples/manual/procs/naked.bas
examples/manual/procs/overload.bas
examples/manual/procs/pascal.bas
examples/manual/procs/stdcall.bas
examples/manual/procs/sub-1.bas
examples/manual/procs/sub-2.bas
examples/manual/procs/va_arg.bas
examples/manual/procs/va_first.bas
examples/manual/procs/va_next.bas
examples/manual/proguide/arrays/array1.bas
examples/manual/proguide/arrays/array2.bas
examples/manual/proguide/arrays/array3.bas
examples/manual/proguide/arrays/array4.bas
examples/manual/proguide/arrays/fixedlen_1.bas
examples/manual/proguide/arrays/fixedlen_2.bas
examples/manual/proguide/arrays/indexing.bas
examples/manual/proguide/arrays/varlen_1.bas
examples/manual/proguide/arrays/varlen_2.bas
examples/manual/proguide/arrays/varlen_3.bas
examples/manual/proguide/comments/comment1.bas
examples/manual/proguide/comments/comment2.bas
examples/manual/proguide/comments/comment3.bas
examples/manual/proguide/comments/comment4.bas
examples/manual/proguide/comments/comment5.bas
examples/manual/proguide/comments/comment6.bas
examples/manual/proguide/comments/comment7.bas
examples/manual/proguide/comments/comment8.bas
examples/manual/proguide/constants/constants.bas
examples/manual/proguide/dates.bas
examples/manual/proguide/errors/err.bas
examples/manual/proguide/errors/on-error.bas
examples/manual/proguide/errors/on-local.bas
examples/manual/proguide/errors/result.bas
examples/manual/proguide/helloworld.bas
examples/manual/proguide/init/array.bas
examples/manual/proguide/init/udtarray.bas
examples/manual/proguide/labels/labels_1.bas
examples/manual/proguide/labels/labels_2.bas
examples/manual/proguide/libs/libs1.bas
examples/manual/proguide/libs/libs2.bas
examples/manual/proguide/libs/libs3.bas
examples/manual/proguide/libs/libs4.bas
examples/manual/proguide/libs/libs5.bas
examples/manual/proguide/literals/bin.bas
examples/manual/proguide/literals/dblsuff.bas
examples/manual/proguide/literals/dec.bas
examples/manual/proguide/literals/escape.bas
examples/manual/proguide/literals/floats.bas
examples/manual/proguide/literals/hex.bas
examples/manual/proguide/literals/intsuff.bas
examples/manual/proguide/literals/noescape.bas
examples/manual/proguide/literals/oct.bas
examples/manual/proguide/literals/singsuff.bas
examples/manual/proguide/literals/string.bas
examples/manual/proguide/members/foo1.bi
examples/manual/proguide/members/foo2.bi
examples/manual/proguide/members/overload.bas
examples/manual/proguide/members/static.bas
examples/manual/proguide/members/this.bas
examples/manual/proguide/members/usage1.bas
examples/manual/proguide/members/usage2.bas
examples/manual/proguide/object-class.bas
examples/manual/proguide/opovld/global-ops.bas
examples/manual/proguide/opovld/iif.bas
examples/manual/proguide/opovld/member-ops.bas
examples/manual/proguide/pointers/addsub.bas
examples/manual/proguide/pointers/builtin.bas
examples/manual/proguide/pointers/distance.bas
examples/manual/proguide/pointers/incdec.bas
examples/manual/proguide/pointers/udt.bas
examples/manual/proguide/primer/primer10.bas
examples/manual/proguide/primer/primer1.bas
examples/manual/proguide/primer/primer2.bas
examples/manual/proguide/primer/primer3.bas
examples/manual/proguide/primer/primer4.bas
examples/manual/proguide/primer/primer5.bas
examples/manual/proguide/primer/primer6.bas
examples/manual/proguide/primer/primer7.bas
examples/manual/proguide/primer/primer8.bas
examples/manual/proguide/primer/primer9.bas
examples/manual/proguide/procptrs/alias.bas
examples/manual/proguide/procptrs/calling.bas
examples/manual/proguide/procptrs/dimptr.bas
examples/manual/proguide/procptrs/passing.bas
examples/manual/proguide/procptrs/pfunc.bi
examples/manual/proguide/procptrs/procptrs.bas
examples/manual/proguide/procs/functions.bas
examples/manual/proguide/procs/passargs.bas
examples/manual/proguide/procs/passbyref.bas
examples/manual/proguide/procs/passbyval.bas
examples/manual/proguide/procs/return-methods.bas
examples/manual/proguide/procs/returnval.bas
examples/manual/proguide/procs/subs.bas
examples/manual/proguide/shared-lib/mylib.bas
examples/manual/proguide/shared-lib/mylib.bi
examples/manual/proguide/shared-lib/mytest.bas
examples/manual/proguide/sourcefiles.bas
examples/manual/proguide/static-lib/mylib.bas
examples/manual/proguide/static-lib/mylib.bi
examples/manual/proguide/static-lib/mytest.bas
examples/manual/proguide/typalias/builtin.bas
examples/manual/proguide/typalias/fwd_1.bas
examples/manual/proguide/typalias/fwd_2.bas
examples/manual/proguide/typalias/incomp.bas
examples/manual/proguide/typalias/overload.bas
examples/manual/proguide/typalias/procptr_1.bas
examples/manual/proguide/typalias/procptr_2.bas
examples/manual/proguide/udt/ctordtor.bas
examples/manual/proguide/udt/ptr-access.bas
examples/manual/proguide/udt/simple.bas
examples/manual/proguide/variables/variables.bas
examples/manual/proguide/varscope/local.bas
examples/manual/proguide/varscope/module1.bas
examples/manual/proguide/varscope/module2.bas
examples/manual/proguide/varscope/module3.bas
examples/manual/proguide/varscope/module4.bas
examples/manual/proguide/varscope/shared.bas
examples/manual/samples.bas
examples/manual/samples.ini
examples/manual/samples.txt
examples/manual/strings/asc.bas
examples/manual/strings/bin.bas
examples/manual/strings/chr.bas
examples/manual/strings/cvd.bas
examples/manual/strings/cvi.bas
examples/manual/strings/cvl.bas
examples/manual/strings/cvlongint.bas
examples/manual/strings/cvs.bas
examples/manual/strings/cvshort.bas
examples/manual/strings/hex.bas
examples/manual/strings/instr2.bas
examples/manual/strings/instr.bas
examples/manual/strings/instrrev2.bas
examples/manual/strings/instrrev.bas
examples/manual/strings/lcase.bas
examples/manual/strings/left.bas
examples/manual/strings/len.bas
examples/manual/strings/lset.bas
examples/manual/strings/lset-udt.bas
examples/manual/strings/ltrim.bas
examples/manual/strings/mid-func.bas
examples/manual/strings/mid-stmt.bas
examples/manual/strings/mkd.bas
examples/manual/strings/mki.bas
examples/manual/strings/mkl.bas
examples/manual/strings/mklongint.bas
examples/manual/strings/mks.bas
examples/manual/strings/mkshort.bas
examples/manual/strings/oct.bas
examples/manual/strings/right.bas
examples/manual/strings/rset.bas
examples/manual/strings/rtrim.bas
examples/manual/strings/space.bas
examples/manual/strings/str.bas
examples/manual/strings/string.bas
examples/manual/strings/trim.bas
examples/manual/strings/ucase.bas
examples/manual/strings/val.bas
examples/manual/strings/valint.bas
examples/manual/strings/vallng.bas
examples/manual/strings/valuint.bas
examples/manual/strings/valulng.bas
examples/manual/strings/wbin.bas
examples/manual/strings/wchr.bas
examples/manual/strings/whex.bas
examples/manual/strings/woct.bas
examples/manual/strings/wspace.bas
examples/manual/strings/wstr.bas
examples/manual/strings/wstring.bas
examples/manual/switches/defbyte.bas
examples/manual/switches/defdbl.bas
examples/manual/switches/defint.bas
examples/manual/switches/deflng.bas
examples/manual/switches/deflongint.bas
examples/manual/switches/defshort.bas
examples/manual/switches/defsng.bas
examples/manual/switches/defstr.bas
examples/manual/switches/defubyte.bas
examples/manual/switches/defuint.bas
examples/manual/switches/defulongint.bas
examples/manual/switches/defushort.bas
examples/manual/switches/option-byval.bas
examples/manual/switches/option-dynamic.bas
examples/manual/switches/option-escape.bas
examples/manual/switches/option-explicit.bas
examples/manual/switches/option-gosub.bas
examples/manual/switches/option-nogosub.bas
examples/manual/switches/option-nokeyword.bas
examples/manual/switches/option-private.bas
examples/manual/switches/option-static.bas
examples/manual/system/beep.bas
examples/manual/system/chain.bas
examples/manual/system/chdir.bas
examples/manual/system/command.bas
examples/manual/system/curdir.bas
examples/manual/system/dir.bas
examples/manual/system/dirretat.bas
examples/manual/system/environ.bas
examples/manual/system/exec.bas
examples/manual/system/exepath.bas
examples/manual/system/fileattr.bas
examples/manual/system/filecopy.bas
examples/manual/system/filedatetime.bas
examples/manual/system/fileexists.bas
examples/manual/system/filelen.bas
examples/manual/system/fre.bas
examples/manual/system/kill.bas
examples/manual/system/mkdir.bas
examples/manual/system/name.bas
examples/manual/system/rmdir.bas
examples/manual/system/run.bas
examples/manual/system/setdate.bas
examples/manual/system/setenviron2.bas
examples/manual/system/setenviron.bas
examples/manual/system/settime.bas
examples/manual/system/shell.bas
examples/manual/system/sleep.bas
examples/manual/system/system.bas
examples/manual/threads/condcreate.bas
examples/manual/threads/mutexcreate.bas
examples/manual/threads/mutexdestroy.bas
examples/manual/threads/mutexlock.bas
examples/manual/threads/mutexunlock.bas
examples/manual/threads/threadcreate.bas
examples/manual/threads/threadwait.bas
examples/manual/udt/access.bas
examples/manual/udt/const-proc.bas
examples/manual/udt/constructor.bas
examples/manual/udt/constructor-ptr.bas
examples/manual/udt/destructor.bas
examples/manual/udt/enum.bas
examples/manual/udt/field.bas
examples/manual/udt/function.bas
examples/manual/udt/operator.bas
examples/manual/udt/private.bas
examples/manual/udt/property2.bas
examples/manual/udt/property.bas
examples/manual/udt/protected.bas
examples/manual/udt/ptr-access.bas
examples/manual/udt/public.bas
examples/manual/udt/static.bas
examples/manual/udt/step.bas
examples/manual/udt/stepFileIteration.bas
examples/manual/udt/sub.bas
examples/manual/udt/temp-type2.bas
examples/manual/udt/temp-type3.bas
examples/manual/udt/temp-type.bas
examples/manual/udt/this.bas
examples/manual/udt/type1.bas
examples/manual/udt/type2.bas
examples/manual/udt/type-fwd.bas
examples/manual/udt/union.bas
examples/manual/udt/with-1.bas
examples/manual/udt/with-2.bas
examples/manual/udt/with-3.bas
examples/manual/variable/const.bas
examples/manual/variable/dim.bas
examples/manual/variable/scope.bas
examples/manual/variable/shared.bas
examples/manual/variable/static.bas
examples/manual/variable/var.bas
examples/misc/allocate.bas
examples/misc/arrayfield.bas
examples/misc/asc_chr.bas
examples/misc/bitfields.bas
examples/misc/bytestring.bas
examples/misc/byvaludt.bas
examples/misc/cgi_test.bas
examples/misc/chain1.bas
examples/misc/chain2.bas
examples/misc/command.bas
examples/misc/conmouse.bas
examples/misc/constructor.bas
examples/misc/escapechars.bas
examples/misc/file/filearray.bas
examples/misc/file/filebin.bas
examples/misc/file/fileinput.bas
examples/misc/file/filepipe.bas
examples/misc/file/filerand.bas
examples/misc/file/filerec.bas
examples/misc/file/filetext.bas
examples/misc/func_deref.bas
examples/misc/funcptr.bas
examples/misc/hello.bas
examples/misc/iif.bas
examples/misc/imp_conv.bas
examples/misc/inkey.bas
examples/misc/inlineasm.bas
examples/misc/macro.bas
examples/misc/mutex.bas
examples/misc/naked_func.bas
examples/misc/optargs.bas
examples/misc/overload.bas
examples/misc/pcopy.bas
examples/misc/peek.bas
examples/misc/preprocessor.bas
examples/misc/ptr_index.bas
examples/misc/ptr_test.bas
examples/misc/scope.bas
examples/misc/select.bas
examples/misc/sieve.bas
examples/misc/str_index.bas
examples/misc/threads.bas
examples/misc/typedef.bas
examples/misc/var-args.bas
examples/misc/var_initializers.bas
examples/misc/with.bas
examples/namespace/console.bas
examples/namespace/cpp/alias/cpplib.cpp
examples/namespace/cpp/alias/test.bas
examples/namespace/cpp/complexlib.cpp
examples/namespace/cpp/complextest.bas
examples/namespace/cpp/cpplib.cpp
examples/namespace/cpp/test.bas
examples/namespace/scoped.bas
examples/pre-include/preinc.bi
examples/pre-include/test.bas
examples/real10/libreal10/core.bas
examples/real10/libreal10/intern.bi
examples/real10/libreal10/Makefile
examples/real10/libreal10/op-acos.bas
examples/real10/libreal10/op-acosh.bas
examples/real10/libreal10/op-add.bas
examples/real10/libreal10/op-asin.bas
examples/real10/libreal10/op-asinh.bas
examples/real10/libreal10/op-atan.bas
examples/real10/libreal10/op-atanh.bas
examples/real10/libreal10/op-cast.bas
examples/real10/libreal10/op-cos.bas
examples/real10/libreal10/op-cosh.bas
examples/real10/libreal10/op-ctor.bas
examples/real10/libreal10/op-div.bas
examples/real10/libreal10/op-eq.bas
examples/real10/libreal10/op-exp10.bas
examples/real10/libreal10/op-exp.bas
examples/real10/libreal10/op-ge.bas
examples/real10/libreal10/op-gt.bas
examples/real10/libreal10/op-le.bas
examples/real10/libreal10/op-let.bas
examples/real10/libreal10/op-log10.bas
examples/real10/libreal10/op-log.bas
examples/real10/libreal10/op-lt.bas
examples/real10/libreal10/op-mul.bas
examples/real10/libreal10/op-ne.bas
examples/real10/libreal10/op-pow.bas
examples/real10/libreal10/op-sin.bas
examples/real10/libreal10/op-sinh.bas
examples/real10/libreal10/op-sqrt.bas
examples/real10/libreal10/op-sub.bas
examples/real10/libreal10/op-tan.bas
examples/real10/libreal10/op-tanh.bas
examples/real10/real10.bi
examples/real10/test.bas
examples/unicode/hello_chinese.bas
examples/unicode/hello_greek.bas
examples/unicode/hello_japanese.bas
examples/unicode/hello_korean.bas
examples/unicode/hello_russian.bas
examples/unicode/hello_UNC.bas
examples/unicode/hello_UTF16BE.bas
examples/unicode/hello_UTF16LE.bas
examples/unicode/hello_UTF32BE.bas
examples/unicode/hello_UTF32LE.bas
examples/unicode/hello_UTF8.bas
fblogo.xpm
install.sh
install-standalone.sh
lib/linux/elf_i386.x
lib/linux/fbrt0.o
lib/linux/libfb.a
lib/linux/libfbgfx.a
lib/linux/libfbmt.a
lib/linux/libtinyptc.a
migrating.txt
readme.txt
