bin/win32/ar.exe
bin/win32/as.exe
bin/win32/dlltool.exe
bin/win32/GoRC.exe
bin/win32/ld.exe
changelog.txt
doc/GoRC.txt
doc/gpl.txt
doc/lgpl.txt
doc/licenses/libffi.txt
fbc.exe
inc/datetime.bi
inc/dir.bi
inc/fbgfx.bi
inc/file.bi
inc/string.bi
inc/utf_conv.bi
inc/vbcompat.bi
lib/win32/crt2.o
lib/win32/crtbegin.o
lib/win32/crtend.o
lib/win32/dllcrt2.o
lib/win32/fbextra.x
lib/win32/fbrt0.o
lib/win32/gcrt2.o
lib/win32/libadvapi32.dll.a
lib/win32/libfb.a
lib/win32/libfbgfx.a
lib/win32/libfbmt.a
lib/win32/libffi.a
lib/win32/libgcc.a
lib/win32/libgcc_eh.a
lib/win32/libgdi32.dll.a
lib/win32/libgmon.a
lib/win32/libkernel32.dll.a
lib/win32/libmingw32.a
lib/win32/libmingwex.a
lib/win32/libmoldname.a
lib/win32/libmsvcrt.dll.a
lib/win32/libsupc++.a
lib/win32/libuser32.dll.a
lib/win32/libwinmm.dll.a
lib/win32/libwinspool.dll.a
readme.txt
