src/gfxlib2/dos/fb_gfx_dos.h
src/gfxlib2/dos/vesa.h
src/gfxlib2/dos/vga.h
src/gfxlib2/fb_gfx.h
src/gfxlib2/fb_gfx_data.h
src/gfxlib2/fb_gfx_gl.h
src/gfxlib2/linux/fb_gfx_linux.h
src/gfxlib2/win32/fb_gfx_win32.h
src/gfxlib2/x86/fb_gfx_mmx.h
src/gfxlib2/dos/libfb_gfx_dos.c
src/gfxlib2/dos/libfb_gfx_driver_bios.c
src/gfxlib2/dos/libfb_gfx_driver_modex.c
src/gfxlib2/dos/libfb_gfx_driver_vesa_bnk.c
src/gfxlib2/dos/libfb_gfx_driver_vesa_lin.c
src/gfxlib2/dos/libfb_gfx_driver_vga.c
src/gfxlib2/dos/libfb_gfx_joystick.c
src/gfxlib2/dos/libfb_gfx_vesa_core.c
src/gfxlib2/libfb_gfx_access.c
src/gfxlib2/libfb_gfx_blitter.c
src/gfxlib2/libfb_gfx_bload.c
src/gfxlib2/libfb_gfx_box.c
src/gfxlib2/libfb_gfx_bsave.c
src/gfxlib2/libfb_gfx_circle.c
src/gfxlib2/libfb_gfx_cls.c
src/gfxlib2/libfb_gfx_color.c
src/gfxlib2/libfb_gfx_control.c
src/gfxlib2/libfb_gfx_core.c
src/gfxlib2/libfb_gfx_data.c
src/gfxlib2/libfb_gfx_draw.c
src/gfxlib2/libfb_gfx_drawstring.c
src/gfxlib2/libfb_gfx_driver_null.c
src/gfxlib2/libfb_gfx_event.c
src/gfxlib2/libfb_gfx_get.c
src/gfxlib2/libfb_gfx_getmouse.c
src/gfxlib2/libfb_gfx_image.c
src/gfxlib2/libfb_gfx_image_convert.c
src/gfxlib2/libfb_gfx_inkey.c
src/gfxlib2/libfb_gfx_line.c
src/gfxlib2/libfb_gfx_lineinp.c
src/gfxlib2/libfb_gfx_lineinp_wstr.c
src/gfxlib2/libfb_gfx_lzw.c
src/gfxlib2/libfb_gfx_multikey.c
src/gfxlib2/libfb_gfx_page.c
src/gfxlib2/libfb_gfx_paint.c
src/gfxlib2/libfb_gfx_palette.c
src/gfxlib2/libfb_gfx_paletteget.c
src/gfxlib2/libfb_gfx_pmap.c
src/gfxlib2/libfb_gfx_point.c
src/gfxlib2/libfb_gfx_print.c
src/gfxlib2/libfb_gfx_print_wstr.c
src/gfxlib2/libfb_gfx_pset.c
src/gfxlib2/libfb_gfx_put.c
src/gfxlib2/libfb_gfx_put_add.c
src/gfxlib2/libfb_gfx_put_alpha.c
src/gfxlib2/libfb_gfx_put_and.c
src/gfxlib2/libfb_gfx_put_blend.c
src/gfxlib2/libfb_gfx_put_custom.c
src/gfxlib2/libfb_gfx_put_or.c
src/gfxlib2/libfb_gfx_put_preset.c
src/gfxlib2/libfb_gfx_put_pset.c
src/gfxlib2/libfb_gfx_put_trans.c
src/gfxlib2/libfb_gfx_put_xor.c
src/gfxlib2/libfb_gfx_readstr.c
src/gfxlib2/libfb_gfx_readxy.c
src/gfxlib2/libfb_gfx_screen.c
src/gfxlib2/libfb_gfx_screeninfo.c
src/gfxlib2/libfb_gfx_screenlist.c
src/gfxlib2/libfb_gfx_setmouse.c
src/gfxlib2/libfb_gfx_sleep.c
src/gfxlib2/libfb_gfx_softcursor.c
src/gfxlib2/libfb_gfx_vars.c
src/gfxlib2/libfb_gfx_vgaemu.c
src/gfxlib2/libfb_gfx_view.c
src/gfxlib2/libfb_gfx_vsync.c
src/gfxlib2/libfb_gfx_width.c
src/gfxlib2/libfb_gfx_window.c
src/gfxlib2/linux/libfb_gfx_driver_fbdev.c
src/gfxlib2/linux/libfb_gfx_driver_x11.c
src/gfxlib2/linux/libfb_gfx_joystick.c
src/gfxlib2/linux/libfb_gfx_linux.c
src/gfxlib2/opengl/libfb_gfx_opengl.c
src/gfxlib2/opengl/linux/libfb_gfx_driver_opengl.c
src/gfxlib2/opengl/win32/libfb_gfx_driver_opengl.c
src/gfxlib2/tools/mk_dat.c
src/gfxlib2/win32/libfb_gfx_driver_ddraw.c
src/gfxlib2/win32/libfb_gfx_driver_gdi.c
src/gfxlib2/win32/libfb_gfx_joystick.c
src/gfxlib2/win32/libfb_gfx_win32.c
src/config/config.guess
src/config/config.sub
src/config/depcomp
src/config/install-sh
src/config/missing
docs/Doxyfile
docs/GoRC.txt
docs/fbc.1
docs/gpl.txt
docs/lgpl.txt
