docs/gpl.txt
docs/lgpl.txt
src/config/config.guess
src/config/config.sub
src/config/depcomp
src/config/install-sh
src/config/missing
src/rtlib/AUTHORS
src/rtlib/COPYING
src/rtlib/ChangeLog
src/rtlib/INSTALL
src/rtlib/Makefile.in
src/rtlib/NEWS
src/rtlib/README
src/rtlib/aclocal.m4
src/rtlib/config.in
src/rtlib/configure
src/rtlib/configure.ac
src/rtlib/darwin/fb_darwin.h
src/rtlib/dos/fb_dos.h
src/rtlib/dos/fb_unicode.h
src/rtlib/dos/libfb_dev_pipe_close.c
src/rtlib/dos/libfb_dev_pipe_open.c
src/rtlib/dos/libfb_drv_file_copy.c
src/rtlib/dos/libfb_drv_intl.c
src/rtlib/dos/libfb_drv_intl_data.c
src/rtlib/dos/libfb_drv_intl_get.c
src/rtlib/dos/libfb_drv_intl_getdateformat.c
src/rtlib/dos/libfb_drv_intl_getmonthname.c
src/rtlib/dos/libfb_drv_intl_gettimeformat.c
src/rtlib/dos/libfb_drv_intl_getweekdayname.c
src/rtlib/dos/libfb_drv_isr.s
src/rtlib/dos/libfb_farmemset.c
src/rtlib/dos/libfb_file_dir.c
src/rtlib/dos/libfb_file_hconvpath.c
src/rtlib/dos/libfb_file_hlock.c
src/rtlib/dos/libfb_file_resetex.c
src/rtlib/dos/libfb_hexit.c
src/rtlib/dos/libfb_hinit.c
src/rtlib/dos/libfb_hsignals.c
src/rtlib/dos/libfb_io_cls.c
src/rtlib/dos/libfb_io_color.c
src/rtlib/dos/libfb_io_getsize.c
src/rtlib/dos/libfb_io_inkey.c
src/rtlib/dos/libfb_io_isredir.c
src/rtlib/dos/libfb_io_locate.c
src/rtlib/dos/libfb_io_maxrow.c
src/rtlib/dos/libfb_io_mouse.c
src/rtlib/dos/libfb_io_multikey.c
src/rtlib/dos/libfb_io_pageset.c
src/rtlib/dos/libfb_io_pcopy.c
src/rtlib/dos/libfb_io_printbuff.c
src/rtlib/dos/libfb_io_printbuff_wstr.c
src/rtlib/dos/libfb_io_printer.c
src/rtlib/dos/libfb_io_readstr.c
src/rtlib/dos/libfb_io_scroll.c
src/rtlib/dos/libfb_io_serial.c
src/rtlib/dos/libfb_io_viewupdate.c
src/rtlib/dos/libfb_io_width.c
src/rtlib/dos/libfb_sys_beep.c
src/rtlib/dos/libfb_sys_exec.c
src/rtlib/dos/libfb_sys_fmem.c
src/rtlib/dos/libfb_sys_getcwd.c
src/rtlib/dos/libfb_sys_getexename.c
src/rtlib/dos/libfb_sys_getexepath.c
src/rtlib/dos/libfb_sys_getshortpath.c
src/rtlib/dos/libfb_sys_isr.c
src/rtlib/dos/libfb_sys_ports.c
src/rtlib/dos/libfb_sys_shell.c
src/rtlib/dos/libfb_sys_sleep.c
src/rtlib/dos/libfb_thread_cond.c
src/rtlib/dos/libfb_thread_core.c
src/rtlib/dos/libfb_thread_mutex.c
src/rtlib/dos/libfb_time_setdate.c
src/rtlib/dos/libfb_time_settime.c
src/rtlib/dos/libfb_time_sleep.c
src/rtlib/dos/libfb_time_tmr.c
src/rtlib/fb.h
src/rtlib/fb_array.h
src/rtlib/fb_colors.h
src/rtlib/fb_con.h
src/rtlib/fb_config.h
src/rtlib/fb_console.h
src/rtlib/fb_data.h
src/rtlib/fb_datetime.h
src/rtlib/fb_device.h
src/rtlib/fb_error.h
src/rtlib/fb_file.h
src/rtlib/fb_hook.h
src/rtlib/fb_intern.h
src/rtlib/fb_math.h
src/rtlib/fb_port.h
src/rtlib/fb_printer.h
src/rtlib/fb_scancodes.h
src/rtlib/fb_serial.h
src/rtlib/fb_string.h
src/rtlib/fb_system.h
src/rtlib/fb_thread.h
src/rtlib/fb_unicode.h
src/rtlib/freebsd/fb_freebsd.h
src/rtlib/freebsd/libfb_hexit.c
src/rtlib/freebsd/libfb_hinit.c
src/rtlib/freebsd/libfb_io_mouse.c
src/rtlib/freebsd/libfb_io_multikey.c
src/rtlib/freebsd/libfb_sys_fmem.c
src/rtlib/freebsd/libfb_sys_getexename.c
src/rtlib/freebsd/libfb_sys_getexepath.c
src/rtlib/libfb_array_boundchk.c
src/rtlib/libfb_array_clear.c
src/rtlib/libfb_array_clear_obj.c
src/rtlib/libfb_array_core.c
src/rtlib/libfb_array_erase.c
src/rtlib/libfb_array_erase_obj.c
src/rtlib/libfb_array_erasestr.c
src/rtlib/libfb_array_lbound.c
src/rtlib/libfb_array_redim.c
src/rtlib/libfb_array_redim_obj.c
src/rtlib/libfb_array_redimpresv.c
src/rtlib/libfb_array_redimpresv_obj.c
src/rtlib/libfb_array_resetdesc.c
src/rtlib/libfb_array_setdesc.c
src/rtlib/libfb_array_tmpdesc.c
src/rtlib/libfb_array_ubound.c
src/rtlib/libfb_assert.c
src/rtlib/libfb_assert_wstr.c
src/rtlib/libfb_con_lineinp.c
src/rtlib/libfb_con_lineinp_wstr.c
src/rtlib/libfb_con_locate.c
src/rtlib/libfb_con_pos.c
src/rtlib/libfb_con_print_raw.c
src/rtlib/libfb_con_print_raw_uni.h
src/rtlib/libfb_con_print_raw_wstr.c
src/rtlib/libfb_con_print_tty.c
src/rtlib/libfb_con_print_tty_uni.h
src/rtlib/libfb_con_print_tty_wstr.c
src/rtlib/libfb_con_readline.c
src/rtlib/libfb_data.c
src/rtlib/libfb_data_read_wstr.c
src/rtlib/libfb_data_readbyte.c
src/rtlib/libfb_data_readdouble.c
src/rtlib/libfb_data_readint.c
src/rtlib/libfb_data_readlong.c
src/rtlib/libfb_data_readshort.c
src/rtlib/libfb_data_readsingle.c
src/rtlib/libfb_data_readstr.c
src/rtlib/libfb_data_readubyte.c
src/rtlib/libfb_data_readuint.c
src/rtlib/libfb_data_readulong.c
src/rtlib/libfb_data_readushort.c
src/rtlib/libfb_data_rest.c
src/rtlib/libfb_dev_com.c
src/rtlib/libfb_dev_com_test.c
src/rtlib/libfb_dev_cons_open.c
src/rtlib/libfb_dev_err_open.c
src/rtlib/libfb_dev_file_close.c
src/rtlib/libfb_dev_file_encod_open.c
src/rtlib/libfb_dev_file_encod_read.c
src/rtlib/libfb_dev_file_encod_read_core.c
src/rtlib/libfb_dev_file_encod_read_wstr.c
src/rtlib/libfb_dev_file_encod_readline.c
src/rtlib/libfb_dev_file_encod_readline_wstr.c
src/rtlib/libfb_dev_file_encod_write.c
src/rtlib/libfb_dev_file_encod_write_wstr.c
src/rtlib/libfb_dev_file_eof.c
src/rtlib/libfb_dev_file_flush.c
src/rtlib/libfb_dev_file_lock.c
src/rtlib/libfb_dev_file_open.c
src/rtlib/libfb_dev_file_read.c
src/rtlib/libfb_dev_file_read_wstr.c
src/rtlib/libfb_dev_file_readline.c
src/rtlib/libfb_dev_file_readline_wstr.c
src/rtlib/libfb_dev_file_seek.c
src/rtlib/libfb_dev_file_size.c
src/rtlib/libfb_dev_file_tell.c
src/rtlib/libfb_dev_file_unlock.c
src/rtlib/libfb_dev_file_write.c
src/rtlib/libfb_dev_file_write_wstr.c
src/rtlib/libfb_dev_lpt.c
src/rtlib/libfb_dev_lpt_close.c
src/rtlib/libfb_dev_lpt_test.c
src/rtlib/libfb_dev_lpt_write.c
src/rtlib/libfb_dev_lpt_write_wstr.c
src/rtlib/libfb_dev_scrn.c
src/rtlib/libfb_dev_scrn_close.c
src/rtlib/libfb_dev_scrn_eof.c
src/rtlib/libfb_dev_scrn_init.c
src/rtlib/libfb_dev_scrn_read.c
src/rtlib/libfb_dev_scrn_read_wstr.c
src/rtlib/libfb_dev_scrn_readline.c
src/rtlib/libfb_dev_scrn_readline_wstr.c
src/rtlib/libfb_dev_scrn_write.c
src/rtlib/libfb_dev_scrn_write_wstr.c
src/rtlib/libfb_dev_stdio_close.c
src/rtlib/libfb_error.c
src/rtlib/libfb_error_getset.c
src/rtlib/libfb_error_ptrchk.c
src/rtlib/libfb_exit.c
src/rtlib/libfb_file_attr.c
src/rtlib/libfb_file_close.c
src/rtlib/libfb_file_copy.c
src/rtlib/libfb_file_datetime.c
src/rtlib/libfb_file_encod.c
src/rtlib/libfb_file_eof.c
src/rtlib/libfb_file_exists.c
src/rtlib/libfb_file_get.c
src/rtlib/libfb_file_get_wstr.c
src/rtlib/libfb_file_getarray.c
src/rtlib/libfb_file_getstr.c
src/rtlib/libfb_file_input_byte.c
src/rtlib/libfb_file_input_con.c
src/rtlib/libfb_file_input_file.c
src/rtlib/libfb_file_input_float.c
src/rtlib/libfb_file_input_int.c
src/rtlib/libfb_file_input_longint.c
src/rtlib/libfb_file_input_short.c
src/rtlib/libfb_file_input_str.c
src/rtlib/libfb_file_input_tok.c
src/rtlib/libfb_file_input_tok_wstr.c
src/rtlib/libfb_file_input_ubyte.c
src/rtlib/libfb_file_input_uint.c
src/rtlib/libfb_file_input_ulongint.c
src/rtlib/libfb_file_input_ushort.c
src/rtlib/libfb_file_input_wstr.c
src/rtlib/libfb_file_inputstr.c
src/rtlib/libfb_file_kill.c
src/rtlib/libfb_file_len.c
src/rtlib/libfb_file_lineinp.c
src/rtlib/libfb_file_lineinp_wstr.c
src/rtlib/libfb_file_loc.c
src/rtlib/libfb_file_lock.c
src/rtlib/libfb_file_open.c
src/rtlib/libfb_file_opencom.c
src/rtlib/libfb_file_opencons.c
src/rtlib/libfb_file_openencod.c
src/rtlib/libfb_file_openerr.c
src/rtlib/libfb_file_openlpt.c
src/rtlib/libfb_file_openpipe.c
src/rtlib/libfb_file_openscrn.c
src/rtlib/libfb_file_openshort.c
src/rtlib/libfb_file_print.c
src/rtlib/libfb_file_print_wstr.c
src/rtlib/libfb_file_put.c
src/rtlib/libfb_file_put_wstr.c
src/rtlib/libfb_file_putarray.c
src/rtlib/libfb_file_putback.c
src/rtlib/libfb_file_putback_wstr.c
src/rtlib/libfb_file_putstr.c
src/rtlib/libfb_file_reset.c
src/rtlib/libfb_file_seek.c
src/rtlib/libfb_file_size.c
src/rtlib/libfb_file_tell.c
src/rtlib/libfb_file_tree.c
src/rtlib/libfb_file_winputstr.c
src/rtlib/libfb_gosub.c
src/rtlib/libfb_hook_cls.c
src/rtlib/libfb_hook_color.c
src/rtlib/libfb_hook_getsize.c
src/rtlib/libfb_hook_getx.c
src/rtlib/libfb_hook_getxy.c
src/rtlib/libfb_hook_gety.c
src/rtlib/libfb_hook_inkey.c
src/rtlib/libfb_hook_isredir.c
src/rtlib/libfb_hook_lineinp.c
src/rtlib/libfb_hook_lineinp_wstr.c
src/rtlib/libfb_hook_locate_ex.c
src/rtlib/libfb_hook_mouse.c
src/rtlib/libfb_hook_multikey.c
src/rtlib/libfb_hook_pageset.c
src/rtlib/libfb_hook_pcopy.c
src/rtlib/libfb_hook_ports.c
src/rtlib/libfb_hook_print_wstr.c
src/rtlib/libfb_hook_printstr.c
src/rtlib/libfb_hook_readstr.c
src/rtlib/libfb_hook_readxy.c
src/rtlib/libfb_hook_sleep.c
src/rtlib/libfb_hook_view_update.c
src/rtlib/libfb_hook_width.c
src/rtlib/libfb_init.c
src/rtlib/libfb_intl_get.c
src/rtlib/libfb_intl_getdateformat.c
src/rtlib/libfb_intl_getmonthname.c
src/rtlib/libfb_intl_getset.c
src/rtlib/libfb_intl_gettimeformat.c
src/rtlib/libfb_intl_getweekdayname.c
src/rtlib/libfb_io_lpos.c
src/rtlib/libfb_io_lprint_byte.c
src/rtlib/libfb_io_lprint_fix.c
src/rtlib/libfb_io_lprint_fp.c
src/rtlib/libfb_io_lprint_int.c
src/rtlib/libfb_io_lprint_longint.c
src/rtlib/libfb_io_lprint_short.c
src/rtlib/libfb_io_lprint_str.c
src/rtlib/libfb_io_lprint_wstr.c
src/rtlib/libfb_io_lprintusg.c
src/rtlib/libfb_io_lprintvoid.c
src/rtlib/libfb_io_print.c
src/rtlib/libfb_io_print_byte.c
src/rtlib/libfb_io_print_fix.c
src/rtlib/libfb_io_print_fp.c
src/rtlib/libfb_io_print_int.c
src/rtlib/libfb_io_print_longint.c
src/rtlib/libfb_io_print_short.c
src/rtlib/libfb_io_print_wstr.c
src/rtlib/libfb_io_printpad.c
src/rtlib/libfb_io_printpad_wstr.c
src/rtlib/libfb_io_printusg.c
src/rtlib/libfb_io_printvoid.c
src/rtlib/libfb_io_printvoid_wstr.c
src/rtlib/libfb_io_setpos.c
src/rtlib/libfb_io_spc.c
src/rtlib/libfb_io_view.c
src/rtlib/libfb_io_viewhlp.c
src/rtlib/libfb_io_widthdev.c
src/rtlib/libfb_io_widthfile.c
src/rtlib/libfb_io_write_wstr.c
src/rtlib/libfb_io_writebyte.c
src/rtlib/libfb_io_writefloat.c
src/rtlib/libfb_io_writeint.c
src/rtlib/libfb_io_writelongint.c
src/rtlib/libfb_io_writeshort.c
src/rtlib/libfb_io_writestr.c
src/rtlib/libfb_io_writevoid.c
src/rtlib/libfb_list.c
src/rtlib/libfb_listdyn.c
src/rtlib/libfb_math_fix.c
src/rtlib/libfb_math_rnd.c
src/rtlib/libfb_math_sgn.c
src/rtlib/libfb_mem_copyclear.c
src/rtlib/libfb_qb_file_open.c
src/rtlib/libfb_qb_inkey.c
src/rtlib/libfb_qb_sleep.c
src/rtlib/libfb_qb_str_convto.c
src/rtlib/libfb_qb_str_convto_flt.c
src/rtlib/libfb_qb_str_convto_lng.c
src/rtlib/libfb_signals.c
src/rtlib/libfb_str_asc.c
src/rtlib/libfb_str_assign.c
src/rtlib/libfb_str_base.c
src/rtlib/libfb_str_bin.c
src/rtlib/libfb_str_bin_lng.c
src/rtlib/libfb_str_chr.c
src/rtlib/libfb_str_comp.c
src/rtlib/libfb_str_concat.c
src/rtlib/libfb_str_concatassign.c
src/rtlib/libfb_str_convfrom.c
src/rtlib/libfb_str_convfrom_int.c
src/rtlib/libfb_str_convfrom_lng.c
src/rtlib/libfb_str_convfrom_rad.c
src/rtlib/libfb_str_convfrom_radlng.c
src/rtlib/libfb_str_convfrom_uint.c
src/rtlib/libfb_str_convfrom_ulng.c
src/rtlib/libfb_str_convto.c
src/rtlib/libfb_str_convto_flt.c
src/rtlib/libfb_str_convto_lng.c
src/rtlib/libfb_str_core.c
src/rtlib/libfb_str_cvmk.c
src/rtlib/libfb_str_del.c
src/rtlib/libfb_str_fill.c
src/rtlib/libfb_str_format.c
src/rtlib/libfb_str_ftoa.c
src/rtlib/libfb_str_hex.c
src/rtlib/libfb_str_hex_lng.c
src/rtlib/libfb_str_instr.c
src/rtlib/libfb_str_instrany.c
src/rtlib/libfb_str_instrrev.c
src/rtlib/libfb_str_instrrevany.c
src/rtlib/libfb_str_lcase.c
src/rtlib/libfb_str_left.c
src/rtlib/libfb_str_len.c
src/rtlib/libfb_str_ltrim.c
src/rtlib/libfb_str_ltrimany.c
src/rtlib/libfb_str_ltrimex.c
src/rtlib/libfb_str_mid.c
src/rtlib/libfb_str_midassign.c
src/rtlib/libfb_str_misc.c
src/rtlib/libfb_str_oct.c
src/rtlib/libfb_str_oct_lng.c
src/rtlib/libfb_str_right.c
src/rtlib/libfb_str_rtrim.c
src/rtlib/libfb_str_rtrimany.c
src/rtlib/libfb_str_rtrimex.c
src/rtlib/libfb_str_set.c
src/rtlib/libfb_str_tempdescf.c
src/rtlib/libfb_str_tempdescv.c
src/rtlib/libfb_str_tempdescz.c
src/rtlib/libfb_str_tempres.c
src/rtlib/libfb_str_trim.c
src/rtlib/libfb_str_trimany.c
src/rtlib/libfb_str_trimex.c
src/rtlib/libfb_str_ucase.c
src/rtlib/libfb_strw_alloc.c
src/rtlib/libfb_strw_asc.c
src/rtlib/libfb_strw_assign.c
src/rtlib/libfb_strw_bin.c
src/rtlib/libfb_strw_bin_lng.c
src/rtlib/libfb_strw_chr.c
src/rtlib/libfb_strw_comp.c
src/rtlib/libfb_strw_concat.c
src/rtlib/libfb_strw_concatassign.c
src/rtlib/libfb_strw_convassign.c
src/rtlib/libfb_strw_convconcat.c
src/rtlib/libfb_strw_convfrom.c
src/rtlib/libfb_strw_convfrom_int.c
src/rtlib/libfb_strw_convfrom_lng.c
src/rtlib/libfb_strw_convfrom_rad.c
src/rtlib/libfb_strw_convfrom_radlng.c
src/rtlib/libfb_strw_convfrom_str.c
src/rtlib/libfb_strw_convfrom_uint.c
src/rtlib/libfb_strw_convfrom_ulng.c
src/rtlib/libfb_strw_convto.c
src/rtlib/libfb_strw_convto_flt.c
src/rtlib/libfb_strw_convto_lng.c
src/rtlib/libfb_strw_convto_str.c
src/rtlib/libfb_strw_del.c
src/rtlib/libfb_strw_fill.c
src/rtlib/libfb_strw_ftoa.c
src/rtlib/libfb_strw_hex.c
src/rtlib/libfb_strw_hex_lng.c
src/rtlib/libfb_strw_instr.c
src/rtlib/libfb_strw_instrany.c
src/rtlib/libfb_strw_instrrev.c
src/rtlib/libfb_strw_instrrevany.c
src/rtlib/libfb_strw_lcase.c
src/rtlib/libfb_strw_left.c
src/rtlib/libfb_strw_len.c
src/rtlib/libfb_strw_ltrim.c
src/rtlib/libfb_strw_ltrimany.c
src/rtlib/libfb_strw_ltrimex.c
src/rtlib/libfb_strw_mid.c
src/rtlib/libfb_strw_midassign.c
src/rtlib/libfb_strw_oct.c
src/rtlib/libfb_strw_oct_lng.c
src/rtlib/libfb_strw_right.c
src/rtlib/libfb_strw_rtrim.c
src/rtlib/libfb_strw_rtrimany.c
src/rtlib/libfb_strw_rtrimex.c
src/rtlib/libfb_strw_set.c
src/rtlib/libfb_strw_space.c
src/rtlib/libfb_strw_trim.c
src/rtlib/libfb_strw_trimany.c
src/rtlib/libfb_strw_trimex.c
src/rtlib/libfb_strw_ucase.c
src/rtlib/libfb_swap_mem.c
src/rtlib/libfb_swap_str.c
src/rtlib/libfb_swap_wstr.c
src/rtlib/libfb_sys_beep.c
src/rtlib/libfb_sys_cdir.c
src/rtlib/libfb_sys_chain.c
src/rtlib/libfb_sys_chdir.c
src/rtlib/libfb_sys_cmd.c
src/rtlib/libfb_sys_environ.c
src/rtlib/libfb_sys_exec_core.c
src/rtlib/libfb_sys_exepath.c
src/rtlib/libfb_sys_mkdir.c
src/rtlib/libfb_sys_rmdir.c
src/rtlib/libfb_sys_run.c
src/rtlib/libfb_thread_ctx.c
src/rtlib/libfb_time_core.c
src/rtlib/libfb_time_date.c
src/rtlib/libfb_time_dateadd.c
src/rtlib/libfb_time_datediff.c
src/rtlib/libfb_time_datepart.c
src/rtlib/libfb_time_dateserial.c
src/rtlib/libfb_time_dateset.c
src/rtlib/libfb_time_datevalue.c
src/rtlib/libfb_time_decodeserdate.c
src/rtlib/libfb_time_decodesertime.c
src/rtlib/libfb_time_isdate.c
src/rtlib/libfb_time_monthname.c
src/rtlib/libfb_time_now.c
src/rtlib/libfb_time_parsedate.c
src/rtlib/libfb_time_parsedatetime.c
src/rtlib/libfb_time_parsetime.c
src/rtlib/libfb_time_sleepex.c
src/rtlib/libfb_time_time.c
src/rtlib/libfb_time_timeserial.c
src/rtlib/libfb_time_timeset.c
src/rtlib/libfb_time_timevalue.c
src/rtlib/libfb_time_week.c
src/rtlib/libfb_time_weekdayname.c
src/rtlib/libfb_utf_convfrom_char.c
src/rtlib/libfb_utf_convfrom_wchar.c
src/rtlib/libfb_utf_convto_char.c
src/rtlib/libfb_utf_convto_wchar.c
src/rtlib/libfb_utf_core.c
src/rtlib/libfb_vfs_open.c
src/rtlib/linux/fb_linux.h
src/rtlib/linux/libfb_hexit.c
src/rtlib/linux/libfb_hinit.c
src/rtlib/linux/libfb_io_mouse.c
src/rtlib/linux/libfb_io_multikey.c
src/rtlib/linux/libfb_io_serial.c
src/rtlib/linux/libfb_sys_fmem.c
src/rtlib/linux/libfb_sys_getexename.c
src/rtlib/linux/libfb_sys_getexepath.c
src/rtlib/linux/libfb_sys_ports.c
src/rtlib/netbsd/fb_netbsd.h
src/rtlib/netbsd/libfb_hexit.c
src/rtlib/netbsd/libfb_hinit.c
src/rtlib/netbsd/libfb_io_mouse.c
src/rtlib/netbsd/libfb_io_multikey.c
src/rtlib/netbsd/libfb_sys_fmem.c
src/rtlib/netbsd/libfb_sys_getexename.c
src/rtlib/netbsd/libfb_sys_getexepath.c
src/rtlib/obj/cygwin/deleteme.txt
src/rtlib/obj/cygwin/mt/deleteme.txt
src/rtlib/obj/dos/Makefile
src/rtlib/obj/dos/config.h
src/rtlib/obj/dos/config.status
src/rtlib/obj/dos/deleteme.txt
src/rtlib/obj/dos/stamp-h1
src/rtlib/obj/freebsd/deleteme.txt
src/rtlib/obj/freebsd/mt/deleteme.txt
src/rtlib/obj/linux/deleteme.txt
src/rtlib/obj/linux/mt/deleteme.txt
src/rtlib/obj/netbsd/deleteme.txt
src/rtlib/obj/netbsd/mt/deleteme.txt
src/rtlib/obj/openbsd/deleteme.txt
src/rtlib/obj/openbsd/mt/deleteme.txt
src/rtlib/obj/win32/Makefile
src/rtlib/obj/win32/config.h
src/rtlib/obj/win32/config.status
src/rtlib/obj/win32/deleteme.txt
src/rtlib/obj/win32/mt/deleteme.txt
src/rtlib/obj/win32/stamp-h1
src/rtlib/obj/xbox/deleteme.txt
src/rtlib/obj/xbox/mt/deleteme.txt
src/rtlib/openbsd/fb_openbsd.h
src/rtlib/openbsd/libfb_hexit.c
src/rtlib/openbsd/libfb_hinit.c
src/rtlib/openbsd/libfb_io_mouse.c
src/rtlib/openbsd/libfb_io_multikey.c
src/rtlib/openbsd/libfb_sys_fmem.c
src/rtlib/openbsd/libfb_sys_getexename.c
src/rtlib/openbsd/libfb_sys_getexepath.c
src/rtlib/openbsd/swprintf_hack.c
src/rtlib/static/fbrt0.c
src/rtlib/unix/fb_unix.h
src/rtlib/unix/libfb_dev_pipe_close.c
src/rtlib/unix/libfb_dev_pipe_open.c
src/rtlib/unix/libfb_drv_file_copy.c
src/rtlib/unix/libfb_drv_intl_get.c
src/rtlib/unix/libfb_drv_intl_getdateformat.c
src/rtlib/unix/libfb_drv_intl_getmonthname.c
src/rtlib/unix/libfb_drv_intl_gettimeformat.c
src/rtlib/unix/libfb_drv_intl_getweekdayname.c
src/rtlib/unix/libfb_file_dir.c
src/rtlib/unix/libfb_file_hconvpath.c
src/rtlib/unix/libfb_file_hlock.c
src/rtlib/unix/libfb_file_resetex.c
src/rtlib/unix/libfb_hdynload.c
src/rtlib/unix/libfb_hsignals.c
src/rtlib/unix/libfb_io_cls.c
src/rtlib/unix/libfb_io_color.c
src/rtlib/unix/libfb_io_getsize.c
src/rtlib/unix/libfb_io_inkey.c
src/rtlib/unix/libfb_io_isredir.c
src/rtlib/unix/libfb_io_locate.c
src/rtlib/unix/libfb_io_maxrow.c
src/rtlib/unix/libfb_io_pageset.c
src/rtlib/unix/libfb_io_pcopy.c
src/rtlib/unix/libfb_io_printbuff.c
src/rtlib/unix/libfb_io_printbuff_wstr.c
src/rtlib/unix/libfb_io_printer.c
src/rtlib/unix/libfb_io_readstr.c
src/rtlib/unix/libfb_io_scroll.c
src/rtlib/unix/libfb_io_viewupdate.c
src/rtlib/unix/libfb_io_width.c
src/rtlib/unix/libfb_io_xfocus.c
src/rtlib/unix/libfb_scancodes.c
src/rtlib/unix/libfb_sys_beep.c
src/rtlib/unix/libfb_sys_delay.c
src/rtlib/unix/libfb_sys_dylib.c
src/rtlib/unix/libfb_sys_exec.c
src/rtlib/unix/libfb_sys_getcwd.c
src/rtlib/unix/libfb_sys_getshortpath.c
src/rtlib/unix/libfb_sys_shell.c
src/rtlib/unix/libfb_thread_cond.c
src/rtlib/unix/libfb_thread_core.c
src/rtlib/unix/libfb_thread_mutex.c
src/rtlib/unix/libfb_time_setdate.c
src/rtlib/unix/libfb_time_settime.c
src/rtlib/unix/libfb_time_sleep.c
src/rtlib/unix/libfb_time_tmr.c
src/rtlib/unix/libfb_unix_hexit.c
src/rtlib/unix/libfb_unix_hinit.c
src/rtlib/win32/fb_unicode.h
src/rtlib/win32/fb_win32.h
src/rtlib/win32/libfb_alloca.s
src/rtlib/win32/libfb_dev_pipe_close.c
src/rtlib/win32/libfb_dev_pipe_open.c
src/rtlib/win32/libfb_drv_file_copy.c
src/rtlib/win32/libfb_drv_intl_get.c
src/rtlib/win32/libfb_drv_intl_getdateformat.c
src/rtlib/win32/libfb_drv_intl_getmonthname.c
src/rtlib/win32/libfb_drv_intl_gettimeformat.c
src/rtlib/win32/libfb_drv_intl_getweekdayname.c
src/rtlib/win32/libfb_file_dir.c
src/rtlib/win32/libfb_file_hconvpath.c
src/rtlib/win32/libfb_file_hlock.c
src/rtlib/win32/libfb_file_resetex.c
src/rtlib/win32/libfb_hdynload.c
src/rtlib/win32/libfb_hexit.c
src/rtlib/win32/libfb_hinit.c
src/rtlib/win32/libfb_hsignals.c
src/rtlib/win32/libfb_intl_conv_w32.c
src/rtlib/win32/libfb_intl_w32.c
src/rtlib/win32/libfb_io_cls.c
src/rtlib/win32/libfb_io_clsex.c
src/rtlib/win32/libfb_io_color.c
src/rtlib/win32/libfb_io_colorget.c
src/rtlib/win32/libfb_io_gethnd.c
src/rtlib/win32/libfb_io_getsize.c
src/rtlib/win32/libfb_io_getwindow.c
src/rtlib/win32/libfb_io_getwindowex.c
src/rtlib/win32/libfb_io_getx.c
src/rtlib/win32/libfb_io_getxy.c
src/rtlib/win32/libfb_io_gety.c
src/rtlib/win32/libfb_io_inkey.c
src/rtlib/win32/libfb_io_input.c
src/rtlib/win32/libfb_io_isredir.c
src/rtlib/win32/libfb_io_locate.c
src/rtlib/win32/libfb_io_locateex.c
src/rtlib/win32/libfb_io_maxrow.c
src/rtlib/win32/libfb_io_mouse.c
src/rtlib/win32/libfb_io_multikey.c
src/rtlib/win32/libfb_io_pageset.c
src/rtlib/win32/libfb_io_pcopy.c
src/rtlib/win32/libfb_io_printbuff.c
src/rtlib/win32/libfb_io_printbuff_wstr.c
src/rtlib/win32/libfb_io_printer.c
src/rtlib/win32/libfb_io_readstr.c
src/rtlib/win32/libfb_io_readxy.c
src/rtlib/win32/libfb_io_screensize.c
src/rtlib/win32/libfb_io_scroll.c
src/rtlib/win32/libfb_io_scrollex.c
src/rtlib/win32/libfb_io_serial.c
src/rtlib/win32/libfb_io_viewupdate.c
src/rtlib/win32/libfb_io_width.c
src/rtlib/win32/libfb_io_window.c
src/rtlib/win32/libfb_sys_dylib.c
src/rtlib/win32/libfb_sys_exec.c
src/rtlib/win32/libfb_sys_fmem.c
src/rtlib/win32/libfb_sys_getcwd.c
src/rtlib/win32/libfb_sys_getexename.c
src/rtlib/win32/libfb_sys_getexepath.c
src/rtlib/win32/libfb_sys_getshortpath.c
src/rtlib/win32/libfb_sys_ports.c
src/rtlib/win32/libfb_sys_shell.c
src/rtlib/win32/libfb_sys_sleep.c
src/rtlib/win32/libfb_thread_cond.c
src/rtlib/win32/libfb_thread_core.c
src/rtlib/win32/libfb_thread_mutex.c
src/rtlib/win32/libfb_time_setdate.c
src/rtlib/win32/libfb_time_settime.c
src/rtlib/win32/libfb_time_sleep.c
src/rtlib/win32/libfb_time_tmr.c
src/rtlib/win32/portio/Makefile.mingw
src/rtlib/win32/portio/fbportio.c
src/rtlib/win32/portio/fbportio.h
src/rtlib/win32/portio/fbportio.rc
src/rtlib/win32/portio/fbportio_ctl.c
src/rtlib/win32/portio/fbportio_driver.h
src/rtlib/win32/portio/i386/deleteme.txt
src/rtlib/win32/portio/makedriver.c
src/rtlib/win32/portio/makefile
src/rtlib/win32/portio/sources
src/rtlib/win32/portio/writedriver.c
src/rtlib/x86/fb_x86.h
src/rtlib/x86/libfb_cpudetect_x86.s
src/rtlib/xbox/README.txt
src/rtlib/xbox/fb_xbox.h
src/rtlib/xbox/libfb_alloca.s
src/rtlib/xbox/libfb_dev_pipe_close.c
src/rtlib/xbox/libfb_dev_pipe_open.c
src/rtlib/xbox/libfb_drv_file_copy.c
src/rtlib/xbox/libfb_drv_intl_get.c
src/rtlib/xbox/libfb_drv_intl_getdateformat.c
src/rtlib/xbox/libfb_drv_intl_getmonthname.c
src/rtlib/xbox/libfb_drv_intl_gettimeformat.c
src/rtlib/xbox/libfb_drv_intl_getweekdayname.c
src/rtlib/xbox/libfb_file_dir.c
src/rtlib/xbox/libfb_file_hconvpath.c
src/rtlib/xbox/libfb_file_hlock.c
src/rtlib/xbox/libfb_hexit.c
src/rtlib/xbox/libfb_hinit.c
src/rtlib/xbox/libfb_io_cls.c
src/rtlib/xbox/libfb_io_color.c
src/rtlib/xbox/libfb_io_getsize.c
src/rtlib/xbox/libfb_io_inkey.c
src/rtlib/xbox/libfb_io_isredir.c
src/rtlib/xbox/libfb_io_locate.c
src/rtlib/xbox/libfb_io_maxrow.c
src/rtlib/xbox/libfb_io_mouse.c
src/rtlib/xbox/libfb_io_multikey.c
src/rtlib/xbox/libfb_io_pageset.c
src/rtlib/xbox/libfb_io_pcopy.c
src/rtlib/xbox/libfb_io_printbuff.c
src/rtlib/xbox/libfb_io_printbuff_wstr.c
src/rtlib/xbox/libfb_io_printer.c
src/rtlib/xbox/libfb_io_readstr.c
src/rtlib/xbox/libfb_io_scroll.c
src/rtlib/xbox/libfb_io_serial.c
src/rtlib/xbox/libfb_io_viewupdate.c
src/rtlib/xbox/libfb_io_width.c
src/rtlib/xbox/libfb_sys_dylib.c
src/rtlib/xbox/libfb_sys_exec.c
src/rtlib/xbox/libfb_sys_fmem.c
src/rtlib/xbox/libfb_sys_getcwd.c
src/rtlib/xbox/libfb_sys_getexename.c
src/rtlib/xbox/libfb_sys_getexepath.c
src/rtlib/xbox/libfb_sys_getshortpath.c
src/rtlib/xbox/libfb_sys_shell.c
src/rtlib/xbox/libfb_sys_sleep.c
src/rtlib/xbox/libfb_thread_cond.c
src/rtlib/xbox/libfb_thread_core.c
src/rtlib/xbox/libfb_thread_mutex.c
src/rtlib/xbox/libfb_time_setdate.c
src/rtlib/xbox/libfb_time_settime.c
src/rtlib/xbox/libfb_time_sleep.c
src/rtlib/xbox/libfb_time_tmr.c
