#define
#else
#elseif
#endif
#endmacro
#error
#if
#ifdef
#ifndef
#inclib
#include
#libpath
#line
#macro
#pragma
#print
#undef
$Dynamic
$Static
ASSERT
ASSERTWARN
Abs
Access
Acos
Alias
Allocate
Alpha
And
Any
Append
As
Asc
Asin
Asm
Atan2
Atn
BIT
BITRESET
BITSET
Base
Beep
Bin
Binary
Bload
Bsave
Byref
Byte
Byval
Byval
Call
Callocate
Calls
Case
Cast
Cbyte
Cdbl
Cdecl
Chain
Chdir
Chr
Cint
Circle
Clear
Clng
Clngint
Close
Cls
Color
Com
Command
Common
Condbroadcast
Condcreate
Conddestroy
Condsignal
Condwait
Cons
Const
Constructor
Continue
Cos
Cptr
Cshort
Csign
Csng
Csrlin
Cubyte
Cuint
Culngint
Cunsg
Curdir
Cushort
Custom
Cvd
Cvi
Cvl
Cvlongint
Cvs
Cvshort
Data
Date
Dateadd
Datediff
Datepart
Dateserial
Datevalue
Day
Deallocate
Declare
Defbyte
Defdbl
Defined
Defint
Deflng
Deflngint
Defshort
Defsng
Defstr
Defubyte
Defuint
Defulngint
Defushort
Destructor
Dim
Dir
Do
Double
Draw
Draw String
Dylibfree
Dylibload
Dylibsymbol
Else
Elseif
Encoding
End
End If
Enum
Environ
Eof
Eqv
Erase
Erfn
Erl
Ermn
Err
Err
Error
Error
Escape
Exec
Exepath
Exit
Exp
Explicit
Export
Extern
Field
Fileattr
Filecopy
Filedatetime
Fileexists
Filelen
Fix
Flip
For
For
Format
Fre
Freefile
Function
Get
Getjoystick
Getkey
Getmouse
Gosub
Goto
HIBYTE
HIWORD
Hex
Hour
If
Iif
Imagecreate
Imagedestroy
Imp
Import
Inkey
Inp
Input
Input #
Input()
Instr
Int
Integer
Is
Isdate
Kill
LOBYTE
LOWORD
Lbound
Lcase
Left
Len
Let
Lib
Line
Line Input
Line Input #
Loc
Local
Locate
Lock
Lof
Log
Long
Longint
Loop
Lprint
Lpt
Lset
Ltrim
Mid
Minute
Mkd
Mkdir
Mki
Mkl
Mklongint
Mks
Mkshort
Mod
Month
Monthname
Multikey
Mutexcreate
Mutexdestroy
Mutexlock
Mutexunlock
Name
Namespace
Next
Nokeyword
Not
Now
Oct
Offsetof
On
Open
Open Com
Open Cons
Open Err
Open Lpt
Open Pipe
Open Scrn
Option
Option Base
Option Byval
Option Escape
Option Explicit
Option Nokeyword
Option Private
Or

Out
Output
Overload
Paint
Palette
Pascal
Pcopy
Peek
Peeki
Peeks
Pipe
Pmap
Point
Pointer
Poke
Pokei
Pokes
Pos
Preserve
Preset
Print
Print #
Print Using
Private
Private
Procptr
Pset
Ptr
Public
Put
RGB
RGBA
Random
Randomize
Read
Reallocate
Redim
Rem
Reset
Restore
Resume
Resume Next
Return
Right
Rmdir
Rnd
Rset
Rtrim
Run
Sadd
Scope
Screen
Screencopy
Screeninfo
Screenlist
Screenlock
Screenptr
Screenres
Screenset
Screensync
Screenunlock
Scrn
Second
Seek
Select
Select Case
Setdate
Setenviron
Setmouse
Settime
Sgn
Shared
Shell
Shl
Short
Shr
Sin
Single
Sizeof
Sleep
Space
Spc
Sqr
Static
Stdcall
Step
Stop
Str
String
Strptr
Sub
Swap
System
Tab
Tan
Then
Threadcreate
Threadwait
Time
Timer
Timeserial
Timevalue
To
Trans
Trim
Type
Ubound
Ubyte
Ucase
Uinteger
Ulongint
Union
Unlock
Unsigned
Until
Ushort
Using
Va_Arg
Va_First
Va_Next
Val
Valint
Vallng
Valuint
Valulng
Varptr
View
View Print
Wait
Wbin
Wchr
Weekday
Weekdayname
Wend
Whex
While
Width
Window
Windowtitle
Winput
With
Woct
Write
Wspace
Wstr
Wstring
Wstring
Xor
Year
Zstring
__DATE__
__FB_BIGENDIAN__
__FB_DEBUG__
__FB_DOS__
__FB_ERR__
__FB_LANG__
__FB_LINUX__
__FB_MAIN__
__FB_MIN_VERSION__
__FB_MT__
__FB_OPTION_BYVAL__
__FB_OPTION_DYNAMIC__
__FB_OPTION_ESCAPE__
__FB_OPTION_EXPLICIT__
__FB_OPTION_PRIVATE__
__FB_OUT_DLL__
__FB_OUT_EXE__
__FB_OUT_LIB__
__FB_OUT_OBJ__
__FB_SIGNATURE__
__FB_VERSION__
__FB_VER_MAJOR__
__FB_VER_MINOR__
__FB_VER_PATCH__
__FB_WIN32__
__FILE__
__FUNCTION__
__LINE__
__TIME__
__PATH__
